2018-10-16 10:08:42.218 [main] INFO  com.billyang.App29 - Starting App29 on hs1 with PID 5868 (E:\mywork\myjavaspace\code\springcloud\29-rabbitmq-topic-consumer\target\classes started by yangcan14944 in E:\mywork\myjavaspace\code\springcloud\29-rabbitmq-topic-consumer)
2018-10-16 10:08:42.229 [main] INFO  com.billyang.App29 - No active profile set, falling back to default profiles: default
2018-10-16 10:08:42.459 [main] INFO  o.s.b.w.s.c.AnnotationConfigServletWebServerApplicationContext - Refreshing org.springframework.boot.web.servlet.context.AnnotationConfigServletWebServerApplicationContext@5c909414: startup date [Tue Oct 16 10:08:42 GMT+08:00 2018]; root of context hierarchy
2018-10-16 10:08:45.258 [main] INFO  o.s.c.s.PostProcessorRegistrationDelegate$BeanPostProcessorChecker - Bean 'org.springframework.amqp.rabbit.annotation.RabbitBootstrapConfiguration' of type [org.springframework.amqp.rabbit.annotation.RabbitBootstrapConfiguration$$EnhancerBySpringCGLIB$$1d1104c6] is not eligible for getting processed by all BeanPostProcessors (for example: not eligible for auto-proxying)
2018-10-16 10:08:46.929 [main] INFO  o.s.boot.web.embedded.tomcat.TomcatWebServer - Tomcat initialized with port(s): 8080 (http)
2018-10-16 10:08:47.003 [main] INFO  org.apache.coyote.http11.Http11NioProtocol - Initializing ProtocolHandler ["http-nio-8080"]
2018-10-16 10:08:47.029 [main] INFO  org.apache.catalina.core.StandardService - Starting service [Tomcat]
2018-10-16 10:08:47.029 [main] INFO  org.apache.catalina.core.StandardEngine - Starting Servlet Engine: Apache Tomcat/8.5.32
2018-10-16 10:08:47.059 [localhost-startStop-1] INFO  org.apache.catalina.core.AprLifecycleListener - The APR based Apache Tomcat Native library which allows optimal performance in production environments was not found on the java.library.path: [F:\jdk1.8\bin;C:\WINDOWS\Sun\Java\bin;C:\WINDOWS\system32;C:\WINDOWS;C:\Program Files (x86)\Common Files\NetSarang;C:\Program Files (x86)\IBM\WebSphere MQ\java\lib;C:\Program Files (x86)\IBM\WebSphere MQ\java\lib64;D:\database\oracle\product\11.2.0\dbhome_1\bin;C:\WINDOWS\system32;C:\WINDOWS;C:\WINDOWS\System32\Wbem;C:\WINDOWS\System32\WindowsPowerShell\v1.0\;F:\jdk1.8\bin;F:\jdk1.8\jre\bin;F:\eclipse\dropins\apache-ant-1.8.1\bin;D:\Program Files (x86)\Android\android-sdk\tools;D:\Program Files (x86)\maven\apache-maven-3.0.3\bin;D:\Program Files (x86)\Android\adt-bundle-windows-x86_64-20130917\sdk\platform-tools;D:\Program Files (x86)\Android\adt-bundle-windows-x86_64-20130917\sdk\tools;C:\Program Files (x86)\IBM\WebSphere MQ\bin64;C:\Program Files (x86)\IBM\WebSphere MQ\bin;C:\Program Files (x86)\IBM\WebSphere MQ\tools\c\samples\bin;D:\Program Files (x86)\cygwin;F:\恒生\开发工具\web服务监控\soapui-4.5.2\bin;D:\PROGRA;2\IBM\SQLLIB\BIN;D:\PROGRA~2\IBM\SQLLIB\FUNCTION;D:\PROGRA~2\IBM\SQLLIB\SAMPLES\REPL;C:\Program Files\TortoiseSVN\bin;D:\Program Files (x86)\cxf\apache-cxf-2.6.16\bin;D:\mongo\mongodb-win32-x86_64-3.0.6\bin;D:\mongo\客户端;D:;redis;D:\Program Files\RabbitMQ Server\rabbitmq_server-3.6.2\sbin;D:\zookeeper\zookeeper-3.4.8;D:\thrift;D:\Program Files\Git\cmd;D:\Program Files\nodejs\;D:\Program Files\MySQL\mysql-5.7.22-winx64\bin;C:\WINDOWS\System32\OpenSSH\;C:\Users\Administrator.WINDOWS-2BBUIOA\AppData\Local\Microsoft\WindowsApps;C:\Users\Administrator.WINDOWS-2BBUIOA\AppData\Roaming\npm;D:\Program Files\MySQL\MySQL Server 5.5\bin;C:\ProgramData\yangcan14944\GitHubDesktop\bin;F:\eclipse\dropins\apache-ant-1.8.1\bin;%USERPROFILE%\AppData\Local\Microsoft\WindowsApps;;.]
2018-10-16 10:08:47.519 [localhost-startStop-1] INFO  o.a.c.core.ContainerBase.[Tomcat].[localhost].[/] - Initializing Spring embedded WebApplicationContext
2018-10-16 10:08:47.519 [localhost-startStop-1] INFO  org.springframework.web.context.ContextLoader - Root WebApplicationContext: initialization completed in 5070 ms
2018-10-16 10:08:47.769 [localhost-startStop-1] INFO  o.s.boot.web.servlet.ServletRegistrationBean - Servlet dispatcherServlet mapped to [/]
2018-10-16 10:08:47.772 [localhost-startStop-1] INFO  o.s.boot.web.servlet.FilterRegistrationBean - Mapping filter: 'characterEncodingFilter' to: [/*]
2018-10-16 10:08:47.772 [localhost-startStop-1] INFO  o.s.boot.web.servlet.FilterRegistrationBean - Mapping filter: 'hiddenHttpMethodFilter' to: [/*]
2018-10-16 10:08:47.772 [localhost-startStop-1] INFO  o.s.boot.web.servlet.FilterRegistrationBean - Mapping filter: 'httpPutFormContentFilter' to: [/*]
2018-10-16 10:08:47.772 [localhost-startStop-1] INFO  o.s.boot.web.servlet.FilterRegistrationBean - Mapping filter: 'requestContextFilter' to: [/*]
2018-10-16 10:08:47.919 [main] WARN  o.s.b.w.s.c.AnnotationConfigServletWebServerApplicationContext - Exception encountered during context initialization - cancelling refresh attempt: org.springframework.beans.factory.BeanCreationException: Error creating bean with name 'errorReceiver' defined in file [E:\mywork\myjavaspace\code\springcloud\29-rabbitmq-topic-consumer\target\classes\com\billyang\ErrorReceiver.class]: Initialization of bean failed; nested exception is java.lang.IllegalArgumentException: Could not resolve placeholder '*.log.error' in value "${*.log.error}"
2018-10-16 10:08:47.923 [main] INFO  org.apache.catalina.core.StandardService - Stopping service [Tomcat]
2018-10-16 10:08:48.010 [main] INFO  o.s.b.a.l.ConditionEvaluationReportLoggingListener - 

Error starting ApplicationContext. To display the conditions report re-run your application with 'debug' enabled.
2018-10-16 10:08:48.028 [main] ERROR org.springframework.boot.SpringApplication - Application run failed
org.springframework.beans.factory.BeanCreationException: Error creating bean with name 'errorReceiver' defined in file [E:\mywork\myjavaspace\code\springcloud\29-rabbitmq-topic-consumer\target\classes\com\billyang\ErrorReceiver.class]: Initialization of bean failed; nested exception is java.lang.IllegalArgumentException: Could not resolve placeholder '*.log.error' in value "${*.log.error}"
	at org.springframework.beans.factory.support.AbstractAutowireCapableBeanFactory.doCreateBean(AbstractAutowireCapableBeanFactory.java:581)
	at org.springframework.beans.factory.support.AbstractAutowireCapableBeanFactory.createBean(AbstractAutowireCapableBeanFactory.java:495)
	at org.springframework.beans.factory.support.AbstractBeanFactory.lambda$doGetBean$0(AbstractBeanFactory.java:317)
	at org.springframework.beans.factory.support.AbstractBeanFactory$$Lambda$95/2063763486.getObject(Unknown Source)
	at org.springframework.beans.factory.support.DefaultSingletonBeanRegistry.getSingleton(DefaultSingletonBeanRegistry.java:222)
	at org.springframework.beans.factory.support.AbstractBeanFactory.doGetBean(AbstractBeanFactory.java:315)
	at org.springframework.beans.factory.support.AbstractBeanFactory.getBean(AbstractBeanFactory.java:199)
	at org.springframework.beans.factory.support.DefaultListableBeanFactory.preInstantiateSingletons(DefaultListableBeanFactory.java:759)
	at org.springframework.context.support.AbstractApplicationContext.finishBeanFactoryInitialization(AbstractApplicationContext.java:869)
	at org.springframework.context.support.AbstractApplicationContext.refresh(AbstractApplicationContext.java:550)
	at org.springframework.boot.web.servlet.context.ServletWebServerApplicationContext.refresh(ServletWebServerApplicationContext.java:140)
	at org.springframework.boot.SpringApplication.refresh(SpringApplication.java:762)
	at org.springframework.boot.SpringApplication.refreshContext(SpringApplication.java:398)
	at org.springframework.boot.SpringApplication.run(SpringApplication.java:330)
	at org.springframework.boot.SpringApplication.run(SpringApplication.java:1258)
	at org.springframework.boot.SpringApplication.run(SpringApplication.java:1246)
	at com.billyang.App29.main(App29.java:24)
Caused by: java.lang.IllegalArgumentException: Could not resolve placeholder '*.log.error' in value "${*.log.error}"
	at org.springframework.util.PropertyPlaceholderHelper.parseStringValue(PropertyPlaceholderHelper.java:172)
	at org.springframework.util.PropertyPlaceholderHelper.replacePlaceholders(PropertyPlaceholderHelper.java:124)
	at org.springframework.core.env.AbstractPropertyResolver.doResolvePlaceholders(AbstractPropertyResolver.java:237)
	at org.springframework.core.env.AbstractPropertyResolver.resolveRequiredPlaceholders(AbstractPropertyResolver.java:211)
	at org.springframework.context.support.PropertySourcesPlaceholderConfigurer.lambda$processProperties$0(PropertySourcesPlaceholderConfigurer.java:175)
	at org.springframework.context.support.PropertySourcesPlaceholderConfigurer$$Lambda$161/350069300.resolveStringValue(Unknown Source)
	at org.springframework.beans.factory.support.AbstractBeanFactory.resolveEmbeddedValue(AbstractBeanFactory.java:839)
	at org.springframework.amqp.rabbit.annotation.RabbitListenerAnnotationBeanPostProcessor.resolve(RabbitListenerAnnotationBeanPostProcessor.java:748)
	at org.springframework.amqp.rabbit.annotation.RabbitListenerAnnotationBeanPostProcessor.resolveExpression(RabbitListenerAnnotationBeanPostProcessor.java:735)
	at org.springframework.amqp.rabbit.annotation.RabbitListenerAnnotationBeanPostProcessor.resolveExpressionAsString(RabbitListenerAnnotationBeanPostProcessor.java:707)
	at org.springframework.amqp.rabbit.annotation.RabbitListenerAnnotationBeanPostProcessor.declareExchangeAndBinding(RabbitListenerAnnotationBeanPostProcessor.java:605)
	at org.springframework.amqp.rabbit.annotation.RabbitListenerAnnotationBeanPostProcessor.registerBeansForDeclaration(RabbitListenerAnnotationBeanPostProcessor.java:537)
	at org.springframework.amqp.rabbit.annotation.RabbitListenerAnnotationBeanPostProcessor.resolveQueues(RabbitListenerAnnotationBeanPostProcessor.java:502)
	at org.springframework.amqp.rabbit.annotation.RabbitListenerAnnotationBeanPostProcessor.processListener(RabbitListenerAnnotationBeanPostProcessor.java:406)
	at org.springframework.amqp.rabbit.annotation.RabbitListenerAnnotationBeanPostProcessor.processMultiMethodListeners(RabbitListenerAnnotationBeanPostProcessor.java:359)
	at org.springframework.amqp.rabbit.annotation.RabbitListenerAnnotationBeanPostProcessor.postProcessAfterInitialization(RabbitListenerAnnotationBeanPostProcessor.java:278)
	at org.springframework.beans.factory.support.AbstractAutowireCapableBeanFactory.applyBeanPostProcessorsAfterInitialization(AbstractAutowireCapableBeanFactory.java:431)
	at org.springframework.beans.factory.support.AbstractAutowireCapableBeanFactory.initializeBean(AbstractAutowireCapableBeanFactory.java:1703)
	at org.springframework.beans.factory.support.AbstractAutowireCapableBeanFactory.doCreateBean(AbstractAutowireCapableBeanFactory.java:573)
	... 16 common frames omitted
2018-10-16 10:10:04.007 [main] INFO  com.billyang.App29 - Starting App29 on hs1 with PID 2860 (E:\mywork\myjavaspace\code\springcloud\29-rabbitmq-topic-consumer\target\classes started by yangcan14944 in E:\mywork\myjavaspace\code\springcloud\29-rabbitmq-topic-consumer)
2018-10-16 10:10:04.014 [main] INFO  com.billyang.App29 - No active profile set, falling back to default profiles: default
2018-10-16 10:10:04.114 [main] INFO  o.s.b.w.s.c.AnnotationConfigServletWebServerApplicationContext - Refreshing org.springframework.boot.web.servlet.context.AnnotationConfigServletWebServerApplicationContext@5e316c74: startup date [Tue Oct 16 10:10:04 GMT+08:00 2018]; root of context hierarchy
2018-10-16 10:10:05.786 [main] INFO  o.s.c.s.PostProcessorRegistrationDelegate$BeanPostProcessorChecker - Bean 'org.springframework.amqp.rabbit.annotation.RabbitBootstrapConfiguration' of type [org.springframework.amqp.rabbit.annotation.RabbitBootstrapConfiguration$$EnhancerBySpringCGLIB$$ced58406] is not eligible for getting processed by all BeanPostProcessors (for example: not eligible for auto-proxying)
2018-10-16 10:10:07.069 [main] INFO  o.s.boot.web.embedded.tomcat.TomcatWebServer - Tomcat initialized with port(s): 8080 (http)
2018-10-16 10:10:07.091 [main] INFO  org.apache.coyote.http11.Http11NioProtocol - Initializing ProtocolHandler ["http-nio-8080"]
2018-10-16 10:10:07.106 [main] INFO  org.apache.catalina.core.StandardService - Starting service [Tomcat]
2018-10-16 10:10:07.106 [main] INFO  org.apache.catalina.core.StandardEngine - Starting Servlet Engine: Apache Tomcat/8.5.32
2018-10-16 10:10:07.122 [localhost-startStop-1] INFO  org.apache.catalina.core.AprLifecycleListener - The APR based Apache Tomcat Native library which allows optimal performance in production environments was not found on the java.library.path: [F:\jdk1.8\bin;C:\WINDOWS\Sun\Java\bin;C:\WINDOWS\system32;C:\WINDOWS;C:\Program Files (x86)\Common Files\NetSarang;C:\Program Files (x86)\IBM\WebSphere MQ\java\lib;C:\Program Files (x86)\IBM\WebSphere MQ\java\lib64;D:\database\oracle\product\11.2.0\dbhome_1\bin;C:\WINDOWS\system32;C:\WINDOWS;C:\WINDOWS\System32\Wbem;C:\WINDOWS\System32\WindowsPowerShell\v1.0\;F:\jdk1.8\bin;F:\jdk1.8\jre\bin;F:\eclipse\dropins\apache-ant-1.8.1\bin;D:\Program Files (x86)\Android\android-sdk\tools;D:\Program Files (x86)\maven\apache-maven-3.0.3\bin;D:\Program Files (x86)\Android\adt-bundle-windows-x86_64-20130917\sdk\platform-tools;D:\Program Files (x86)\Android\adt-bundle-windows-x86_64-20130917\sdk\tools;C:\Program Files (x86)\IBM\WebSphere MQ\bin64;C:\Program Files (x86)\IBM\WebSphere MQ\bin;C:\Program Files (x86)\IBM\WebSphere MQ\tools\c\samples\bin;D:\Program Files (x86)\cygwin;F:\恒生\开发工具\web服务监控\soapui-4.5.2\bin;D:\PROGRA;2\IBM\SQLLIB\BIN;D:\PROGRA~2\IBM\SQLLIB\FUNCTION;D:\PROGRA~2\IBM\SQLLIB\SAMPLES\REPL;C:\Program Files\TortoiseSVN\bin;D:\Program Files (x86)\cxf\apache-cxf-2.6.16\bin;D:\mongo\mongodb-win32-x86_64-3.0.6\bin;D:\mongo\客户端;D:;redis;D:\Program Files\RabbitMQ Server\rabbitmq_server-3.6.2\sbin;D:\zookeeper\zookeeper-3.4.8;D:\thrift;D:\Program Files\Git\cmd;D:\Program Files\nodejs\;D:\Program Files\MySQL\mysql-5.7.22-winx64\bin;C:\WINDOWS\System32\OpenSSH\;C:\Users\Administrator.WINDOWS-2BBUIOA\AppData\Local\Microsoft\WindowsApps;C:\Users\Administrator.WINDOWS-2BBUIOA\AppData\Roaming\npm;D:\Program Files\MySQL\MySQL Server 5.5\bin;C:\ProgramData\yangcan14944\GitHubDesktop\bin;F:\eclipse\dropins\apache-ant-1.8.1\bin;%USERPROFILE%\AppData\Local\Microsoft\WindowsApps;;.]
2018-10-16 10:10:07.307 [localhost-startStop-1] INFO  o.a.c.core.ContainerBase.[Tomcat].[localhost].[/] - Initializing Spring embedded WebApplicationContext
2018-10-16 10:10:07.307 [localhost-startStop-1] INFO  org.springframework.web.context.ContextLoader - Root WebApplicationContext: initialization completed in 3193 ms
2018-10-16 10:10:07.439 [localhost-startStop-1] INFO  o.s.boot.web.servlet.ServletRegistrationBean - Servlet dispatcherServlet mapped to [/]
2018-10-16 10:10:07.439 [localhost-startStop-1] INFO  o.s.boot.web.servlet.FilterRegistrationBean - Mapping filter: 'characterEncodingFilter' to: [/*]
2018-10-16 10:10:07.439 [localhost-startStop-1] INFO  o.s.boot.web.servlet.FilterRegistrationBean - Mapping filter: 'hiddenHttpMethodFilter' to: [/*]
2018-10-16 10:10:07.439 [localhost-startStop-1] INFO  o.s.boot.web.servlet.FilterRegistrationBean - Mapping filter: 'httpPutFormContentFilter' to: [/*]
2018-10-16 10:10:07.439 [localhost-startStop-1] INFO  o.s.boot.web.servlet.FilterRegistrationBean - Mapping filter: 'requestContextFilter' to: [/*]
2018-10-16 10:10:07.771 [main] INFO  o.s.web.servlet.handler.SimpleUrlHandlerMapping - Mapped URL path [/**/favicon.ico] onto handler of type [class org.springframework.web.servlet.resource.ResourceHttpRequestHandler]
2018-10-16 10:10:08.188 [main] INFO  o.s.w.s.m.m.a.RequestMappingHandlerAdapter - Looking for @ControllerAdvice: org.springframework.boot.web.servlet.context.AnnotationConfigServletWebServerApplicationContext@5e316c74: startup date [Tue Oct 16 10:10:04 GMT+08:00 2018]; root of context hierarchy
2018-10-16 10:10:08.419 [main] INFO  o.s.w.s.m.m.a.RequestMappingHandlerMapping - Mapped "{[/error]}" onto public org.springframework.http.ResponseEntity<java.util.Map<java.lang.String, java.lang.Object>> org.springframework.boot.autoconfigure.web.servlet.error.BasicErrorController.error(javax.servlet.http.HttpServletRequest)
2018-10-16 10:10:08.427 [main] INFO  o.s.w.s.m.m.a.RequestMappingHandlerMapping - Mapped "{[/error],produces=[text/html]}" onto public org.springframework.web.servlet.ModelAndView org.springframework.boot.autoconfigure.web.servlet.error.BasicErrorController.errorHtml(javax.servlet.http.HttpServletRequest,javax.servlet.http.HttpServletResponse)
2018-10-16 10:10:08.480 [main] INFO  o.s.web.servlet.handler.SimpleUrlHandlerMapping - Mapped URL path [/webjars/**] onto handler of type [class org.springframework.web.servlet.resource.ResourceHttpRequestHandler]
2018-10-16 10:10:08.480 [main] INFO  o.s.web.servlet.handler.SimpleUrlHandlerMapping - Mapped URL path [/**] onto handler of type [class org.springframework.web.servlet.resource.ResourceHttpRequestHandler]
2018-10-16 10:10:09.383 [main] INFO  o.s.jmx.export.annotation.AnnotationMBeanExporter - Registering beans for JMX exposure on startup
2018-10-16 10:10:09.399 [main] INFO  o.s.jmx.export.annotation.AnnotationMBeanExporter - Bean with name 'rabbitConnectionFactory' has been autodetected for JMX exposure
2018-10-16 10:10:09.406 [main] INFO  o.s.jmx.export.annotation.AnnotationMBeanExporter - Located managed bean 'rabbitConnectionFactory': registering with JMX server as MBean [org.springframework.amqp.rabbit.connection:name=rabbitConnectionFactory,type=CachingConnectionFactory]
2018-10-16 10:10:09.587 [main] INFO  o.s.context.support.DefaultLifecycleProcessor - Starting beans in phase 2147483647
2018-10-16 10:10:09.597 [SimpleAsyncTaskExecutor-1] INFO  o.s.a.rabbit.connection.CachingConnectionFactory - Attempting to connect to: [localhost:5672]
2018-10-16 10:10:09.819 [SimpleAsyncTaskExecutor-1] INFO  o.s.a.rabbit.connection.CachingConnectionFactory - Created new connection: rabbitConnectionFactory#4351171a:0/SimpleConnection@42ac0077 [delegate=amqp://root@127.0.0.1:5672/, localPort= 57128]
2018-10-16 10:10:10.323 [main] INFO  org.apache.coyote.http11.Http11NioProtocol - Starting ProtocolHandler ["http-nio-8080"]
2018-10-16 10:10:10.464 [main] INFO  org.apache.tomcat.util.net.NioSelectorPool - Using a shared selector for servlet write/read
2018-10-16 10:10:10.525 [main] INFO  o.s.boot.web.embedded.tomcat.TomcatWebServer - Tomcat started on port(s): 8080 (http) with context path ''
2018-10-16 10:10:10.525 [main] INFO  com.billyang.App29 - Started App29 in 6.993 seconds (JVM running for 7.893)
2018-10-16 10:11:37.292 [main] INFO  com.billyang.App29 - Starting App29 on hs1 with PID 5236 (E:\mywork\myjavaspace\code\springcloud\29-rabbitmq-topic-consumer\target\classes started by yangcan14944 in E:\mywork\myjavaspace\code\springcloud\29-rabbitmq-topic-consumer)
2018-10-16 10:11:37.307 [main] INFO  com.billyang.App29 - No active profile set, falling back to default profiles: default
2018-10-16 10:11:37.430 [main] INFO  o.s.b.w.s.c.AnnotationConfigServletWebServerApplicationContext - Refreshing org.springframework.boot.web.servlet.context.AnnotationConfigServletWebServerApplicationContext@7adda9cc: startup date [Tue Oct 16 10:11:37 GMT+08:00 2018]; root of context hierarchy
2018-10-16 10:11:39.005 [main] INFO  o.s.c.s.PostProcessorRegistrationDelegate$BeanPostProcessorChecker - Bean 'org.springframework.amqp.rabbit.annotation.RabbitBootstrapConfiguration' of type [org.springframework.amqp.rabbit.annotation.RabbitBootstrapConfiguration$$EnhancerBySpringCGLIB$$51bd44db] is not eligible for getting processed by all BeanPostProcessors (for example: not eligible for auto-proxying)
2018-10-16 10:11:40.072 [main] INFO  o.s.boot.web.embedded.tomcat.TomcatWebServer - Tomcat initialized with port(s): 8080 (http)
2018-10-16 10:11:40.102 [main] INFO  org.apache.coyote.http11.Http11NioProtocol - Initializing ProtocolHandler ["http-nio-8080"]
2018-10-16 10:11:40.122 [main] INFO  org.apache.catalina.core.StandardService - Starting service [Tomcat]
2018-10-16 10:11:40.122 [main] INFO  org.apache.catalina.core.StandardEngine - Starting Servlet Engine: Apache Tomcat/8.5.32
2018-10-16 10:11:40.130 [localhost-startStop-1] INFO  org.apache.catalina.core.AprLifecycleListener - The APR based Apache Tomcat Native library which allows optimal performance in production environments was not found on the java.library.path: [F:\jdk1.8\bin;C:\WINDOWS\Sun\Java\bin;C:\WINDOWS\system32;C:\WINDOWS;C:\Program Files (x86)\Common Files\NetSarang;C:\Program Files (x86)\IBM\WebSphere MQ\java\lib;C:\Program Files (x86)\IBM\WebSphere MQ\java\lib64;D:\database\oracle\product\11.2.0\dbhome_1\bin;C:\WINDOWS\system32;C:\WINDOWS;C:\WINDOWS\System32\Wbem;C:\WINDOWS\System32\WindowsPowerShell\v1.0\;F:\jdk1.8\bin;F:\jdk1.8\jre\bin;F:\eclipse\dropins\apache-ant-1.8.1\bin;D:\Program Files (x86)\Android\android-sdk\tools;D:\Program Files (x86)\maven\apache-maven-3.0.3\bin;D:\Program Files (x86)\Android\adt-bundle-windows-x86_64-20130917\sdk\platform-tools;D:\Program Files (x86)\Android\adt-bundle-windows-x86_64-20130917\sdk\tools;C:\Program Files (x86)\IBM\WebSphere MQ\bin64;C:\Program Files (x86)\IBM\WebSphere MQ\bin;C:\Program Files (x86)\IBM\WebSphere MQ\tools\c\samples\bin;D:\Program Files (x86)\cygwin;F:\恒生\开发工具\web服务监控\soapui-4.5.2\bin;D:\PROGRA;2\IBM\SQLLIB\BIN;D:\PROGRA~2\IBM\SQLLIB\FUNCTION;D:\PROGRA~2\IBM\SQLLIB\SAMPLES\REPL;C:\Program Files\TortoiseSVN\bin;D:\Program Files (x86)\cxf\apache-cxf-2.6.16\bin;D:\mongo\mongodb-win32-x86_64-3.0.6\bin;D:\mongo\客户端;D:;redis;D:\Program Files\RabbitMQ Server\rabbitmq_server-3.6.2\sbin;D:\zookeeper\zookeeper-3.4.8;D:\thrift;D:\Program Files\Git\cmd;D:\Program Files\nodejs\;D:\Program Files\MySQL\mysql-5.7.22-winx64\bin;C:\WINDOWS\System32\OpenSSH\;C:\Users\Administrator.WINDOWS-2BBUIOA\AppData\Local\Microsoft\WindowsApps;C:\Users\Administrator.WINDOWS-2BBUIOA\AppData\Roaming\npm;D:\Program Files\MySQL\MySQL Server 5.5\bin;C:\ProgramData\yangcan14944\GitHubDesktop\bin;F:\eclipse\dropins\apache-ant-1.8.1\bin;%USERPROFILE%\AppData\Local\Microsoft\WindowsApps;;.]
2018-10-16 10:11:40.334 [localhost-startStop-1] INFO  o.a.c.core.ContainerBase.[Tomcat].[localhost].[/] - Initializing Spring embedded WebApplicationContext
2018-10-16 10:11:40.334 [localhost-startStop-1] INFO  org.springframework.web.context.ContextLoader - Root WebApplicationContext: initialization completed in 2904 ms
2018-10-16 10:11:40.463 [localhost-startStop-1] INFO  o.s.boot.web.servlet.ServletRegistrationBean - Servlet dispatcherServlet mapped to [/]
2018-10-16 10:11:40.463 [localhost-startStop-1] INFO  o.s.boot.web.servlet.FilterRegistrationBean - Mapping filter: 'characterEncodingFilter' to: [/*]
2018-10-16 10:11:40.478 [localhost-startStop-1] INFO  o.s.boot.web.servlet.FilterRegistrationBean - Mapping filter: 'hiddenHttpMethodFilter' to: [/*]
2018-10-16 10:11:40.478 [localhost-startStop-1] INFO  o.s.boot.web.servlet.FilterRegistrationBean - Mapping filter: 'httpPutFormContentFilter' to: [/*]
2018-10-16 10:11:40.478 [localhost-startStop-1] INFO  o.s.boot.web.servlet.FilterRegistrationBean - Mapping filter: 'requestContextFilter' to: [/*]
2018-10-16 10:11:40.710 [main] INFO  o.s.web.servlet.handler.SimpleUrlHandlerMapping - Mapped URL path [/**/favicon.ico] onto handler of type [class org.springframework.web.servlet.resource.ResourceHttpRequestHandler]
2018-10-16 10:11:41.011 [main] INFO  o.s.w.s.m.m.a.RequestMappingHandlerAdapter - Looking for @ControllerAdvice: org.springframework.boot.web.servlet.context.AnnotationConfigServletWebServerApplicationContext@7adda9cc: startup date [Tue Oct 16 10:11:37 GMT+08:00 2018]; root of context hierarchy
2018-10-16 10:11:41.127 [main] INFO  o.s.w.s.m.m.a.RequestMappingHandlerMapping - Mapped "{[/error]}" onto public org.springframework.http.ResponseEntity<java.util.Map<java.lang.String, java.lang.Object>> org.springframework.boot.autoconfigure.web.servlet.error.BasicErrorController.error(javax.servlet.http.HttpServletRequest)
2018-10-16 10:11:41.142 [main] INFO  o.s.w.s.m.m.a.RequestMappingHandlerMapping - Mapped "{[/error],produces=[text/html]}" onto public org.springframework.web.servlet.ModelAndView org.springframework.boot.autoconfigure.web.servlet.error.BasicErrorController.errorHtml(javax.servlet.http.HttpServletRequest,javax.servlet.http.HttpServletResponse)
2018-10-16 10:11:41.180 [main] INFO  o.s.web.servlet.handler.SimpleUrlHandlerMapping - Mapped URL path [/webjars/**] onto handler of type [class org.springframework.web.servlet.resource.ResourceHttpRequestHandler]
2018-10-16 10:11:41.180 [main] INFO  o.s.web.servlet.handler.SimpleUrlHandlerMapping - Mapped URL path [/**] onto handler of type [class org.springframework.web.servlet.resource.ResourceHttpRequestHandler]
2018-10-16 10:11:41.820 [main] INFO  o.s.jmx.export.annotation.AnnotationMBeanExporter - Registering beans for JMX exposure on startup
2018-10-16 10:11:41.835 [main] INFO  o.s.jmx.export.annotation.AnnotationMBeanExporter - Bean with name 'rabbitConnectionFactory' has been autodetected for JMX exposure
2018-10-16 10:11:41.851 [main] INFO  o.s.jmx.export.annotation.AnnotationMBeanExporter - Located managed bean 'rabbitConnectionFactory': registering with JMX server as MBean [org.springframework.amqp.rabbit.connection:name=rabbitConnectionFactory,type=CachingConnectionFactory]
2018-10-16 10:11:41.920 [main] INFO  o.s.context.support.DefaultLifecycleProcessor - Starting beans in phase 2147483647
2018-10-16 10:11:41.936 [SimpleAsyncTaskExecutor-1] INFO  o.s.a.rabbit.connection.CachingConnectionFactory - Attempting to connect to: [localhost:5672]
2018-10-16 10:11:42.080 [SimpleAsyncTaskExecutor-1] INFO  o.s.a.rabbit.connection.CachingConnectionFactory - Created new connection: rabbitConnectionFactory#757194dc:0/SimpleConnection@4ee9e69b [delegate=amqp://root@127.0.0.1:5672/, localPort= 57150]
2018-10-16 10:11:42.171 [main] INFO  org.apache.coyote.http11.Http11NioProtocol - Starting ProtocolHandler ["http-nio-8080"]
2018-10-16 10:11:42.201 [main] INFO  org.apache.tomcat.util.net.NioSelectorPool - Using a shared selector for servlet write/read
2018-10-16 10:11:42.242 [main] INFO  o.s.boot.web.embedded.tomcat.TomcatWebServer - Tomcat started on port(s): 8080 (http) with context path ''
2018-10-16 10:11:42.252 [main] INFO  com.billyang.App29 - Started App29 in 5.424 seconds (JVM running for 6.17)
