10:33:49.683 [main] INFO  com.ruoyi.RuoYiApplication - Starting RuoYiApplication on hs1 with PID 11160 (E:\mywork\myjavaspace\code\springcloud\mybatis-shiro2\target\classes started by yangcan14944 in E:\mywork\myjavaspace\code\springcloud\mybatis-shiro2)
10:33:49.745 [main] DEBUG com.ruoyi.RuoYiApplication - Running with Spring Boot v1.5.10.RELEASE, Spring v4.3.14.RELEASE
10:33:49.745 [main] INFO  com.ruoyi.RuoYiApplication - The following profiles are active: druid
10:33:51.229 [background-preinit] INFO  org.hibernate.validator.internal.util.Version - HV000001: Hibernate Validator 5.3.6.Final
10:33:56.792 [main] INFO  org.apache.shiro.cache.ehcache.EhCacheManager - Cache with name 'com.ruoyi.framework.shiro.realm.UserRealm.authorizationCache' does not yet exist.  Creating now.
10:33:56.801 [main] INFO  org.apache.shiro.cache.ehcache.EhCacheManager - Added EhCache named [com.ruoyi.framework.shiro.realm.UserRealm.authorizationCache]
10:33:58.087 [main] INFO  com.alibaba.druid.pool.DruidDataSource - {dataSource-1} inited
10:34:00.060 [main] INFO  org.apache.shiro.cache.ehcache.EhCacheManager - Using existing EHCache named [loginRecordCache]
10:34:02.397 [main] INFO  org.apache.catalina.core.StandardService - Starting service [Tomcat]
10:34:02.408 [main] INFO  org.apache.catalina.core.StandardEngine - Starting Servlet Engine: Apache Tomcat/8.5.27
10:34:02.831 [localhost-startStop-1] INFO  org.apache.catalina.core.ContainerBase.[Tomcat].[localhost].[/] - Initializing Spring embedded WebApplicationContext
10:34:03.956 [main] INFO  org.quartz.impl.StdSchedulerFactory - Using default implementation for ThreadExecutor
10:34:04.014 [main] INFO  org.quartz.core.SchedulerSignalerImpl - Initialized Scheduler Signaller of type: class org.quartz.core.SchedulerSignalerImpl
10:34:04.014 [main] INFO  org.quartz.core.QuartzScheduler - Quartz Scheduler v.2.3.0 created.
10:34:04.076 [main] INFO  org.quartz.core.QuartzScheduler - Scheduler meta-data: Quartz Scheduler (v2.3.0) 'RuoyiScheduler' with instanceId 'hs11542249243967'
  Scheduler class: 'org.quartz.core.QuartzScheduler' - running locally.
  NOT STARTED.
  Currently in standby mode.
  Number of jobs executed: 0
  Using thread pool 'org.quartz.simpl.SimpleThreadPool' - with 20 threads.
  Using job-store 'org.springframework.scheduling.quartz.LocalDataSourceJobStore' - which supports persistence. and is clustered.

10:34:04.076 [main] INFO  org.quartz.impl.StdSchedulerFactory - Quartz scheduler 'RuoyiScheduler' initialized from an externally provided properties instance.
10:34:04.076 [main] INFO  org.quartz.impl.StdSchedulerFactory - Quartz scheduler version: 2.3.0
10:34:04.076 [main] INFO  org.quartz.core.QuartzScheduler - JobFactory set to: org.springframework.scheduling.quartz.AdaptableJobFactory@8a6631b
10:34:04.201 [main] DEBUG com.ruoyi.project.monitor.job.mapper.JobMapper.selectJobAll - ==>  Preparing: SELECT job_id, job_name, job_group, method_name, params, cron_expression, status, create_by, create_time FROM sys_job 
10:34:04.498 [main] DEBUG com.ruoyi.project.monitor.job.mapper.JobMapper.selectJobAll - ==> Parameters: 
10:34:04.529 [main] DEBUG com.ruoyi.project.monitor.job.mapper.JobMapper.selectJobAll - <==      Total: 2
10:34:08.372 [main] WARN  org.thymeleaf.templatemode.TemplateMode - [THYMELEAF][main] Template Mode 'LEGACYHTML5' is deprecated. Using Template Mode 'HTML' instead.
10:34:09.924 [main] INFO  org.apache.coyote.http11.Http11NioProtocol - Initializing ProtocolHandler ["http-nio-80"]
10:34:09.964 [main] INFO  org.apache.coyote.http11.Http11NioProtocol - Starting ProtocolHandler ["http-nio-80"]
10:34:10.089 [main] INFO  org.apache.tomcat.util.net.NioSelectorPool - Using a shared selector for servlet write/read
10:34:10.151 [main] INFO  com.ruoyi.RuoYiApplication - Started RuoYiApplication in 21.906 seconds (JVM running for 25.932)
10:34:11.051 [Quartz Scheduler [RuoyiScheduler]] INFO  org.quartz.core.QuartzScheduler - Scheduler RuoyiScheduler_$_hs11542249243967 started.
11:03:03.956 [main] INFO  com.ruoyi.RuoYiApplication - Starting RuoYiApplication on hs1 with PID 6948 (E:\mywork\myjavaspace\code\springcloud\mybatis-shiro2\target\classes started by yangcan14944 in E:\mywork\myjavaspace\code\springcloud\mybatis-shiro2)
11:03:03.988 [main] DEBUG com.ruoyi.RuoYiApplication - Running with Spring Boot v1.5.10.RELEASE, Spring v4.3.14.RELEASE
11:03:03.989 [main] INFO  com.ruoyi.RuoYiApplication - The following profiles are active: druid
11:03:04.639 [background-preinit] INFO  org.hibernate.validator.internal.util.Version - HV000001: Hibernate Validator 5.3.6.Final
11:05:03.773 [main] INFO  com.ruoyi.RuoYiApplication - Starting RuoYiApplication on hs1 with PID 1564 (E:\mywork\myjavaspace\code\springcloud\mybatis-shiro2\target\classes started by yangcan14944 in E:\mywork\myjavaspace\code\springcloud\mybatis-shiro2)
11:05:03.777 [main] DEBUG com.ruoyi.RuoYiApplication - Running with Spring Boot v1.5.10.RELEASE, Spring v4.3.14.RELEASE
11:05:03.778 [main] INFO  com.ruoyi.RuoYiApplication - The following profiles are active: druid
11:05:04.585 [background-preinit] INFO  org.hibernate.validator.internal.util.Version - HV000001: Hibernate Validator 5.3.6.Final
11:05:09.417 [main] INFO  org.apache.shiro.cache.ehcache.EhCacheManager - Cache with name 'com.ruoyi.framework.shiro.realm.UserRealm.authorizationCache' does not yet exist.  Creating now.
11:05:09.419 [main] INFO  org.apache.shiro.cache.ehcache.EhCacheManager - Added EhCache named [com.ruoyi.framework.shiro.realm.UserRealm.authorizationCache]
11:05:10.478 [main] INFO  com.alibaba.druid.pool.DruidDataSource - {dataSource-1} inited
11:05:11.740 [main] INFO  org.apache.shiro.cache.ehcache.EhCacheManager - Using existing EHCache named [loginRecordCache]
11:05:13.536 [main] INFO  org.apache.catalina.core.StandardService - Starting service [Tomcat]
11:05:13.539 [main] INFO  org.apache.catalina.core.StandardEngine - Starting Servlet Engine: Apache Tomcat/8.5.27
11:05:13.792 [localhost-startStop-1] INFO  org.apache.catalina.core.ContainerBase.[Tomcat].[localhost].[/] - Initializing Spring embedded WebApplicationContext
11:05:14.971 [main] INFO  org.quartz.impl.StdSchedulerFactory - Using default implementation for ThreadExecutor
11:05:15.002 [main] INFO  org.quartz.core.SchedulerSignalerImpl - Initialized Scheduler Signaller of type: class org.quartz.core.SchedulerSignalerImpl
11:05:15.003 [main] INFO  org.quartz.core.QuartzScheduler - Quartz Scheduler v.2.3.0 created.
11:05:15.033 [main] INFO  org.quartz.core.QuartzScheduler - Scheduler meta-data: Quartz Scheduler (v2.3.0) 'RuoyiScheduler' with instanceId 'hs11542251114978'
  Scheduler class: 'org.quartz.core.QuartzScheduler' - running locally.
  NOT STARTED.
  Currently in standby mode.
  Number of jobs executed: 0
  Using thread pool 'org.quartz.simpl.SimpleThreadPool' - with 20 threads.
  Using job-store 'org.springframework.scheduling.quartz.LocalDataSourceJobStore' - which supports persistence. and is clustered.

11:05:15.034 [main] INFO  org.quartz.impl.StdSchedulerFactory - Quartz scheduler 'RuoyiScheduler' initialized from an externally provided properties instance.
11:05:15.038 [main] INFO  org.quartz.impl.StdSchedulerFactory - Quartz scheduler version: 2.3.0
11:05:15.041 [main] INFO  org.quartz.core.QuartzScheduler - JobFactory set to: org.springframework.scheduling.quartz.AdaptableJobFactory@5099c59b
11:05:15.156 [main] DEBUG com.ruoyi.project.monitor.job.mapper.JobMapper.selectJobAll - ==>  Preparing: SELECT job_id, job_name, job_group, method_name, params, cron_expression, status, create_by, create_time FROM sys_job 
11:05:15.360 [main] DEBUG com.ruoyi.project.monitor.job.mapper.JobMapper.selectJobAll - ==> Parameters: 
11:05:15.392 [main] DEBUG com.ruoyi.project.monitor.job.mapper.JobMapper.selectJobAll - <==      Total: 2
11:05:19.095 [main] WARN  org.thymeleaf.templatemode.TemplateMode - [THYMELEAF][main] Template Mode 'LEGACYHTML5' is deprecated. Using Template Mode 'HTML' instead.
11:05:20.615 [main] INFO  org.apache.coyote.http11.Http11NioProtocol - Initializing ProtocolHandler ["http-nio-80"]
11:05:20.647 [main] INFO  org.apache.coyote.http11.Http11NioProtocol - Starting ProtocolHandler ["http-nio-80"]
11:05:20.691 [main] INFO  org.apache.tomcat.util.net.NioSelectorPool - Using a shared selector for servlet write/read
11:05:20.760 [main] INFO  com.ruoyi.RuoYiApplication - Started RuoYiApplication in 17.891 seconds (JVM running for 19.051)
11:05:21.669 [Quartz Scheduler [RuoyiScheduler]] INFO  org.quartz.core.QuartzScheduler - Scheduler RuoyiScheduler_$_hs11542251114978 started.
11:05:47.421 [http-nio-80-exec-3] INFO  org.apache.catalina.core.ContainerBase.[Tomcat].[localhost].[/] - Initializing Spring FrameworkServlet 'dispatcherServlet'
11:05:47.706 [http-nio-80-exec-3] INFO  org.apache.shiro.session.mgt.AbstractValidatingSessionManager - Enabling session validation scheduler...
11:05:47.706 [http-nio-80-exec-3] DEBUG com.ruoyi.framework.shiro.web.session.SpringSessionValidationScheduler - Scheduling session validation job using Spring Scheduler with session validation interval of [600000]ms...
11:05:47.708 [http-nio-80-exec-3] DEBUG com.ruoyi.framework.shiro.web.session.SpringSessionValidationScheduler - Session validation job successfully scheduled with Spring Scheduler.
11:05:47.772 [http-nio-80-exec-3] INFO  org.apache.shiro.cache.ehcache.EhCacheManager - Using existing EHCache named [shiro-activeSessionCache]
11:05:48.709 [pool-1-thread-1] INFO  com.ruoyi.framework.shiro.web.session.OnlineWebSessionManager - invalidation sessions...
11:05:48.788 [pool-1-thread-1] DEBUG com.ruoyi.project.monitor.online.mapper.UserOnlineMapper.selectOnlineByExpired - ==>  Preparing: SELECT * FROM sys_user_online o WHERE o.last_access_time <= ? ORDER BY o.last_access_time ASC 
11:05:48.790 [pool-1-thread-1] DEBUG com.ruoyi.project.monitor.online.mapper.UserOnlineMapper.selectOnlineByExpired - ==> Parameters: 2018-11-15 10:35:48(String)
11:05:48.848 [pool-1-thread-1] DEBUG com.ruoyi.project.monitor.online.mapper.UserOnlineMapper.selectOnlineByExpired - <==      Total: 0
11:05:48.849 [pool-1-thread-1] INFO  com.ruoyi.framework.shiro.web.session.OnlineWebSessionManager - Finished invalidation session. No sessions were stopped.
11:06:04.607 [http-nio-80-exec-5] INFO  sys-user - [0:0:0:0:0:0:0:1][admin][Error][验证码错误]
11:06:04.615 [http-nio-80-exec-5] DEBUG com.ruoyi.project.monitor.logininfor.mapper.LogininforMapper.insertLogininfor - ==>  Preparing: insert into sys_logininfor (login_name, status, ipaddr, browser, os, msg, login_time) values (?, ?, ?, ?, ?, ?, sysdate()) 
11:06:04.619 [http-nio-80-exec-5] DEBUG com.ruoyi.project.monitor.logininfor.mapper.LogininforMapper.insertLogininfor - ==> Parameters: admin(String), 1(String), 0:0:0:0:0:0:0:1(String), Chrome 42(String), Windows 10(String), 验证码错误(String)
11:06:04.729 [http-nio-80-exec-5] DEBUG com.ruoyi.project.monitor.logininfor.mapper.LogininforMapper.insertLogininfor - <==    Updates: 1
11:06:18.945 [http-nio-80-exec-3] INFO  sys-user - [0:0:0:0:0:0:0:1][admin][Error][验证码错误]
11:06:18.946 [http-nio-80-exec-3] DEBUG com.ruoyi.project.monitor.logininfor.mapper.LogininforMapper.insertLogininfor - ==>  Preparing: insert into sys_logininfor (login_name, status, ipaddr, browser, os, msg, login_time) values (?, ?, ?, ?, ?, ?, sysdate()) 
11:06:18.950 [http-nio-80-exec-3] DEBUG com.ruoyi.project.monitor.logininfor.mapper.LogininforMapper.insertLogininfor - ==> Parameters: admin(String), 1(String), 0:0:0:0:0:0:0:1(String), Chrome 42(String), Windows 10(String), 验证码错误(String)
11:06:18.992 [http-nio-80-exec-3] DEBUG com.ruoyi.project.monitor.logininfor.mapper.LogininforMapper.insertLogininfor - <==    Updates: 1
16:54:49.120 [main] INFO  com.ruoyi.RuoYiApplication - Starting RuoYiApplication on hs1 with PID 9532 (E:\mywork\myjavaspace\code\springcloud\mybatis-shiro2\target\classes started by yangcan14944 in E:\mywork\myjavaspace\code\springcloud\mybatis-shiro2)
16:54:49.147 [main] DEBUG com.ruoyi.RuoYiApplication - Running with Spring Boot v1.5.10.RELEASE, Spring v4.3.14.RELEASE
16:54:49.148 [main] INFO  com.ruoyi.RuoYiApplication - The following profiles are active: druid
16:54:50.012 [background-preinit] INFO  org.hibernate.validator.internal.util.Version - HV000001: Hibernate Validator 5.3.6.Final
16:54:54.323 [main] INFO  org.apache.shiro.cache.ehcache.EhCacheManager - Cache with name 'com.ruoyi.framework.shiro.realm.UserRealm.authorizationCache' does not yet exist.  Creating now.
16:54:54.324 [main] INFO  org.apache.shiro.cache.ehcache.EhCacheManager - Added EhCache named [com.ruoyi.framework.shiro.realm.UserRealm.authorizationCache]
16:54:55.658 [main] INFO  com.alibaba.druid.pool.DruidDataSource - {dataSource-1} inited
16:54:56.756 [main] INFO  org.apache.shiro.cache.ehcache.EhCacheManager - Using existing EHCache named [loginRecordCache]
16:54:59.098 [main] INFO  org.apache.catalina.core.StandardService - Starting service [Tomcat]
16:54:59.101 [main] INFO  org.apache.catalina.core.StandardEngine - Starting Servlet Engine: Apache Tomcat/8.5.27
16:54:59.369 [localhost-startStop-1] INFO  org.apache.catalina.core.ContainerBase.[Tomcat].[localhost].[/] - Initializing Spring embedded WebApplicationContext
16:55:00.543 [main] INFO  org.quartz.impl.StdSchedulerFactory - Using default implementation for ThreadExecutor
16:55:00.607 [main] INFO  org.quartz.core.SchedulerSignalerImpl - Initialized Scheduler Signaller of type: class org.quartz.core.SchedulerSignalerImpl
16:55:00.607 [main] INFO  org.quartz.core.QuartzScheduler - Quartz Scheduler v.2.3.0 created.
16:55:00.657 [main] INFO  org.quartz.core.QuartzScheduler - Scheduler meta-data: Quartz Scheduler (v2.3.0) 'RuoyiScheduler' with instanceId 'hs11542272100548'
  Scheduler class: 'org.quartz.core.QuartzScheduler' - running locally.
  NOT STARTED.
  Currently in standby mode.
  Number of jobs executed: 0
  Using thread pool 'org.quartz.simpl.SimpleThreadPool' - with 20 threads.
  Using job-store 'org.springframework.scheduling.quartz.LocalDataSourceJobStore' - which supports persistence. and is clustered.

16:55:00.658 [main] INFO  org.quartz.impl.StdSchedulerFactory - Quartz scheduler 'RuoyiScheduler' initialized from an externally provided properties instance.
16:55:00.661 [main] INFO  org.quartz.impl.StdSchedulerFactory - Quartz scheduler version: 2.3.0
16:55:00.666 [main] INFO  org.quartz.core.QuartzScheduler - JobFactory set to: org.springframework.scheduling.quartz.AdaptableJobFactory@67770b37
16:55:00.800 [main] DEBUG com.ruoyi.project.monitor.job.mapper.JobMapper.selectJobAll - ==>  Preparing: SELECT job_id, job_name, job_group, method_name, params, cron_expression, status, create_by, create_time FROM sys_job 
16:55:01.069 [main] DEBUG com.ruoyi.project.monitor.job.mapper.JobMapper.selectJobAll - ==> Parameters: 
16:55:01.220 [main] DEBUG com.ruoyi.project.monitor.job.mapper.JobMapper.selectJobAll - <==      Total: 2
16:55:05.012 [main] WARN  org.thymeleaf.templatemode.TemplateMode - [THYMELEAF][main] Template Mode 'LEGACYHTML5' is deprecated. Using Template Mode 'HTML' instead.
16:55:06.716 [main] INFO  org.apache.coyote.http11.Http11NioProtocol - Initializing ProtocolHandler ["http-nio-80"]
16:55:06.765 [main] INFO  org.apache.coyote.http11.Http11NioProtocol - Starting ProtocolHandler ["http-nio-80"]
16:55:06.795 [main] INFO  org.apache.tomcat.util.net.NioSelectorPool - Using a shared selector for servlet write/read
16:55:06.842 [main] INFO  com.ruoyi.RuoYiApplication - Started RuoYiApplication in 18.668 seconds (JVM running for 20.843)
16:55:07.785 [Quartz Scheduler [RuoyiScheduler]] INFO  org.quartz.core.QuartzScheduler - Scheduler RuoyiScheduler_$_hs11542272100548 started.
16:58:57.569 [http-nio-80-exec-1] INFO  org.apache.catalina.core.ContainerBase.[Tomcat].[localhost].[/] - Initializing Spring FrameworkServlet 'dispatcherServlet'
16:58:57.797 [http-nio-80-exec-1] INFO  org.apache.shiro.session.mgt.AbstractValidatingSessionManager - Enabling session validation scheduler...
16:58:57.798 [http-nio-80-exec-1] DEBUG com.ruoyi.framework.shiro.web.session.SpringSessionValidationScheduler - Scheduling session validation job using Spring Scheduler with session validation interval of [600000]ms...
16:58:57.801 [http-nio-80-exec-1] DEBUG com.ruoyi.framework.shiro.web.session.SpringSessionValidationScheduler - Session validation job successfully scheduled with Spring Scheduler.
16:58:57.804 [http-nio-80-exec-1] INFO  org.apache.shiro.cache.ehcache.EhCacheManager - Using existing EHCache named [shiro-activeSessionCache]
16:58:57.816 [http-nio-80-exec-1] DEBUG com.ruoyi.project.monitor.online.mapper.UserOnlineMapper.selectOnlineById - ==>  Preparing: select * from sys_user_online where sessionid = ? 
16:58:57.818 [http-nio-80-exec-1] DEBUG com.ruoyi.project.monitor.online.mapper.UserOnlineMapper.selectOnlineById - ==> Parameters: b40cd48f-173d-4483-bef8-e4b215d52f69(String)
16:58:57.847 [http-nio-80-exec-1] DEBUG com.ruoyi.project.monitor.online.mapper.UserOnlineMapper.selectOnlineById - <==      Total: 0
16:58:58.332 [http-nio-80-exec-2] DEBUG com.ruoyi.project.monitor.online.mapper.UserOnlineMapper.selectOnlineById - ==>  Preparing: select * from sys_user_online where sessionid = ? 
16:58:58.333 [http-nio-80-exec-2] DEBUG com.ruoyi.project.monitor.online.mapper.UserOnlineMapper.selectOnlineById - ==> Parameters: b40cd48f-173d-4483-bef8-e4b215d52f69(String)
16:58:58.335 [http-nio-80-exec-2] DEBUG com.ruoyi.project.monitor.online.mapper.UserOnlineMapper.selectOnlineById - <==      Total: 0
16:58:58.801 [pool-1-thread-1] INFO  com.ruoyi.framework.shiro.web.session.OnlineWebSessionManager - invalidation sessions...
16:58:58.883 [pool-1-thread-1] DEBUG com.ruoyi.project.monitor.online.mapper.UserOnlineMapper.selectOnlineByExpired - ==>  Preparing: SELECT * FROM sys_user_online o WHERE o.last_access_time <= ? ORDER BY o.last_access_time ASC 
16:58:58.885 [pool-1-thread-1] DEBUG com.ruoyi.project.monitor.online.mapper.UserOnlineMapper.selectOnlineByExpired - ==> Parameters: 2018-11-15 16:28:58(String)
16:58:58.886 [pool-1-thread-1] DEBUG com.ruoyi.project.monitor.online.mapper.UserOnlineMapper.selectOnlineByExpired - <==      Total: 0
16:58:58.887 [pool-1-thread-1] INFO  com.ruoyi.framework.shiro.web.session.OnlineWebSessionManager - Finished invalidation session. No sessions were stopped.
16:58:59.106 [http-nio-80-exec-3] DEBUG com.ruoyi.project.monitor.online.mapper.UserOnlineMapper.selectOnlineById - ==>  Preparing: select * from sys_user_online where sessionid = ? 
16:58:59.107 [http-nio-80-exec-3] DEBUG com.ruoyi.project.monitor.online.mapper.UserOnlineMapper.selectOnlineById - ==> Parameters: b40cd48f-173d-4483-bef8-e4b215d52f69(String)
16:58:59.110 [http-nio-80-exec-3] DEBUG com.ruoyi.project.monitor.online.mapper.UserOnlineMapper.selectOnlineById - <==      Total: 0
16:59:08.478 [http-nio-80-exec-6] DEBUG com.ruoyi.project.system.user.mapper.UserMapper.selectUserByLoginName - ==>  Preparing: select u.user_id, u.dept_id, u.login_name, u.user_name, u.email, u.phonenumber, u.sex, u.avatar, u.password, u.salt, u.status, u.refuse_des, u.login_ip, u.login_date, u.create_time, d.dept_id, d.parent_id, d.dept_name, d.order_num, d.status as dept_status from sys_user u left join sys_dept d on u.dept_id = d.dept_id left join sys_user_role ur on u.user_id = ur.user_id where u.login_name = ? 
16:59:08.487 [http-nio-80-exec-6] DEBUG com.ruoyi.project.system.user.mapper.UserMapper.selectUserByLoginName - ==> Parameters: admin(String)
16:59:08.589 [http-nio-80-exec-6] DEBUG com.ruoyi.project.system.user.mapper.UserMapper.selectUserByLoginName - <==      Total: 1
16:59:08.641 [http-nio-80-exec-6] INFO  sys-user - [0:0:0:0:0:0:0:1][admin][Success][登录成功]
16:59:08.642 [http-nio-80-exec-6] DEBUG com.ruoyi.project.monitor.logininfor.mapper.LogininforMapper.insertLogininfor - ==>  Preparing: insert into sys_logininfor (login_name, status, ipaddr, browser, os, msg, login_time) values (?, ?, ?, ?, ?, ?, sysdate()) 
16:59:08.645 [http-nio-80-exec-6] DEBUG com.ruoyi.project.monitor.logininfor.mapper.LogininforMapper.insertLogininfor - ==> Parameters: admin(String), 0(String), 0:0:0:0:0:0:0:1(String), Chrome 42(String), Windows 10(String), 登录成功(String)
16:59:08.713 [http-nio-80-exec-6] DEBUG com.ruoyi.project.monitor.logininfor.mapper.LogininforMapper.insertLogininfor - <==    Updates: 1
16:59:08.845 [http-nio-80-exec-6] DEBUG com.ruoyi.project.system.user.mapper.UserMapper.updateUser - ==>  Preparing: update sys_user SET dept_id = ?, login_name = ?, user_name = ?, email = ?, phonenumber = ?, sex = ?, password = ?, salt = ?, status = ?, refuse_des = ?, login_ip = ?, login_date = ?, update_time = sysdate() where 1=1 and user_id = ? 
16:59:08.849 [http-nio-80-exec-6] DEBUG com.ruoyi.project.system.user.mapper.UserMapper.updateUser - ==> Parameters: 106(Long), admin(String), 若依(String), ry@163.com(String), 15888888888(String), 1(String), 29c67a30398638269fe600f73a054934(String), 111111(String), 0(Integer), 正常(String), 0:0:0:0:0:0:0:1(String), 2018-11-15 16:59:08.714(Timestamp), 1(Long)
16:59:08.891 [http-nio-80-exec-6] DEBUG com.ruoyi.project.system.user.mapper.UserMapper.updateUser - <==    Updates: 1
16:59:09.005 [http-nio-80-exec-7] DEBUG com.ruoyi.project.system.menu.mapper.MenuMapper.selectMenusByUserId - ==>  Preparing: select distinct m.menu_id, m.parent_id, m.menu_name, m.url, m.perms , m.menu_type, m.icon, m.order_num, m.create_time from sys_menu m left join sys_role_menu rm on m.menu_id = rm.menu_id left join sys_user_role ur on rm.role_id = ur.role_id where ur.user_id = ? and m.menu_type in ('M', 'C') and m.visible = 0 order by m.order_num 
16:59:09.013 [http-nio-80-exec-7] DEBUG com.ruoyi.project.system.menu.mapper.MenuMapper.selectMenusByUserId - ==> Parameters: 1(Long)
16:59:09.203 [http-nio-80-exec-7] DEBUG com.ruoyi.project.system.menu.mapper.MenuMapper.selectMenusByUserId - <==      Total: 17
16:59:09.264 [http-nio-80-exec-7] DEBUG com.ruoyi.project.system.config.mapper.ConfigMapper.selectConfigByKey - ==>  Preparing: select config_id, config_name, config_key, config_value, config_type, create_by, create_time, update_by, update_time, remark from sys_config where config_key = ? 
16:59:09.273 [http-nio-80-exec-7] DEBUG com.ruoyi.project.system.config.mapper.ConfigMapper.selectConfigByKey - ==> Parameters: sys.index.skinName(String)
16:59:09.279 [http-nio-80-exec-7] DEBUG com.ruoyi.project.system.config.mapper.ConfigMapper.selectConfigByKey - <==      Total: 1
16:59:09.732 [http-nio-80-exec-2] DEBUG com.ruoyi.project.monitor.online.mapper.UserOnlineMapper.saveOnline - ==>  Preparing: replace into sys_user_online(sessionId, login_name, dept_name, ipaddr, browser, os, status, start_timestsamp, last_access_time, expire_time) values (?, ?, ?, ?, ?, ?, ?, ?, ?, ?) 
16:59:09.864 [http-nio-80-exec-2] DEBUG com.ruoyi.project.monitor.online.mapper.UserOnlineMapper.saveOnline - ==> Parameters: 349612d0-70d1-4c04-8170-214b1a13d3c0(String), admin(String), 研发一部(String), 0:0:0:0:0:0:0:1(String), Chrome 42(String), Windows 10(String), on_line(String), 2018-11-15 16:58:59.114(Timestamp), 2018-11-15 16:59:09.731(Timestamp), 1800000(Long)
16:59:09.940 [http-nio-80-exec-2] DEBUG com.ruoyi.project.monitor.online.mapper.UserOnlineMapper.saveOnline - <==    Updates: 1
16:59:16.382 [http-nio-80-exec-3] DEBUG com.ruoyi.project.system.role.mapper.RoleMapper.selectRolesByUserId - ==>  Preparing: SELECT r.role_id, r.role_name, r.role_key FROM sys_user u LEFT JOIN sys_user_role ur ON u.user_id = ur.user_id LEFT JOIN sys_role r ON ur.role_id = r.role_id WHERE ur.user_id = ? 
16:59:16.384 [http-nio-80-exec-3] DEBUG com.ruoyi.project.system.role.mapper.RoleMapper.selectRolesByUserId - ==> Parameters: 1(Long)
16:59:16.390 [http-nio-80-exec-3] DEBUG com.ruoyi.project.system.role.mapper.RoleMapper.selectRolesByUserId - <==      Total: 1
16:59:16.393 [http-nio-80-exec-3] DEBUG com.ruoyi.project.system.menu.mapper.MenuMapper.selectPermsByUserId - ==>  Preparing: select distinct m.perms from sys_menu m left join sys_role_menu rm on m.menu_id = rm.menu_id left join sys_user_role ur on rm.role_id = ur.role_id where ur.user_id = ? 
16:59:16.396 [http-nio-80-exec-3] DEBUG com.ruoyi.project.system.menu.mapper.MenuMapper.selectPermsByUserId - ==> Parameters: 1(Long)
16:59:16.404 [http-nio-80-exec-3] DEBUG com.ruoyi.project.system.menu.mapper.MenuMapper.selectPermsByUserId - <==      Total: 73
17:02:18.347 [http-nio-80-exec-6] DEBUG com.ruoyi.project.monitor.online.mapper.UserOnlineMapper.saveOnline - ==>  Preparing: replace into sys_user_online(sessionId, login_name, dept_name, ipaddr, browser, os, status, start_timestsamp, last_access_time, expire_time) values (?, ?, ?, ?, ?, ?, ?, ?, ?, ?) 
17:02:18.352 [http-nio-80-exec-6] DEBUG com.ruoyi.project.monitor.online.mapper.UserOnlineMapper.saveOnline - ==> Parameters: 349612d0-70d1-4c04-8170-214b1a13d3c0(String), admin(String), 研发一部(String), 0:0:0:0:0:0:0:1(String), Chrome 42(String), Windows 10(String), on_line(String), 2018-11-15 16:58:59.114(Timestamp), 2018-11-15 17:02:18.346(Timestamp), 1800000(Long)
17:02:18.423 [http-nio-80-exec-6] DEBUG com.ruoyi.project.monitor.online.mapper.UserOnlineMapper.saveOnline - <==    Updates: 2
17:03:19.433 [http-nio-80-exec-10] DEBUG com.ruoyi.project.monitor.online.mapper.UserOnlineMapper.saveOnline - ==>  Preparing: replace into sys_user_online(sessionId, login_name, dept_name, ipaddr, browser, os, status, start_timestsamp, last_access_time, expire_time) values (?, ?, ?, ?, ?, ?, ?, ?, ?, ?) 
17:03:19.434 [http-nio-80-exec-10] DEBUG com.ruoyi.project.monitor.online.mapper.UserOnlineMapper.saveOnline - ==> Parameters: 349612d0-70d1-4c04-8170-214b1a13d3c0(String), admin(String), 研发一部(String), 0:0:0:0:0:0:0:1(String), Chrome 42(String), Windows 10(String), on_line(String), 2018-11-15 16:58:59.114(Timestamp), 2018-11-15 17:03:19.432(Timestamp), 1800000(Long)
17:03:19.474 [http-nio-80-exec-10] DEBUG com.ruoyi.project.monitor.online.mapper.UserOnlineMapper.saveOnline - <==    Updates: 2
17:04:19.452 [http-nio-80-exec-6] DEBUG com.ruoyi.project.monitor.online.mapper.UserOnlineMapper.saveOnline - ==>  Preparing: replace into sys_user_online(sessionId, login_name, dept_name, ipaddr, browser, os, status, start_timestsamp, last_access_time, expire_time) values (?, ?, ?, ?, ?, ?, ?, ?, ?, ?) 
17:04:19.453 [http-nio-80-exec-6] DEBUG com.ruoyi.project.monitor.online.mapper.UserOnlineMapper.saveOnline - ==> Parameters: 349612d0-70d1-4c04-8170-214b1a13d3c0(String), admin(String), 研发一部(String), 0:0:0:0:0:0:0:1(String), Chrome 42(String), Windows 10(String), on_line(String), 2018-11-15 16:58:59.114(Timestamp), 2018-11-15 17:04:19.451(Timestamp), 1800000(Long)
17:04:19.496 [http-nio-80-exec-6] DEBUG com.ruoyi.project.monitor.online.mapper.UserOnlineMapper.saveOnline - <==    Updates: 2
17:05:19.489 [http-nio-80-exec-10] DEBUG com.ruoyi.project.monitor.online.mapper.UserOnlineMapper.saveOnline - ==>  Preparing: replace into sys_user_online(sessionId, login_name, dept_name, ipaddr, browser, os, status, start_timestsamp, last_access_time, expire_time) values (?, ?, ?, ?, ?, ?, ?, ?, ?, ?) 
17:05:19.490 [http-nio-80-exec-10] DEBUG com.ruoyi.project.monitor.online.mapper.UserOnlineMapper.saveOnline - ==> Parameters: 349612d0-70d1-4c04-8170-214b1a13d3c0(String), admin(String), 研发一部(String), 0:0:0:0:0:0:0:1(String), Chrome 42(String), Windows 10(String), on_line(String), 2018-11-15 16:58:59.114(Timestamp), 2018-11-15 17:05:19.488(Timestamp), 1800000(Long)
17:05:19.529 [http-nio-80-exec-10] DEBUG com.ruoyi.project.monitor.online.mapper.UserOnlineMapper.saveOnline - <==    Updates: 2
17:06:19.512 [http-nio-80-exec-2] DEBUG com.ruoyi.project.monitor.online.mapper.UserOnlineMapper.saveOnline - ==>  Preparing: replace into sys_user_online(sessionId, login_name, dept_name, ipaddr, browser, os, status, start_timestsamp, last_access_time, expire_time) values (?, ?, ?, ?, ?, ?, ?, ?, ?, ?) 
17:06:19.512 [http-nio-80-exec-2] DEBUG com.ruoyi.project.monitor.online.mapper.UserOnlineMapper.saveOnline - ==> Parameters: 349612d0-70d1-4c04-8170-214b1a13d3c0(String), admin(String), 研发一部(String), 0:0:0:0:0:0:0:1(String), Chrome 42(String), Windows 10(String), on_line(String), 2018-11-15 16:58:59.114(Timestamp), 2018-11-15 17:06:19.511(Timestamp), 1800000(Long)
17:06:19.574 [http-nio-80-exec-2] DEBUG com.ruoyi.project.monitor.online.mapper.UserOnlineMapper.saveOnline - <==    Updates: 2
17:07:19.618 [http-nio-80-exec-10] DEBUG com.ruoyi.project.monitor.online.mapper.UserOnlineMapper.saveOnline - ==>  Preparing: replace into sys_user_online(sessionId, login_name, dept_name, ipaddr, browser, os, status, start_timestsamp, last_access_time, expire_time) values (?, ?, ?, ?, ?, ?, ?, ?, ?, ?) 
17:07:19.620 [http-nio-80-exec-10] DEBUG com.ruoyi.project.monitor.online.mapper.UserOnlineMapper.saveOnline - ==> Parameters: 349612d0-70d1-4c04-8170-214b1a13d3c0(String), admin(String), 研发一部(String), 0:0:0:0:0:0:0:1(String), Chrome 42(String), Windows 10(String), on_line(String), 2018-11-15 16:58:59.114(Timestamp), 2018-11-15 17:07:19.618(Timestamp), 1800000(Long)
17:07:19.662 [http-nio-80-exec-10] DEBUG com.ruoyi.project.monitor.online.mapper.UserOnlineMapper.saveOnline - <==    Updates: 2
17:08:19.681 [http-nio-80-exec-6] DEBUG com.ruoyi.project.monitor.online.mapper.UserOnlineMapper.saveOnline - ==>  Preparing: replace into sys_user_online(sessionId, login_name, dept_name, ipaddr, browser, os, status, start_timestsamp, last_access_time, expire_time) values (?, ?, ?, ?, ?, ?, ?, ?, ?, ?) 
17:08:19.685 [http-nio-80-exec-6] DEBUG com.ruoyi.project.monitor.online.mapper.UserOnlineMapper.saveOnline - ==> Parameters: 349612d0-70d1-4c04-8170-214b1a13d3c0(String), admin(String), 研发一部(String), 0:0:0:0:0:0:0:1(String), Chrome 42(String), Windows 10(String), on_line(String), 2018-11-15 16:58:59.114(Timestamp), 2018-11-15 17:08:19.681(Timestamp), 1800000(Long)
17:08:19.757 [http-nio-80-exec-6] DEBUG com.ruoyi.project.monitor.online.mapper.UserOnlineMapper.saveOnline - <==    Updates: 2
17:08:58.802 [pool-1-thread-1] INFO  com.ruoyi.framework.shiro.web.session.OnlineWebSessionManager - invalidation sessions...
17:08:58.803 [pool-1-thread-1] DEBUG com.ruoyi.project.monitor.online.mapper.UserOnlineMapper.selectOnlineByExpired - ==>  Preparing: SELECT * FROM sys_user_online o WHERE o.last_access_time <= ? ORDER BY o.last_access_time ASC 
17:08:58.804 [pool-1-thread-1] DEBUG com.ruoyi.project.monitor.online.mapper.UserOnlineMapper.selectOnlineByExpired - ==> Parameters: 2018-11-15 16:38:58(String)
17:08:58.805 [pool-1-thread-1] DEBUG com.ruoyi.project.monitor.online.mapper.UserOnlineMapper.selectOnlineByExpired - <==      Total: 0
17:08:58.806 [pool-1-thread-1] INFO  com.ruoyi.framework.shiro.web.session.OnlineWebSessionManager - Finished invalidation session. No sessions were stopped.
17:09:19.695 [http-nio-80-exec-10] DEBUG com.ruoyi.project.monitor.online.mapper.UserOnlineMapper.saveOnline - ==>  Preparing: replace into sys_user_online(sessionId, login_name, dept_name, ipaddr, browser, os, status, start_timestsamp, last_access_time, expire_time) values (?, ?, ?, ?, ?, ?, ?, ?, ?, ?) 
17:09:19.697 [http-nio-80-exec-10] DEBUG com.ruoyi.project.monitor.online.mapper.UserOnlineMapper.saveOnline - ==> Parameters: 349612d0-70d1-4c04-8170-214b1a13d3c0(String), admin(String), 研发一部(String), 0:0:0:0:0:0:0:1(String), Chrome 42(String), Windows 10(String), on_line(String), 2018-11-15 16:58:59.114(Timestamp), 2018-11-15 17:09:19.695(Timestamp), 1800000(Long)
17:09:19.738 [http-nio-80-exec-10] DEBUG com.ruoyi.project.monitor.online.mapper.UserOnlineMapper.saveOnline - <==    Updates: 2
17:10:19.722 [http-nio-80-exec-6] DEBUG com.ruoyi.project.monitor.online.mapper.UserOnlineMapper.saveOnline - ==>  Preparing: replace into sys_user_online(sessionId, login_name, dept_name, ipaddr, browser, os, status, start_timestsamp, last_access_time, expire_time) values (?, ?, ?, ?, ?, ?, ?, ?, ?, ?) 
17:10:19.723 [http-nio-80-exec-6] DEBUG com.ruoyi.project.monitor.online.mapper.UserOnlineMapper.saveOnline - ==> Parameters: 349612d0-70d1-4c04-8170-214b1a13d3c0(String), admin(String), 研发一部(String), 0:0:0:0:0:0:0:1(String), Chrome 42(String), Windows 10(String), on_line(String), 2018-11-15 16:58:59.114(Timestamp), 2018-11-15 17:10:19.721(Timestamp), 1800000(Long)
17:10:19.771 [http-nio-80-exec-6] DEBUG com.ruoyi.project.monitor.online.mapper.UserOnlineMapper.saveOnline - <==    Updates: 2
17:11:19.739 [http-nio-80-exec-1] DEBUG com.ruoyi.project.monitor.online.mapper.UserOnlineMapper.saveOnline - ==>  Preparing: replace into sys_user_online(sessionId, login_name, dept_name, ipaddr, browser, os, status, start_timestsamp, last_access_time, expire_time) values (?, ?, ?, ?, ?, ?, ?, ?, ?, ?) 
17:11:19.741 [http-nio-80-exec-1] DEBUG com.ruoyi.project.monitor.online.mapper.UserOnlineMapper.saveOnline - ==> Parameters: 349612d0-70d1-4c04-8170-214b1a13d3c0(String), admin(String), 研发一部(String), 0:0:0:0:0:0:0:1(String), Chrome 42(String), Windows 10(String), on_line(String), 2018-11-15 16:58:59.114(Timestamp), 2018-11-15 17:11:19.739(Timestamp), 1800000(Long)
17:11:19.783 [http-nio-80-exec-1] DEBUG com.ruoyi.project.monitor.online.mapper.UserOnlineMapper.saveOnline - <==    Updates: 2
17:12:19.763 [http-nio-80-exec-9] DEBUG com.ruoyi.project.monitor.online.mapper.UserOnlineMapper.saveOnline - ==>  Preparing: replace into sys_user_online(sessionId, login_name, dept_name, ipaddr, browser, os, status, start_timestsamp, last_access_time, expire_time) values (?, ?, ?, ?, ?, ?, ?, ?, ?, ?) 
17:12:19.765 [http-nio-80-exec-9] DEBUG com.ruoyi.project.monitor.online.mapper.UserOnlineMapper.saveOnline - ==> Parameters: 349612d0-70d1-4c04-8170-214b1a13d3c0(String), admin(String), 研发一部(String), 0:0:0:0:0:0:0:1(String), Chrome 42(String), Windows 10(String), on_line(String), 2018-11-15 16:58:59.114(Timestamp), 2018-11-15 17:12:19.763(Timestamp), 1800000(Long)
17:12:19.837 [http-nio-80-exec-9] DEBUG com.ruoyi.project.monitor.online.mapper.UserOnlineMapper.saveOnline - <==    Updates: 2
17:13:19.785 [http-nio-80-exec-3] DEBUG com.ruoyi.project.monitor.online.mapper.UserOnlineMapper.saveOnline - ==>  Preparing: replace into sys_user_online(sessionId, login_name, dept_name, ipaddr, browser, os, status, start_timestsamp, last_access_time, expire_time) values (?, ?, ?, ?, ?, ?, ?, ?, ?, ?) 
17:13:19.787 [http-nio-80-exec-3] DEBUG com.ruoyi.project.monitor.online.mapper.UserOnlineMapper.saveOnline - ==> Parameters: 349612d0-70d1-4c04-8170-214b1a13d3c0(String), admin(String), 研发一部(String), 0:0:0:0:0:0:0:1(String), Chrome 42(String), Windows 10(String), on_line(String), 2018-11-15 16:58:59.114(Timestamp), 2018-11-15 17:13:19.784(Timestamp), 1800000(Long)
17:13:19.838 [http-nio-80-exec-3] DEBUG com.ruoyi.project.monitor.online.mapper.UserOnlineMapper.saveOnline - <==    Updates: 2
17:14:19.808 [http-nio-80-exec-10] DEBUG com.ruoyi.project.monitor.online.mapper.UserOnlineMapper.saveOnline - ==>  Preparing: replace into sys_user_online(sessionId, login_name, dept_name, ipaddr, browser, os, status, start_timestsamp, last_access_time, expire_time) values (?, ?, ?, ?, ?, ?, ?, ?, ?, ?) 
17:14:19.809 [http-nio-80-exec-10] DEBUG com.ruoyi.project.monitor.online.mapper.UserOnlineMapper.saveOnline - ==> Parameters: 349612d0-70d1-4c04-8170-214b1a13d3c0(String), admin(String), 研发一部(String), 0:0:0:0:0:0:0:1(String), Chrome 42(String), Windows 10(String), on_line(String), 2018-11-15 16:58:59.114(Timestamp), 2018-11-15 17:14:19.807(Timestamp), 1800000(Long)
17:14:19.916 [http-nio-80-exec-10] DEBUG com.ruoyi.project.monitor.online.mapper.UserOnlineMapper.saveOnline - <==    Updates: 2
17:15:19.832 [http-nio-80-exec-6] DEBUG com.ruoyi.project.monitor.online.mapper.UserOnlineMapper.saveOnline - ==>  Preparing: replace into sys_user_online(sessionId, login_name, dept_name, ipaddr, browser, os, status, start_timestsamp, last_access_time, expire_time) values (?, ?, ?, ?, ?, ?, ?, ?, ?, ?) 
17:15:19.834 [http-nio-80-exec-6] DEBUG com.ruoyi.project.monitor.online.mapper.UserOnlineMapper.saveOnline - ==> Parameters: 349612d0-70d1-4c04-8170-214b1a13d3c0(String), admin(String), 研发一部(String), 0:0:0:0:0:0:0:1(String), Chrome 42(String), Windows 10(String), on_line(String), 2018-11-15 16:58:59.114(Timestamp), 2018-11-15 17:15:19.831(Timestamp), 1800000(Long)
17:15:19.881 [http-nio-80-exec-6] DEBUG com.ruoyi.project.monitor.online.mapper.UserOnlineMapper.saveOnline - <==    Updates: 2
17:16:19.852 [http-nio-80-exec-1] DEBUG com.ruoyi.project.monitor.online.mapper.UserOnlineMapper.saveOnline - ==>  Preparing: replace into sys_user_online(sessionId, login_name, dept_name, ipaddr, browser, os, status, start_timestsamp, last_access_time, expire_time) values (?, ?, ?, ?, ?, ?, ?, ?, ?, ?) 
17:16:19.856 [http-nio-80-exec-1] DEBUG com.ruoyi.project.monitor.online.mapper.UserOnlineMapper.saveOnline - ==> Parameters: 349612d0-70d1-4c04-8170-214b1a13d3c0(String), admin(String), 研发一部(String), 0:0:0:0:0:0:0:1(String), Chrome 42(String), Windows 10(String), on_line(String), 2018-11-15 16:58:59.114(Timestamp), 2018-11-15 17:16:19.852(Timestamp), 1800000(Long)
17:16:19.914 [http-nio-80-exec-1] DEBUG com.ruoyi.project.monitor.online.mapper.UserOnlineMapper.saveOnline - <==    Updates: 2
17:17:19.875 [http-nio-80-exec-9] DEBUG com.ruoyi.project.monitor.online.mapper.UserOnlineMapper.saveOnline - ==>  Preparing: replace into sys_user_online(sessionId, login_name, dept_name, ipaddr, browser, os, status, start_timestsamp, last_access_time, expire_time) values (?, ?, ?, ?, ?, ?, ?, ?, ?, ?) 
17:17:19.877 [http-nio-80-exec-9] DEBUG com.ruoyi.project.monitor.online.mapper.UserOnlineMapper.saveOnline - ==> Parameters: 349612d0-70d1-4c04-8170-214b1a13d3c0(String), admin(String), 研发一部(String), 0:0:0:0:0:0:0:1(String), Chrome 42(String), Windows 10(String), on_line(String), 2018-11-15 16:58:59.114(Timestamp), 2018-11-15 17:17:19.875(Timestamp), 1800000(Long)
17:17:19.926 [http-nio-80-exec-9] DEBUG com.ruoyi.project.monitor.online.mapper.UserOnlineMapper.saveOnline - <==    Updates: 2
17:18:19.896 [http-nio-80-exec-3] DEBUG com.ruoyi.project.monitor.online.mapper.UserOnlineMapper.saveOnline - ==>  Preparing: replace into sys_user_online(sessionId, login_name, dept_name, ipaddr, browser, os, status, start_timestsamp, last_access_time, expire_time) values (?, ?, ?, ?, ?, ?, ?, ?, ?, ?) 
17:18:19.897 [http-nio-80-exec-3] DEBUG com.ruoyi.project.monitor.online.mapper.UserOnlineMapper.saveOnline - ==> Parameters: 349612d0-70d1-4c04-8170-214b1a13d3c0(String), admin(String), 研发一部(String), 0:0:0:0:0:0:0:1(String), Chrome 42(String), Windows 10(String), on_line(String), 2018-11-15 16:58:59.114(Timestamp), 2018-11-15 17:18:19.896(Timestamp), 1800000(Long)
17:18:19.959 [http-nio-80-exec-3] DEBUG com.ruoyi.project.monitor.online.mapper.UserOnlineMapper.saveOnline - <==    Updates: 2
17:18:58.801 [pool-1-thread-1] INFO  com.ruoyi.framework.shiro.web.session.OnlineWebSessionManager - invalidation sessions...
17:18:58.801 [pool-1-thread-1] DEBUG com.ruoyi.project.monitor.online.mapper.UserOnlineMapper.selectOnlineByExpired - ==>  Preparing: SELECT * FROM sys_user_online o WHERE o.last_access_time <= ? ORDER BY o.last_access_time ASC 
17:18:58.801 [pool-1-thread-1] DEBUG com.ruoyi.project.monitor.online.mapper.UserOnlineMapper.selectOnlineByExpired - ==> Parameters: 2018-11-15 16:48:58(String)
17:18:58.803 [pool-1-thread-1] DEBUG com.ruoyi.project.monitor.online.mapper.UserOnlineMapper.selectOnlineByExpired - <==      Total: 0
17:18:58.803 [pool-1-thread-1] INFO  com.ruoyi.framework.shiro.web.session.OnlineWebSessionManager - Finished invalidation session. No sessions were stopped.
17:19:19.922 [http-nio-80-exec-10] DEBUG com.ruoyi.project.monitor.online.mapper.UserOnlineMapper.saveOnline - ==>  Preparing: replace into sys_user_online(sessionId, login_name, dept_name, ipaddr, browser, os, status, start_timestsamp, last_access_time, expire_time) values (?, ?, ?, ?, ?, ?, ?, ?, ?, ?) 
17:19:19.923 [http-nio-80-exec-10] DEBUG com.ruoyi.project.monitor.online.mapper.UserOnlineMapper.saveOnline - ==> Parameters: 349612d0-70d1-4c04-8170-214b1a13d3c0(String), admin(String), 研发一部(String), 0:0:0:0:0:0:0:1(String), Chrome 42(String), Windows 10(String), on_line(String), 2018-11-15 16:58:59.114(Timestamp), 2018-11-15 17:19:19.921(Timestamp), 1800000(Long)
17:19:19.958 [http-nio-80-exec-10] DEBUG com.ruoyi.project.monitor.online.mapper.UserOnlineMapper.saveOnline - <==    Updates: 2
17:20:19.944 [http-nio-80-exec-6] DEBUG com.ruoyi.project.monitor.online.mapper.UserOnlineMapper.saveOnline - ==>  Preparing: replace into sys_user_online(sessionId, login_name, dept_name, ipaddr, browser, os, status, start_timestsamp, last_access_time, expire_time) values (?, ?, ?, ?, ?, ?, ?, ?, ?, ?) 
17:20:19.944 [http-nio-80-exec-6] DEBUG com.ruoyi.project.monitor.online.mapper.UserOnlineMapper.saveOnline - ==> Parameters: 349612d0-70d1-4c04-8170-214b1a13d3c0(String), admin(String), 研发一部(String), 0:0:0:0:0:0:0:1(String), Chrome 42(String), Windows 10(String), on_line(String), 2018-11-15 16:58:59.114(Timestamp), 2018-11-15 17:20:19.943(Timestamp), 1800000(Long)
17:20:19.981 [http-nio-80-exec-6] DEBUG com.ruoyi.project.monitor.online.mapper.UserOnlineMapper.saveOnline - <==    Updates: 2
17:21:19.966 [http-nio-80-exec-1] DEBUG com.ruoyi.project.monitor.online.mapper.UserOnlineMapper.saveOnline - ==>  Preparing: replace into sys_user_online(sessionId, login_name, dept_name, ipaddr, browser, os, status, start_timestsamp, last_access_time, expire_time) values (?, ?, ?, ?, ?, ?, ?, ?, ?, ?) 
17:21:19.967 [http-nio-80-exec-1] DEBUG com.ruoyi.project.monitor.online.mapper.UserOnlineMapper.saveOnline - ==> Parameters: 349612d0-70d1-4c04-8170-214b1a13d3c0(String), admin(String), 研发一部(String), 0:0:0:0:0:0:0:1(String), Chrome 42(String), Windows 10(String), on_line(String), 2018-11-15 16:58:59.114(Timestamp), 2018-11-15 17:21:19.965(Timestamp), 1800000(Long)
17:21:20.014 [http-nio-80-exec-1] DEBUG com.ruoyi.project.monitor.online.mapper.UserOnlineMapper.saveOnline - <==    Updates: 2
17:22:19.987 [http-nio-80-exec-9] DEBUG com.ruoyi.project.monitor.online.mapper.UserOnlineMapper.saveOnline - ==>  Preparing: replace into sys_user_online(sessionId, login_name, dept_name, ipaddr, browser, os, status, start_timestsamp, last_access_time, expire_time) values (?, ?, ?, ?, ?, ?, ?, ?, ?, ?) 
17:22:19.988 [http-nio-80-exec-9] DEBUG com.ruoyi.project.monitor.online.mapper.UserOnlineMapper.saveOnline - ==> Parameters: 349612d0-70d1-4c04-8170-214b1a13d3c0(String), admin(String), 研发一部(String), 0:0:0:0:0:0:0:1(String), Chrome 42(String), Windows 10(String), on_line(String), 2018-11-15 16:58:59.114(Timestamp), 2018-11-15 17:22:19.986(Timestamp), 1800000(Long)
17:22:20.036 [http-nio-80-exec-9] DEBUG com.ruoyi.project.monitor.online.mapper.UserOnlineMapper.saveOnline - <==    Updates: 2
17:23:20.008 [http-nio-80-exec-3] DEBUG com.ruoyi.project.monitor.online.mapper.UserOnlineMapper.saveOnline - ==>  Preparing: replace into sys_user_online(sessionId, login_name, dept_name, ipaddr, browser, os, status, start_timestsamp, last_access_time, expire_time) values (?, ?, ?, ?, ?, ?, ?, ?, ?, ?) 
17:23:20.009 [http-nio-80-exec-3] DEBUG com.ruoyi.project.monitor.online.mapper.UserOnlineMapper.saveOnline - ==> Parameters: 349612d0-70d1-4c04-8170-214b1a13d3c0(String), admin(String), 研发一部(String), 0:0:0:0:0:0:0:1(String), Chrome 42(String), Windows 10(String), on_line(String), 2018-11-15 16:58:59.114(Timestamp), 2018-11-15 17:23:20.007(Timestamp), 1800000(Long)
17:23:20.057 [http-nio-80-exec-3] DEBUG com.ruoyi.project.monitor.online.mapper.UserOnlineMapper.saveOnline - <==    Updates: 2
17:24:20.028 [http-nio-80-exec-10] DEBUG com.ruoyi.project.monitor.online.mapper.UserOnlineMapper.saveOnline - ==>  Preparing: replace into sys_user_online(sessionId, login_name, dept_name, ipaddr, browser, os, status, start_timestsamp, last_access_time, expire_time) values (?, ?, ?, ?, ?, ?, ?, ?, ?, ?) 
17:24:20.029 [http-nio-80-exec-10] DEBUG com.ruoyi.project.monitor.online.mapper.UserOnlineMapper.saveOnline - ==> Parameters: 349612d0-70d1-4c04-8170-214b1a13d3c0(String), admin(String), 研发一部(String), 0:0:0:0:0:0:0:1(String), Chrome 42(String), Windows 10(String), on_line(String), 2018-11-15 16:58:59.114(Timestamp), 2018-11-15 17:24:20.028(Timestamp), 1800000(Long)
17:24:20.112 [http-nio-80-exec-10] DEBUG com.ruoyi.project.monitor.online.mapper.UserOnlineMapper.saveOnline - <==    Updates: 2
17:25:20.051 [http-nio-80-exec-6] DEBUG com.ruoyi.project.monitor.online.mapper.UserOnlineMapper.saveOnline - ==>  Preparing: replace into sys_user_online(sessionId, login_name, dept_name, ipaddr, browser, os, status, start_timestsamp, last_access_time, expire_time) values (?, ?, ?, ?, ?, ?, ?, ?, ?, ?) 
17:25:20.052 [http-nio-80-exec-6] DEBUG com.ruoyi.project.monitor.online.mapper.UserOnlineMapper.saveOnline - ==> Parameters: 349612d0-70d1-4c04-8170-214b1a13d3c0(String), admin(String), 研发一部(String), 0:0:0:0:0:0:0:1(String), Chrome 42(String), Windows 10(String), on_line(String), 2018-11-15 16:58:59.114(Timestamp), 2018-11-15 17:25:20.051(Timestamp), 1800000(Long)
17:25:20.102 [http-nio-80-exec-6] DEBUG com.ruoyi.project.monitor.online.mapper.UserOnlineMapper.saveOnline - <==    Updates: 2
17:26:20.070 [http-nio-80-exec-1] DEBUG com.ruoyi.project.monitor.online.mapper.UserOnlineMapper.saveOnline - ==>  Preparing: replace into sys_user_online(sessionId, login_name, dept_name, ipaddr, browser, os, status, start_timestsamp, last_access_time, expire_time) values (?, ?, ?, ?, ?, ?, ?, ?, ?, ?) 
17:26:20.070 [http-nio-80-exec-1] DEBUG com.ruoyi.project.monitor.online.mapper.UserOnlineMapper.saveOnline - ==> Parameters: 349612d0-70d1-4c04-8170-214b1a13d3c0(String), admin(String), 研发一部(String), 0:0:0:0:0:0:0:1(String), Chrome 42(String), Windows 10(String), on_line(String), 2018-11-15 16:58:59.114(Timestamp), 2018-11-15 17:26:20.069(Timestamp), 1800000(Long)
17:26:20.112 [http-nio-80-exec-1] DEBUG com.ruoyi.project.monitor.online.mapper.UserOnlineMapper.saveOnline - <==    Updates: 2
17:27:20.091 [http-nio-80-exec-9] DEBUG com.ruoyi.project.monitor.online.mapper.UserOnlineMapper.saveOnline - ==>  Preparing: replace into sys_user_online(sessionId, login_name, dept_name, ipaddr, browser, os, status, start_timestsamp, last_access_time, expire_time) values (?, ?, ?, ?, ?, ?, ?, ?, ?, ?) 
17:27:20.092 [http-nio-80-exec-9] DEBUG com.ruoyi.project.monitor.online.mapper.UserOnlineMapper.saveOnline - ==> Parameters: 349612d0-70d1-4c04-8170-214b1a13d3c0(String), admin(String), 研发一部(String), 0:0:0:0:0:0:0:1(String), Chrome 42(String), Windows 10(String), on_line(String), 2018-11-15 16:58:59.114(Timestamp), 2018-11-15 17:27:20.091(Timestamp), 1800000(Long)
17:27:20.134 [http-nio-80-exec-9] DEBUG com.ruoyi.project.monitor.online.mapper.UserOnlineMapper.saveOnline - <==    Updates: 2
17:28:20.115 [http-nio-80-exec-3] DEBUG com.ruoyi.project.monitor.online.mapper.UserOnlineMapper.saveOnline - ==>  Preparing: replace into sys_user_online(sessionId, login_name, dept_name, ipaddr, browser, os, status, start_timestsamp, last_access_time, expire_time) values (?, ?, ?, ?, ?, ?, ?, ?, ?, ?) 
17:28:20.115 [http-nio-80-exec-3] DEBUG com.ruoyi.project.monitor.online.mapper.UserOnlineMapper.saveOnline - ==> Parameters: 349612d0-70d1-4c04-8170-214b1a13d3c0(String), admin(String), 研发一部(String), 0:0:0:0:0:0:0:1(String), Chrome 42(String), Windows 10(String), on_line(String), 2018-11-15 16:58:59.114(Timestamp), 2018-11-15 17:28:20.114(Timestamp), 1800000(Long)
17:28:20.156 [http-nio-80-exec-3] DEBUG com.ruoyi.project.monitor.online.mapper.UserOnlineMapper.saveOnline - <==    Updates: 2
17:28:58.801 [pool-1-thread-1] INFO  com.ruoyi.framework.shiro.web.session.OnlineWebSessionManager - invalidation sessions...
17:28:58.802 [pool-1-thread-1] DEBUG com.ruoyi.project.monitor.online.mapper.UserOnlineMapper.selectOnlineByExpired - ==>  Preparing: SELECT * FROM sys_user_online o WHERE o.last_access_time <= ? ORDER BY o.last_access_time ASC 
17:28:58.802 [pool-1-thread-1] DEBUG com.ruoyi.project.monitor.online.mapper.UserOnlineMapper.selectOnlineByExpired - ==> Parameters: 2018-11-15 16:58:58(String)
17:28:58.803 [pool-1-thread-1] DEBUG com.ruoyi.project.monitor.online.mapper.UserOnlineMapper.selectOnlineByExpired - <==      Total: 0
17:28:58.804 [pool-1-thread-1] INFO  com.ruoyi.framework.shiro.web.session.OnlineWebSessionManager - Finished invalidation session. No sessions were stopped.
17:29:20.137 [http-nio-80-exec-10] DEBUG com.ruoyi.project.monitor.online.mapper.UserOnlineMapper.saveOnline - ==>  Preparing: replace into sys_user_online(sessionId, login_name, dept_name, ipaddr, browser, os, status, start_timestsamp, last_access_time, expire_time) values (?, ?, ?, ?, ?, ?, ?, ?, ?, ?) 
17:29:20.137 [http-nio-80-exec-10] DEBUG com.ruoyi.project.monitor.online.mapper.UserOnlineMapper.saveOnline - ==> Parameters: 349612d0-70d1-4c04-8170-214b1a13d3c0(String), admin(String), 研发一部(String), 0:0:0:0:0:0:0:1(String), Chrome 42(String), Windows 10(String), on_line(String), 2018-11-15 16:58:59.114(Timestamp), 2018-11-15 17:29:20.136(Timestamp), 1800000(Long)
17:29:20.211 [http-nio-80-exec-10] DEBUG com.ruoyi.project.monitor.online.mapper.UserOnlineMapper.saveOnline - <==    Updates: 2
17:30:20.160 [http-nio-80-exec-6] DEBUG com.ruoyi.project.monitor.online.mapper.UserOnlineMapper.saveOnline - ==>  Preparing: replace into sys_user_online(sessionId, login_name, dept_name, ipaddr, browser, os, status, start_timestsamp, last_access_time, expire_time) values (?, ?, ?, ?, ?, ?, ?, ?, ?, ?) 
17:30:20.161 [http-nio-80-exec-6] DEBUG com.ruoyi.project.monitor.online.mapper.UserOnlineMapper.saveOnline - ==> Parameters: 349612d0-70d1-4c04-8170-214b1a13d3c0(String), admin(String), 研发一部(String), 0:0:0:0:0:0:0:1(String), Chrome 42(String), Windows 10(String), on_line(String), 2018-11-15 16:58:59.114(Timestamp), 2018-11-15 17:30:20.16(Timestamp), 1800000(Long)
17:30:20.201 [http-nio-80-exec-6] DEBUG com.ruoyi.project.monitor.online.mapper.UserOnlineMapper.saveOnline - <==    Updates: 2
17:31:20.182 [http-nio-80-exec-1] DEBUG com.ruoyi.project.monitor.online.mapper.UserOnlineMapper.saveOnline - ==>  Preparing: replace into sys_user_online(sessionId, login_name, dept_name, ipaddr, browser, os, status, start_timestsamp, last_access_time, expire_time) values (?, ?, ?, ?, ?, ?, ?, ?, ?, ?) 
17:31:20.183 [http-nio-80-exec-1] DEBUG com.ruoyi.project.monitor.online.mapper.UserOnlineMapper.saveOnline - ==> Parameters: 349612d0-70d1-4c04-8170-214b1a13d3c0(String), admin(String), 研发一部(String), 0:0:0:0:0:0:0:1(String), Chrome 42(String), Windows 10(String), on_line(String), 2018-11-15 16:58:59.114(Timestamp), 2018-11-15 17:31:20.182(Timestamp), 1800000(Long)
17:31:20.222 [http-nio-80-exec-1] DEBUG com.ruoyi.project.monitor.online.mapper.UserOnlineMapper.saveOnline - <==    Updates: 2
17:32:20.209 [http-nio-80-exec-9] DEBUG com.ruoyi.project.monitor.online.mapper.UserOnlineMapper.saveOnline - ==>  Preparing: replace into sys_user_online(sessionId, login_name, dept_name, ipaddr, browser, os, status, start_timestsamp, last_access_time, expire_time) values (?, ?, ?, ?, ?, ?, ?, ?, ?, ?) 
17:32:20.209 [http-nio-80-exec-9] DEBUG com.ruoyi.project.monitor.online.mapper.UserOnlineMapper.saveOnline - ==> Parameters: 349612d0-70d1-4c04-8170-214b1a13d3c0(String), admin(String), 研发一部(String), 0:0:0:0:0:0:0:1(String), Chrome 42(String), Windows 10(String), on_line(String), 2018-11-15 16:58:59.114(Timestamp), 2018-11-15 17:32:20.207(Timestamp), 1800000(Long)
17:32:20.255 [http-nio-80-exec-9] DEBUG com.ruoyi.project.monitor.online.mapper.UserOnlineMapper.saveOnline - <==    Updates: 2
17:33:20.253 [http-nio-80-exec-3] DEBUG com.ruoyi.project.monitor.online.mapper.UserOnlineMapper.saveOnline - ==>  Preparing: replace into sys_user_online(sessionId, login_name, dept_name, ipaddr, browser, os, status, start_timestsamp, last_access_time, expire_time) values (?, ?, ?, ?, ?, ?, ?, ?, ?, ?) 
17:33:20.254 [http-nio-80-exec-3] DEBUG com.ruoyi.project.monitor.online.mapper.UserOnlineMapper.saveOnline - ==> Parameters: 349612d0-70d1-4c04-8170-214b1a13d3c0(String), admin(String), 研发一部(String), 0:0:0:0:0:0:0:1(String), Chrome 42(String), Windows 10(String), on_line(String), 2018-11-15 16:58:59.114(Timestamp), 2018-11-15 17:33:20.252(Timestamp), 1800000(Long)
17:33:20.347 [http-nio-80-exec-3] DEBUG com.ruoyi.project.monitor.online.mapper.UserOnlineMapper.saveOnline - <==    Updates: 2
17:34:20.256 [http-nio-80-exec-10] DEBUG com.ruoyi.project.monitor.online.mapper.UserOnlineMapper.saveOnline - ==>  Preparing: replace into sys_user_online(sessionId, login_name, dept_name, ipaddr, browser, os, status, start_timestsamp, last_access_time, expire_time) values (?, ?, ?, ?, ?, ?, ?, ?, ?, ?) 
17:34:20.257 [http-nio-80-exec-10] DEBUG com.ruoyi.project.monitor.online.mapper.UserOnlineMapper.saveOnline - ==> Parameters: 349612d0-70d1-4c04-8170-214b1a13d3c0(String), admin(String), 研发一部(String), 0:0:0:0:0:0:0:1(String), Chrome 42(String), Windows 10(String), on_line(String), 2018-11-15 16:58:59.114(Timestamp), 2018-11-15 17:34:20.255(Timestamp), 1800000(Long)
17:34:20.299 [http-nio-80-exec-10] DEBUG com.ruoyi.project.monitor.online.mapper.UserOnlineMapper.saveOnline - <==    Updates: 2
17:35:20.275 [http-nio-80-exec-6] DEBUG com.ruoyi.project.monitor.online.mapper.UserOnlineMapper.saveOnline - ==>  Preparing: replace into sys_user_online(sessionId, login_name, dept_name, ipaddr, browser, os, status, start_timestsamp, last_access_time, expire_time) values (?, ?, ?, ?, ?, ?, ?, ?, ?, ?) 
17:35:20.277 [http-nio-80-exec-6] DEBUG com.ruoyi.project.monitor.online.mapper.UserOnlineMapper.saveOnline - ==> Parameters: 349612d0-70d1-4c04-8170-214b1a13d3c0(String), admin(String), 研发一部(String), 0:0:0:0:0:0:0:1(String), Chrome 42(String), Windows 10(String), on_line(String), 2018-11-15 16:58:59.114(Timestamp), 2018-11-15 17:35:20.275(Timestamp), 1800000(Long)
17:35:20.320 [http-nio-80-exec-6] DEBUG com.ruoyi.project.monitor.online.mapper.UserOnlineMapper.saveOnline - <==    Updates: 2
17:36:20.304 [http-nio-80-exec-1] DEBUG com.ruoyi.project.monitor.online.mapper.UserOnlineMapper.saveOnline - ==>  Preparing: replace into sys_user_online(sessionId, login_name, dept_name, ipaddr, browser, os, status, start_timestsamp, last_access_time, expire_time) values (?, ?, ?, ?, ?, ?, ?, ?, ?, ?) 
17:36:20.305 [http-nio-80-exec-1] DEBUG com.ruoyi.project.monitor.online.mapper.UserOnlineMapper.saveOnline - ==> Parameters: 349612d0-70d1-4c04-8170-214b1a13d3c0(String), admin(String), 研发一部(String), 0:0:0:0:0:0:0:1(String), Chrome 42(String), Windows 10(String), on_line(String), 2018-11-15 16:58:59.114(Timestamp), 2018-11-15 17:36:20.303(Timestamp), 1800000(Long)
17:36:20.342 [http-nio-80-exec-1] DEBUG com.ruoyi.project.monitor.online.mapper.UserOnlineMapper.saveOnline - <==    Updates: 2
17:37:20.324 [http-nio-80-exec-9] DEBUG com.ruoyi.project.monitor.online.mapper.UserOnlineMapper.saveOnline - ==>  Preparing: replace into sys_user_online(sessionId, login_name, dept_name, ipaddr, browser, os, status, start_timestsamp, last_access_time, expire_time) values (?, ?, ?, ?, ?, ?, ?, ?, ?, ?) 
17:37:20.325 [http-nio-80-exec-9] DEBUG com.ruoyi.project.monitor.online.mapper.UserOnlineMapper.saveOnline - ==> Parameters: 349612d0-70d1-4c04-8170-214b1a13d3c0(String), admin(String), 研发一部(String), 0:0:0:0:0:0:0:1(String), Chrome 42(String), Windows 10(String), on_line(String), 2018-11-15 16:58:59.114(Timestamp), 2018-11-15 17:37:20.324(Timestamp), 1800000(Long)
17:37:20.375 [http-nio-80-exec-9] DEBUG com.ruoyi.project.monitor.online.mapper.UserOnlineMapper.saveOnline - <==    Updates: 2
17:38:20.350 [http-nio-80-exec-3] DEBUG com.ruoyi.project.monitor.online.mapper.UserOnlineMapper.saveOnline - ==>  Preparing: replace into sys_user_online(sessionId, login_name, dept_name, ipaddr, browser, os, status, start_timestsamp, last_access_time, expire_time) values (?, ?, ?, ?, ?, ?, ?, ?, ?, ?) 
17:38:20.352 [http-nio-80-exec-3] DEBUG com.ruoyi.project.monitor.online.mapper.UserOnlineMapper.saveOnline - ==> Parameters: 349612d0-70d1-4c04-8170-214b1a13d3c0(String), admin(String), 研发一部(String), 0:0:0:0:0:0:0:1(String), Chrome 42(String), Windows 10(String), on_line(String), 2018-11-15 16:58:59.114(Timestamp), 2018-11-15 17:38:20.35(Timestamp), 1800000(Long)
17:38:20.396 [http-nio-80-exec-3] DEBUG com.ruoyi.project.monitor.online.mapper.UserOnlineMapper.saveOnline - <==    Updates: 2
17:38:58.802 [pool-1-thread-1] INFO  com.ruoyi.framework.shiro.web.session.OnlineWebSessionManager - invalidation sessions...
17:38:58.803 [pool-1-thread-1] DEBUG com.ruoyi.project.monitor.online.mapper.UserOnlineMapper.selectOnlineByExpired - ==>  Preparing: SELECT * FROM sys_user_online o WHERE o.last_access_time <= ? ORDER BY o.last_access_time ASC 
17:38:58.803 [pool-1-thread-1] DEBUG com.ruoyi.project.monitor.online.mapper.UserOnlineMapper.selectOnlineByExpired - ==> Parameters: 2018-11-15 17:08:58(String)
17:38:58.804 [pool-1-thread-1] DEBUG com.ruoyi.project.monitor.online.mapper.UserOnlineMapper.selectOnlineByExpired - <==      Total: 0
17:38:58.805 [pool-1-thread-1] INFO  com.ruoyi.framework.shiro.web.session.OnlineWebSessionManager - Finished invalidation session. No sessions were stopped.
17:39:20.371 [http-nio-80-exec-10] DEBUG com.ruoyi.project.monitor.online.mapper.UserOnlineMapper.saveOnline - ==>  Preparing: replace into sys_user_online(sessionId, login_name, dept_name, ipaddr, browser, os, status, start_timestsamp, last_access_time, expire_time) values (?, ?, ?, ?, ?, ?, ?, ?, ?, ?) 
17:39:20.372 [http-nio-80-exec-10] DEBUG com.ruoyi.project.monitor.online.mapper.UserOnlineMapper.saveOnline - ==> Parameters: 349612d0-70d1-4c04-8170-214b1a13d3c0(String), admin(String), 研发一部(String), 0:0:0:0:0:0:0:1(String), Chrome 42(String), Windows 10(String), on_line(String), 2018-11-15 16:58:59.114(Timestamp), 2018-11-15 17:39:20.37(Timestamp), 1800000(Long)
17:39:20.463 [http-nio-80-exec-10] DEBUG com.ruoyi.project.monitor.online.mapper.UserOnlineMapper.saveOnline - <==    Updates: 2
17:40:20.393 [http-nio-80-exec-6] DEBUG com.ruoyi.project.monitor.online.mapper.UserOnlineMapper.saveOnline - ==>  Preparing: replace into sys_user_online(sessionId, login_name, dept_name, ipaddr, browser, os, status, start_timestsamp, last_access_time, expire_time) values (?, ?, ?, ?, ?, ?, ?, ?, ?, ?) 
17:40:20.394 [http-nio-80-exec-6] DEBUG com.ruoyi.project.monitor.online.mapper.UserOnlineMapper.saveOnline - ==> Parameters: 349612d0-70d1-4c04-8170-214b1a13d3c0(String), admin(String), 研发一部(String), 0:0:0:0:0:0:0:1(String), Chrome 42(String), Windows 10(String), on_line(String), 2018-11-15 16:58:59.114(Timestamp), 2018-11-15 17:40:20.392(Timestamp), 1800000(Long)
17:40:20.440 [http-nio-80-exec-6] DEBUG com.ruoyi.project.monitor.online.mapper.UserOnlineMapper.saveOnline - <==    Updates: 2
17:41:20.420 [http-nio-80-exec-1] DEBUG com.ruoyi.project.monitor.online.mapper.UserOnlineMapper.saveOnline - ==>  Preparing: replace into sys_user_online(sessionId, login_name, dept_name, ipaddr, browser, os, status, start_timestsamp, last_access_time, expire_time) values (?, ?, ?, ?, ?, ?, ?, ?, ?, ?) 
17:41:20.421 [http-nio-80-exec-1] DEBUG com.ruoyi.project.monitor.online.mapper.UserOnlineMapper.saveOnline - ==> Parameters: 349612d0-70d1-4c04-8170-214b1a13d3c0(String), admin(String), 研发一部(String), 0:0:0:0:0:0:0:1(String), Chrome 42(String), Windows 10(String), on_line(String), 2018-11-15 16:58:59.114(Timestamp), 2018-11-15 17:41:20.42(Timestamp), 1800000(Long)
17:41:20.463 [http-nio-80-exec-1] DEBUG com.ruoyi.project.monitor.online.mapper.UserOnlineMapper.saveOnline - <==    Updates: 2
17:42:20.443 [http-nio-80-exec-9] DEBUG com.ruoyi.project.monitor.online.mapper.UserOnlineMapper.saveOnline - ==>  Preparing: replace into sys_user_online(sessionId, login_name, dept_name, ipaddr, browser, os, status, start_timestsamp, last_access_time, expire_time) values (?, ?, ?, ?, ?, ?, ?, ?, ?, ?) 
17:42:20.444 [http-nio-80-exec-9] DEBUG com.ruoyi.project.monitor.online.mapper.UserOnlineMapper.saveOnline - ==> Parameters: 349612d0-70d1-4c04-8170-214b1a13d3c0(String), admin(String), 研发一部(String), 0:0:0:0:0:0:0:1(String), Chrome 42(String), Windows 10(String), on_line(String), 2018-11-15 16:58:59.114(Timestamp), 2018-11-15 17:42:20.442(Timestamp), 1800000(Long)
17:42:20.484 [http-nio-80-exec-9] DEBUG com.ruoyi.project.monitor.online.mapper.UserOnlineMapper.saveOnline - <==    Updates: 2
17:43:20.466 [http-nio-80-exec-3] DEBUG com.ruoyi.project.monitor.online.mapper.UserOnlineMapper.saveOnline - ==>  Preparing: replace into sys_user_online(sessionId, login_name, dept_name, ipaddr, browser, os, status, start_timestsamp, last_access_time, expire_time) values (?, ?, ?, ?, ?, ?, ?, ?, ?, ?) 
17:43:20.467 [http-nio-80-exec-3] DEBUG com.ruoyi.project.monitor.online.mapper.UserOnlineMapper.saveOnline - ==> Parameters: 349612d0-70d1-4c04-8170-214b1a13d3c0(String), admin(String), 研发一部(String), 0:0:0:0:0:0:0:1(String), Chrome 42(String), Windows 10(String), on_line(String), 2018-11-15 16:58:59.114(Timestamp), 2018-11-15 17:43:20.465(Timestamp), 1800000(Long)
17:43:20.540 [http-nio-80-exec-3] DEBUG com.ruoyi.project.monitor.online.mapper.UserOnlineMapper.saveOnline - <==    Updates: 2
17:44:20.486 [http-nio-80-exec-10] DEBUG com.ruoyi.project.monitor.online.mapper.UserOnlineMapper.saveOnline - ==>  Preparing: replace into sys_user_online(sessionId, login_name, dept_name, ipaddr, browser, os, status, start_timestsamp, last_access_time, expire_time) values (?, ?, ?, ?, ?, ?, ?, ?, ?, ?) 
17:44:20.487 [http-nio-80-exec-10] DEBUG com.ruoyi.project.monitor.online.mapper.UserOnlineMapper.saveOnline - ==> Parameters: 349612d0-70d1-4c04-8170-214b1a13d3c0(String), admin(String), 研发一部(String), 0:0:0:0:0:0:0:1(String), Chrome 42(String), Windows 10(String), on_line(String), 2018-11-15 16:58:59.114(Timestamp), 2018-11-15 17:44:20.485(Timestamp), 1800000(Long)
17:44:20.528 [http-nio-80-exec-10] DEBUG com.ruoyi.project.monitor.online.mapper.UserOnlineMapper.saveOnline - <==    Updates: 2
17:45:20.510 [http-nio-80-exec-6] DEBUG com.ruoyi.project.monitor.online.mapper.UserOnlineMapper.saveOnline - ==>  Preparing: replace into sys_user_online(sessionId, login_name, dept_name, ipaddr, browser, os, status, start_timestsamp, last_access_time, expire_time) values (?, ?, ?, ?, ?, ?, ?, ?, ?, ?) 
17:45:20.511 [http-nio-80-exec-6] DEBUG com.ruoyi.project.monitor.online.mapper.UserOnlineMapper.saveOnline - ==> Parameters: 349612d0-70d1-4c04-8170-214b1a13d3c0(String), admin(String), 研发一部(String), 0:0:0:0:0:0:0:1(String), Chrome 42(String), Windows 10(String), on_line(String), 2018-11-15 16:58:59.114(Timestamp), 2018-11-15 17:45:20.509(Timestamp), 1800000(Long)
17:45:20.550 [http-nio-80-exec-6] DEBUG com.ruoyi.project.monitor.online.mapper.UserOnlineMapper.saveOnline - <==    Updates: 2
17:46:20.534 [http-nio-80-exec-1] DEBUG com.ruoyi.project.monitor.online.mapper.UserOnlineMapper.saveOnline - ==>  Preparing: replace into sys_user_online(sessionId, login_name, dept_name, ipaddr, browser, os, status, start_timestsamp, last_access_time, expire_time) values (?, ?, ?, ?, ?, ?, ?, ?, ?, ?) 
17:46:20.535 [http-nio-80-exec-1] DEBUG com.ruoyi.project.monitor.online.mapper.UserOnlineMapper.saveOnline - ==> Parameters: 349612d0-70d1-4c04-8170-214b1a13d3c0(String), admin(String), 研发一部(String), 0:0:0:0:0:0:0:1(String), Chrome 42(String), Windows 10(String), on_line(String), 2018-11-15 16:58:59.114(Timestamp), 2018-11-15 17:46:20.533(Timestamp), 1800000(Long)
17:46:20.584 [http-nio-80-exec-1] DEBUG com.ruoyi.project.monitor.online.mapper.UserOnlineMapper.saveOnline - <==    Updates: 2
17:47:20.556 [http-nio-80-exec-9] DEBUG com.ruoyi.project.monitor.online.mapper.UserOnlineMapper.saveOnline - ==>  Preparing: replace into sys_user_online(sessionId, login_name, dept_name, ipaddr, browser, os, status, start_timestsamp, last_access_time, expire_time) values (?, ?, ?, ?, ?, ?, ?, ?, ?, ?) 
17:47:20.557 [http-nio-80-exec-9] DEBUG com.ruoyi.project.monitor.online.mapper.UserOnlineMapper.saveOnline - ==> Parameters: 349612d0-70d1-4c04-8170-214b1a13d3c0(String), admin(String), 研发一部(String), 0:0:0:0:0:0:0:1(String), Chrome 42(String), Windows 10(String), on_line(String), 2018-11-15 16:58:59.114(Timestamp), 2018-11-15 17:47:20.555(Timestamp), 1800000(Long)
17:47:20.594 [http-nio-80-exec-9] DEBUG com.ruoyi.project.monitor.online.mapper.UserOnlineMapper.saveOnline - <==    Updates: 2
17:48:20.580 [http-nio-80-exec-3] DEBUG com.ruoyi.project.monitor.online.mapper.UserOnlineMapper.saveOnline - ==>  Preparing: replace into sys_user_online(sessionId, login_name, dept_name, ipaddr, browser, os, status, start_timestsamp, last_access_time, expire_time) values (?, ?, ?, ?, ?, ?, ?, ?, ?, ?) 
17:48:20.582 [http-nio-80-exec-3] DEBUG com.ruoyi.project.monitor.online.mapper.UserOnlineMapper.saveOnline - ==> Parameters: 349612d0-70d1-4c04-8170-214b1a13d3c0(String), admin(String), 研发一部(String), 0:0:0:0:0:0:0:1(String), Chrome 42(String), Windows 10(String), on_line(String), 2018-11-15 16:58:59.114(Timestamp), 2018-11-15 17:48:20.58(Timestamp), 1800000(Long)
17:48:20.616 [http-nio-80-exec-3] DEBUG com.ruoyi.project.monitor.online.mapper.UserOnlineMapper.saveOnline - <==    Updates: 2
17:48:58.801 [pool-1-thread-1] INFO  com.ruoyi.framework.shiro.web.session.OnlineWebSessionManager - invalidation sessions...
17:48:58.802 [pool-1-thread-1] DEBUG com.ruoyi.project.monitor.online.mapper.UserOnlineMapper.selectOnlineByExpired - ==>  Preparing: SELECT * FROM sys_user_online o WHERE o.last_access_time <= ? ORDER BY o.last_access_time ASC 
17:48:58.802 [pool-1-thread-1] DEBUG com.ruoyi.project.monitor.online.mapper.UserOnlineMapper.selectOnlineByExpired - ==> Parameters: 2018-11-15 17:18:58(String)
17:48:58.803 [pool-1-thread-1] DEBUG com.ruoyi.project.monitor.online.mapper.UserOnlineMapper.selectOnlineByExpired - <==      Total: 0
17:48:58.804 [pool-1-thread-1] INFO  com.ruoyi.framework.shiro.web.session.OnlineWebSessionManager - Finished invalidation session. No sessions were stopped.
17:49:20.600 [http-nio-80-exec-10] DEBUG com.ruoyi.project.monitor.online.mapper.UserOnlineMapper.saveOnline - ==>  Preparing: replace into sys_user_online(sessionId, login_name, dept_name, ipaddr, browser, os, status, start_timestsamp, last_access_time, expire_time) values (?, ?, ?, ?, ?, ?, ?, ?, ?, ?) 
17:49:20.601 [http-nio-80-exec-10] DEBUG com.ruoyi.project.monitor.online.mapper.UserOnlineMapper.saveOnline - ==> Parameters: 349612d0-70d1-4c04-8170-214b1a13d3c0(String), admin(String), 研发一部(String), 0:0:0:0:0:0:0:1(String), Chrome 42(String), Windows 10(String), on_line(String), 2018-11-15 16:58:59.114(Timestamp), 2018-11-15 17:49:20.599(Timestamp), 1800000(Long)
17:49:20.638 [http-nio-80-exec-10] DEBUG com.ruoyi.project.monitor.online.mapper.UserOnlineMapper.saveOnline - <==    Updates: 2
17:50:20.622 [http-nio-80-exec-6] DEBUG com.ruoyi.project.monitor.online.mapper.UserOnlineMapper.saveOnline - ==>  Preparing: replace into sys_user_online(sessionId, login_name, dept_name, ipaddr, browser, os, status, start_timestsamp, last_access_time, expire_time) values (?, ?, ?, ?, ?, ?, ?, ?, ?, ?) 
17:50:20.623 [http-nio-80-exec-6] DEBUG com.ruoyi.project.monitor.online.mapper.UserOnlineMapper.saveOnline - ==> Parameters: 349612d0-70d1-4c04-8170-214b1a13d3c0(String), admin(String), 研发一部(String), 0:0:0:0:0:0:0:1(String), Chrome 42(String), Windows 10(String), on_line(String), 2018-11-15 16:58:59.114(Timestamp), 2018-11-15 17:50:20.622(Timestamp), 1800000(Long)
17:50:20.660 [http-nio-80-exec-6] DEBUG com.ruoyi.project.monitor.online.mapper.UserOnlineMapper.saveOnline - <==    Updates: 2
17:51:20.643 [http-nio-80-exec-1] DEBUG com.ruoyi.project.monitor.online.mapper.UserOnlineMapper.saveOnline - ==>  Preparing: replace into sys_user_online(sessionId, login_name, dept_name, ipaddr, browser, os, status, start_timestsamp, last_access_time, expire_time) values (?, ?, ?, ?, ?, ?, ?, ?, ?, ?) 
17:51:20.644 [http-nio-80-exec-1] DEBUG com.ruoyi.project.monitor.online.mapper.UserOnlineMapper.saveOnline - ==> Parameters: 349612d0-70d1-4c04-8170-214b1a13d3c0(String), admin(String), 研发一部(String), 0:0:0:0:0:0:0:1(String), Chrome 42(String), Windows 10(String), on_line(String), 2018-11-15 16:58:59.114(Timestamp), 2018-11-15 17:51:20.642(Timestamp), 1800000(Long)
17:51:20.682 [http-nio-80-exec-1] DEBUG com.ruoyi.project.monitor.online.mapper.UserOnlineMapper.saveOnline - <==    Updates: 2
17:52:20.665 [http-nio-80-exec-9] DEBUG com.ruoyi.project.monitor.online.mapper.UserOnlineMapper.saveOnline - ==>  Preparing: replace into sys_user_online(sessionId, login_name, dept_name, ipaddr, browser, os, status, start_timestsamp, last_access_time, expire_time) values (?, ?, ?, ?, ?, ?, ?, ?, ?, ?) 
17:52:20.666 [http-nio-80-exec-9] DEBUG com.ruoyi.project.monitor.online.mapper.UserOnlineMapper.saveOnline - ==> Parameters: 349612d0-70d1-4c04-8170-214b1a13d3c0(String), admin(String), 研发一部(String), 0:0:0:0:0:0:0:1(String), Chrome 42(String), Windows 10(String), on_line(String), 2018-11-15 16:58:59.114(Timestamp), 2018-11-15 17:52:20.665(Timestamp), 1800000(Long)
17:52:20.727 [http-nio-80-exec-9] DEBUG com.ruoyi.project.monitor.online.mapper.UserOnlineMapper.saveOnline - <==    Updates: 2
17:53:20.692 [http-nio-80-exec-3] DEBUG com.ruoyi.project.monitor.online.mapper.UserOnlineMapper.saveOnline - ==>  Preparing: replace into sys_user_online(sessionId, login_name, dept_name, ipaddr, browser, os, status, start_timestsamp, last_access_time, expire_time) values (?, ?, ?, ?, ?, ?, ?, ?, ?, ?) 
17:53:20.693 [http-nio-80-exec-3] DEBUG com.ruoyi.project.monitor.online.mapper.UserOnlineMapper.saveOnline - ==> Parameters: 349612d0-70d1-4c04-8170-214b1a13d3c0(String), admin(String), 研发一部(String), 0:0:0:0:0:0:0:1(String), Chrome 42(String), Windows 10(String), on_line(String), 2018-11-15 16:58:59.114(Timestamp), 2018-11-15 17:53:20.692(Timestamp), 1800000(Long)
17:53:20.748 [http-nio-80-exec-3] DEBUG com.ruoyi.project.monitor.online.mapper.UserOnlineMapper.saveOnline - <==    Updates: 2
17:54:21.289 [http-nio-80-exec-10] DEBUG com.ruoyi.project.monitor.online.mapper.UserOnlineMapper.saveOnline - ==>  Preparing: replace into sys_user_online(sessionId, login_name, dept_name, ipaddr, browser, os, status, start_timestsamp, last_access_time, expire_time) values (?, ?, ?, ?, ?, ?, ?, ?, ?, ?) 
17:54:21.290 [http-nio-80-exec-10] DEBUG com.ruoyi.project.monitor.online.mapper.UserOnlineMapper.saveOnline - ==> Parameters: 349612d0-70d1-4c04-8170-214b1a13d3c0(String), admin(String), 研发一部(String), 0:0:0:0:0:0:0:1(String), Chrome 42(String), Windows 10(String), on_line(String), 2018-11-15 16:58:59.114(Timestamp), 2018-11-15 17:54:21.288(Timestamp), 1800000(Long)
17:54:21.336 [http-nio-80-exec-10] DEBUG com.ruoyi.project.monitor.online.mapper.UserOnlineMapper.saveOnline - <==    Updates: 2
17:55:22.281 [http-nio-80-exec-6] DEBUG com.ruoyi.project.monitor.online.mapper.UserOnlineMapper.saveOnline - ==>  Preparing: replace into sys_user_online(sessionId, login_name, dept_name, ipaddr, browser, os, status, start_timestsamp, last_access_time, expire_time) values (?, ?, ?, ?, ?, ?, ?, ?, ?, ?) 
17:55:22.282 [http-nio-80-exec-6] DEBUG com.ruoyi.project.monitor.online.mapper.UserOnlineMapper.saveOnline - ==> Parameters: 349612d0-70d1-4c04-8170-214b1a13d3c0(String), admin(String), 研发一部(String), 0:0:0:0:0:0:0:1(String), Chrome 42(String), Windows 10(String), on_line(String), 2018-11-15 16:58:59.114(Timestamp), 2018-11-15 17:55:22.28(Timestamp), 1800000(Long)
17:55:22.377 [http-nio-80-exec-6] DEBUG com.ruoyi.project.monitor.online.mapper.UserOnlineMapper.saveOnline - <==    Updates: 2
17:56:22.281 [http-nio-80-exec-1] DEBUG com.ruoyi.project.monitor.online.mapper.UserOnlineMapper.saveOnline - ==>  Preparing: replace into sys_user_online(sessionId, login_name, dept_name, ipaddr, browser, os, status, start_timestsamp, last_access_time, expire_time) values (?, ?, ?, ?, ?, ?, ?, ?, ?, ?) 
17:56:22.282 [http-nio-80-exec-1] DEBUG com.ruoyi.project.monitor.online.mapper.UserOnlineMapper.saveOnline - ==> Parameters: 349612d0-70d1-4c04-8170-214b1a13d3c0(String), admin(String), 研发一部(String), 0:0:0:0:0:0:0:1(String), Chrome 42(String), Windows 10(String), on_line(String), 2018-11-15 16:58:59.114(Timestamp), 2018-11-15 17:56:22.28(Timestamp), 1800000(Long)
17:56:22.356 [http-nio-80-exec-1] DEBUG com.ruoyi.project.monitor.online.mapper.UserOnlineMapper.saveOnline - <==    Updates: 2
17:57:22.281 [http-nio-80-exec-9] DEBUG com.ruoyi.project.monitor.online.mapper.UserOnlineMapper.saveOnline - ==>  Preparing: replace into sys_user_online(sessionId, login_name, dept_name, ipaddr, browser, os, status, start_timestsamp, last_access_time, expire_time) values (?, ?, ?, ?, ?, ?, ?, ?, ?, ?) 
17:57:22.282 [http-nio-80-exec-9] DEBUG com.ruoyi.project.monitor.online.mapper.UserOnlineMapper.saveOnline - ==> Parameters: 349612d0-70d1-4c04-8170-214b1a13d3c0(String), admin(String), 研发一部(String), 0:0:0:0:0:0:0:1(String), Chrome 42(String), Windows 10(String), on_line(String), 2018-11-15 16:58:59.114(Timestamp), 2018-11-15 17:57:22.28(Timestamp), 1800000(Long)
17:57:22.377 [http-nio-80-exec-9] DEBUG com.ruoyi.project.monitor.online.mapper.UserOnlineMapper.saveOnline - <==    Updates: 2
17:58:22.282 [http-nio-80-exec-3] DEBUG com.ruoyi.project.monitor.online.mapper.UserOnlineMapper.saveOnline - ==>  Preparing: replace into sys_user_online(sessionId, login_name, dept_name, ipaddr, browser, os, status, start_timestsamp, last_access_time, expire_time) values (?, ?, ?, ?, ?, ?, ?, ?, ?, ?) 
17:58:22.283 [http-nio-80-exec-3] DEBUG com.ruoyi.project.monitor.online.mapper.UserOnlineMapper.saveOnline - ==> Parameters: 349612d0-70d1-4c04-8170-214b1a13d3c0(String), admin(String), 研发一部(String), 0:0:0:0:0:0:0:1(String), Chrome 42(String), Windows 10(String), on_line(String), 2018-11-15 16:58:59.114(Timestamp), 2018-11-15 17:58:22.282(Timestamp), 1800000(Long)
17:58:22.322 [http-nio-80-exec-3] DEBUG com.ruoyi.project.monitor.online.mapper.UserOnlineMapper.saveOnline - <==    Updates: 2
17:58:58.800 [pool-1-thread-1] INFO  com.ruoyi.framework.shiro.web.session.OnlineWebSessionManager - invalidation sessions...
17:58:58.801 [pool-1-thread-1] DEBUG com.ruoyi.project.monitor.online.mapper.UserOnlineMapper.selectOnlineByExpired - ==>  Preparing: SELECT * FROM sys_user_online o WHERE o.last_access_time <= ? ORDER BY o.last_access_time ASC 
17:58:58.801 [pool-1-thread-1] DEBUG com.ruoyi.project.monitor.online.mapper.UserOnlineMapper.selectOnlineByExpired - ==> Parameters: 2018-11-15 17:28:58(String)
17:58:58.804 [pool-1-thread-1] DEBUG com.ruoyi.project.monitor.online.mapper.UserOnlineMapper.selectOnlineByExpired - <==      Total: 0
17:58:58.805 [pool-1-thread-1] INFO  com.ruoyi.framework.shiro.web.session.OnlineWebSessionManager - Finished invalidation session. No sessions were stopped.
17:59:27.280 [http-nio-80-exec-2] DEBUG com.ruoyi.project.monitor.online.mapper.UserOnlineMapper.saveOnline - ==>  Preparing: replace into sys_user_online(sessionId, login_name, dept_name, ipaddr, browser, os, status, start_timestsamp, last_access_time, expire_time) values (?, ?, ?, ?, ?, ?, ?, ?, ?, ?) 
17:59:27.281 [http-nio-80-exec-2] DEBUG com.ruoyi.project.monitor.online.mapper.UserOnlineMapper.saveOnline - ==> Parameters: 349612d0-70d1-4c04-8170-214b1a13d3c0(String), admin(String), 研发一部(String), 0:0:0:0:0:0:0:1(String), Chrome 42(String), Windows 10(String), on_line(String), 2018-11-15 16:58:59.114(Timestamp), 2018-11-15 17:59:27.279(Timestamp), 1800000(Long)
17:59:27.314 [http-nio-80-exec-2] DEBUG com.ruoyi.project.monitor.online.mapper.UserOnlineMapper.saveOnline - <==    Updates: 2
18:00:27.280 [http-nio-80-exec-7] DEBUG com.ruoyi.project.monitor.online.mapper.UserOnlineMapper.saveOnline - ==>  Preparing: replace into sys_user_online(sessionId, login_name, dept_name, ipaddr, browser, os, status, start_timestsamp, last_access_time, expire_time) values (?, ?, ?, ?, ?, ?, ?, ?, ?, ?) 
18:00:27.281 [http-nio-80-exec-7] DEBUG com.ruoyi.project.monitor.online.mapper.UserOnlineMapper.saveOnline - ==> Parameters: 349612d0-70d1-4c04-8170-214b1a13d3c0(String), admin(String), 研发一部(String), 0:0:0:0:0:0:0:1(String), Chrome 42(String), Windows 10(String), on_line(String), 2018-11-15 16:58:59.114(Timestamp), 2018-11-15 18:00:27.279(Timestamp), 1800000(Long)
18:00:27.335 [http-nio-80-exec-7] DEBUG com.ruoyi.project.monitor.online.mapper.UserOnlineMapper.saveOnline - <==    Updates: 2
18:01:27.282 [http-nio-80-exec-4] DEBUG com.ruoyi.project.monitor.online.mapper.UserOnlineMapper.saveOnline - ==>  Preparing: replace into sys_user_online(sessionId, login_name, dept_name, ipaddr, browser, os, status, start_timestsamp, last_access_time, expire_time) values (?, ?, ?, ?, ?, ?, ?, ?, ?, ?) 
18:01:27.283 [http-nio-80-exec-4] DEBUG com.ruoyi.project.monitor.online.mapper.UserOnlineMapper.saveOnline - ==> Parameters: 349612d0-70d1-4c04-8170-214b1a13d3c0(String), admin(String), 研发一部(String), 0:0:0:0:0:0:0:1(String), Chrome 42(String), Windows 10(String), on_line(String), 2018-11-15 16:58:59.114(Timestamp), 2018-11-15 18:01:27.281(Timestamp), 1800000(Long)
18:01:27.325 [http-nio-80-exec-4] DEBUG com.ruoyi.project.monitor.online.mapper.UserOnlineMapper.saveOnline - <==    Updates: 2
18:02:28.281 [http-nio-80-exec-5] DEBUG com.ruoyi.project.monitor.online.mapper.UserOnlineMapper.saveOnline - ==>  Preparing: replace into sys_user_online(sessionId, login_name, dept_name, ipaddr, browser, os, status, start_timestsamp, last_access_time, expire_time) values (?, ?, ?, ?, ?, ?, ?, ?, ?, ?) 
18:02:28.283 [http-nio-80-exec-5] DEBUG com.ruoyi.project.monitor.online.mapper.UserOnlineMapper.saveOnline - ==> Parameters: 349612d0-70d1-4c04-8170-214b1a13d3c0(String), admin(String), 研发一部(String), 0:0:0:0:0:0:0:1(String), Chrome 42(String), Windows 10(String), on_line(String), 2018-11-15 16:58:59.114(Timestamp), 2018-11-15 18:02:28.281(Timestamp), 1800000(Long)
18:02:28.425 [http-nio-80-exec-5] DEBUG com.ruoyi.project.monitor.online.mapper.UserOnlineMapper.saveOnline - <==    Updates: 2
18:03:28.282 [http-nio-80-exec-8] DEBUG com.ruoyi.project.monitor.online.mapper.UserOnlineMapper.saveOnline - ==>  Preparing: replace into sys_user_online(sessionId, login_name, dept_name, ipaddr, browser, os, status, start_timestsamp, last_access_time, expire_time) values (?, ?, ?, ?, ?, ?, ?, ?, ?, ?) 
18:03:28.283 [http-nio-80-exec-8] DEBUG com.ruoyi.project.monitor.online.mapper.UserOnlineMapper.saveOnline - ==> Parameters: 349612d0-70d1-4c04-8170-214b1a13d3c0(String), admin(String), 研发一部(String), 0:0:0:0:0:0:0:1(String), Chrome 42(String), Windows 10(String), on_line(String), 2018-11-15 16:58:59.114(Timestamp), 2018-11-15 18:03:28.282(Timestamp), 1800000(Long)
18:03:28.323 [http-nio-80-exec-8] DEBUG com.ruoyi.project.monitor.online.mapper.UserOnlineMapper.saveOnline - <==    Updates: 2
18:04:33.280 [http-nio-80-exec-6] DEBUG com.ruoyi.project.monitor.online.mapper.UserOnlineMapper.saveOnline - ==>  Preparing: replace into sys_user_online(sessionId, login_name, dept_name, ipaddr, browser, os, status, start_timestsamp, last_access_time, expire_time) values (?, ?, ?, ?, ?, ?, ?, ?, ?, ?) 
18:04:33.281 [http-nio-80-exec-6] DEBUG com.ruoyi.project.monitor.online.mapper.UserOnlineMapper.saveOnline - ==> Parameters: 349612d0-70d1-4c04-8170-214b1a13d3c0(String), admin(String), 研发一部(String), 0:0:0:0:0:0:0:1(String), Chrome 42(String), Windows 10(String), on_line(String), 2018-11-15 16:58:59.114(Timestamp), 2018-11-15 18:04:33.28(Timestamp), 1800000(Long)
18:04:33.337 [http-nio-80-exec-6] DEBUG com.ruoyi.project.monitor.online.mapper.UserOnlineMapper.saveOnline - <==    Updates: 2
18:05:34.283 [http-nio-80-exec-1] DEBUG com.ruoyi.project.monitor.online.mapper.UserOnlineMapper.saveOnline - ==>  Preparing: replace into sys_user_online(sessionId, login_name, dept_name, ipaddr, browser, os, status, start_timestsamp, last_access_time, expire_time) values (?, ?, ?, ?, ?, ?, ?, ?, ?, ?) 
18:05:34.284 [http-nio-80-exec-1] DEBUG com.ruoyi.project.monitor.online.mapper.UserOnlineMapper.saveOnline - ==> Parameters: 349612d0-70d1-4c04-8170-214b1a13d3c0(String), admin(String), 研发一部(String), 0:0:0:0:0:0:0:1(String), Chrome 42(String), Windows 10(String), on_line(String), 2018-11-15 16:58:59.114(Timestamp), 2018-11-15 18:05:34.282(Timestamp), 1800000(Long)
18:05:34.406 [http-nio-80-exec-1] DEBUG com.ruoyi.project.monitor.online.mapper.UserOnlineMapper.saveOnline - <==    Updates: 2
18:06:36.281 [http-nio-80-exec-9] DEBUG com.ruoyi.project.monitor.online.mapper.UserOnlineMapper.saveOnline - ==>  Preparing: replace into sys_user_online(sessionId, login_name, dept_name, ipaddr, browser, os, status, start_timestsamp, last_access_time, expire_time) values (?, ?, ?, ?, ?, ?, ?, ?, ?, ?) 
18:06:36.282 [http-nio-80-exec-9] DEBUG com.ruoyi.project.monitor.online.mapper.UserOnlineMapper.saveOnline - ==> Parameters: 349612d0-70d1-4c04-8170-214b1a13d3c0(String), admin(String), 研发一部(String), 0:0:0:0:0:0:0:1(String), Chrome 42(String), Windows 10(String), on_line(String), 2018-11-15 16:58:59.114(Timestamp), 2018-11-15 18:06:36.281(Timestamp), 1800000(Long)
18:06:36.432 [http-nio-80-exec-9] DEBUG com.ruoyi.project.monitor.online.mapper.UserOnlineMapper.saveOnline - <==    Updates: 2
18:07:36.283 [http-nio-80-exec-3] DEBUG com.ruoyi.project.monitor.online.mapper.UserOnlineMapper.saveOnline - ==>  Preparing: replace into sys_user_online(sessionId, login_name, dept_name, ipaddr, browser, os, status, start_timestsamp, last_access_time, expire_time) values (?, ?, ?, ?, ?, ?, ?, ?, ?, ?) 
18:07:36.284 [http-nio-80-exec-3] DEBUG com.ruoyi.project.monitor.online.mapper.UserOnlineMapper.saveOnline - ==> Parameters: 349612d0-70d1-4c04-8170-214b1a13d3c0(String), admin(String), 研发一部(String), 0:0:0:0:0:0:0:1(String), Chrome 42(String), Windows 10(String), on_line(String), 2018-11-15 16:58:59.114(Timestamp), 2018-11-15 18:07:36.282(Timestamp), 1800000(Long)
18:07:36.321 [http-nio-80-exec-3] DEBUG com.ruoyi.project.monitor.online.mapper.UserOnlineMapper.saveOnline - <==    Updates: 2
18:08:36.282 [http-nio-80-exec-10] DEBUG com.ruoyi.project.monitor.online.mapper.UserOnlineMapper.saveOnline - ==>  Preparing: replace into sys_user_online(sessionId, login_name, dept_name, ipaddr, browser, os, status, start_timestsamp, last_access_time, expire_time) values (?, ?, ?, ?, ?, ?, ?, ?, ?, ?) 
18:08:36.283 [http-nio-80-exec-10] DEBUG com.ruoyi.project.monitor.online.mapper.UserOnlineMapper.saveOnline - ==> Parameters: 349612d0-70d1-4c04-8170-214b1a13d3c0(String), admin(String), 研发一部(String), 0:0:0:0:0:0:0:1(String), Chrome 42(String), Windows 10(String), on_line(String), 2018-11-15 16:58:59.114(Timestamp), 2018-11-15 18:08:36.282(Timestamp), 1800000(Long)
18:08:36.321 [http-nio-80-exec-10] DEBUG com.ruoyi.project.monitor.online.mapper.UserOnlineMapper.saveOnline - <==    Updates: 2
18:08:58.801 [pool-1-thread-1] INFO  com.ruoyi.framework.shiro.web.session.OnlineWebSessionManager - invalidation sessions...
18:08:58.802 [pool-1-thread-1] DEBUG com.ruoyi.project.monitor.online.mapper.UserOnlineMapper.selectOnlineByExpired - ==>  Preparing: SELECT * FROM sys_user_online o WHERE o.last_access_time <= ? ORDER BY o.last_access_time ASC 
18:08:58.803 [pool-1-thread-1] DEBUG com.ruoyi.project.monitor.online.mapper.UserOnlineMapper.selectOnlineByExpired - ==> Parameters: 2018-11-15 17:38:58(String)
18:08:58.805 [pool-1-thread-1] DEBUG com.ruoyi.project.monitor.online.mapper.UserOnlineMapper.selectOnlineByExpired - <==      Total: 0
18:08:58.805 [pool-1-thread-1] INFO  com.ruoyi.framework.shiro.web.session.OnlineWebSessionManager - Finished invalidation session. No sessions were stopped.
18:09:41.281 [http-nio-80-exec-7] DEBUG com.ruoyi.project.monitor.online.mapper.UserOnlineMapper.saveOnline - ==>  Preparing: replace into sys_user_online(sessionId, login_name, dept_name, ipaddr, browser, os, status, start_timestsamp, last_access_time, expire_time) values (?, ?, ?, ?, ?, ?, ?, ?, ?, ?) 
18:09:41.282 [http-nio-80-exec-7] DEBUG com.ruoyi.project.monitor.online.mapper.UserOnlineMapper.saveOnline - ==> Parameters: 349612d0-70d1-4c04-8170-214b1a13d3c0(String), admin(String), 研发一部(String), 0:0:0:0:0:0:0:1(String), Chrome 42(String), Windows 10(String), on_line(String), 2018-11-15 16:58:59.114(Timestamp), 2018-11-15 18:09:41.28(Timestamp), 1800000(Long)
18:09:41.358 [http-nio-80-exec-7] DEBUG com.ruoyi.project.monitor.online.mapper.UserOnlineMapper.saveOnline - <==    Updates: 2
18:10:42.281 [http-nio-80-exec-4] DEBUG com.ruoyi.project.monitor.online.mapper.UserOnlineMapper.saveOnline - ==>  Preparing: replace into sys_user_online(sessionId, login_name, dept_name, ipaddr, browser, os, status, start_timestsamp, last_access_time, expire_time) values (?, ?, ?, ?, ?, ?, ?, ?, ?, ?) 
18:10:42.282 [http-nio-80-exec-4] DEBUG com.ruoyi.project.monitor.online.mapper.UserOnlineMapper.saveOnline - ==> Parameters: 349612d0-70d1-4c04-8170-214b1a13d3c0(String), admin(String), 研发一部(String), 0:0:0:0:0:0:0:1(String), Chrome 42(String), Windows 10(String), on_line(String), 2018-11-15 16:58:59.114(Timestamp), 2018-11-15 18:10:42.281(Timestamp), 1800000(Long)
18:10:42.387 [http-nio-80-exec-4] DEBUG com.ruoyi.project.monitor.online.mapper.UserOnlineMapper.saveOnline - <==    Updates: 2
18:11:42.281 [http-nio-80-exec-5] DEBUG com.ruoyi.project.monitor.online.mapper.UserOnlineMapper.saveOnline - ==>  Preparing: replace into sys_user_online(sessionId, login_name, dept_name, ipaddr, browser, os, status, start_timestsamp, last_access_time, expire_time) values (?, ?, ?, ?, ?, ?, ?, ?, ?, ?) 
18:11:42.283 [http-nio-80-exec-5] DEBUG com.ruoyi.project.monitor.online.mapper.UserOnlineMapper.saveOnline - ==> Parameters: 349612d0-70d1-4c04-8170-214b1a13d3c0(String), admin(String), 研发一部(String), 0:0:0:0:0:0:0:1(String), Chrome 42(String), Windows 10(String), on_line(String), 2018-11-15 16:58:59.114(Timestamp), 2018-11-15 18:11:42.281(Timestamp), 1800000(Long)
18:11:42.379 [http-nio-80-exec-5] DEBUG com.ruoyi.project.monitor.online.mapper.UserOnlineMapper.saveOnline - <==    Updates: 2
18:12:42.283 [http-nio-80-exec-8] DEBUG com.ruoyi.project.monitor.online.mapper.UserOnlineMapper.saveOnline - ==>  Preparing: replace into sys_user_online(sessionId, login_name, dept_name, ipaddr, browser, os, status, start_timestsamp, last_access_time, expire_time) values (?, ?, ?, ?, ?, ?, ?, ?, ?, ?) 
18:12:42.284 [http-nio-80-exec-8] DEBUG com.ruoyi.project.monitor.online.mapper.UserOnlineMapper.saveOnline - ==> Parameters: 349612d0-70d1-4c04-8170-214b1a13d3c0(String), admin(String), 研发一部(String), 0:0:0:0:0:0:0:1(String), Chrome 42(String), Windows 10(String), on_line(String), 2018-11-15 16:58:59.114(Timestamp), 2018-11-15 18:12:42.282(Timestamp), 1800000(Long)
18:12:42.343 [http-nio-80-exec-8] DEBUG com.ruoyi.project.monitor.online.mapper.UserOnlineMapper.saveOnline - <==    Updates: 2
18:13:42.282 [http-nio-80-exec-2] DEBUG com.ruoyi.project.monitor.online.mapper.UserOnlineMapper.saveOnline - ==>  Preparing: replace into sys_user_online(sessionId, login_name, dept_name, ipaddr, browser, os, status, start_timestsamp, last_access_time, expire_time) values (?, ?, ?, ?, ?, ?, ?, ?, ?, ?) 
18:13:42.284 [http-nio-80-exec-2] DEBUG com.ruoyi.project.monitor.online.mapper.UserOnlineMapper.saveOnline - ==> Parameters: 349612d0-70d1-4c04-8170-214b1a13d3c0(String), admin(String), 研发一部(String), 0:0:0:0:0:0:0:1(String), Chrome 42(String), Windows 10(String), on_line(String), 2018-11-15 16:58:59.114(Timestamp), 2018-11-15 18:13:42.282(Timestamp), 1800000(Long)
18:13:42.360 [http-nio-80-exec-2] DEBUG com.ruoyi.project.monitor.online.mapper.UserOnlineMapper.saveOnline - <==    Updates: 2
18:14:47.281 [http-nio-80-exec-1] DEBUG com.ruoyi.project.monitor.online.mapper.UserOnlineMapper.saveOnline - ==>  Preparing: replace into sys_user_online(sessionId, login_name, dept_name, ipaddr, browser, os, status, start_timestsamp, last_access_time, expire_time) values (?, ?, ?, ?, ?, ?, ?, ?, ?, ?) 
18:14:47.281 [http-nio-80-exec-1] DEBUG com.ruoyi.project.monitor.online.mapper.UserOnlineMapper.saveOnline - ==> Parameters: 349612d0-70d1-4c04-8170-214b1a13d3c0(String), admin(String), 研发一部(String), 0:0:0:0:0:0:0:1(String), Chrome 42(String), Windows 10(String), on_line(String), 2018-11-15 16:58:59.114(Timestamp), 2018-11-15 18:14:47.28(Timestamp), 1800000(Long)
18:14:47.323 [http-nio-80-exec-1] DEBUG com.ruoyi.project.monitor.online.mapper.UserOnlineMapper.saveOnline - <==    Updates: 2
18:15:47.281 [http-nio-80-exec-9] DEBUG com.ruoyi.project.monitor.online.mapper.UserOnlineMapper.saveOnline - ==>  Preparing: replace into sys_user_online(sessionId, login_name, dept_name, ipaddr, browser, os, status, start_timestsamp, last_access_time, expire_time) values (?, ?, ?, ?, ?, ?, ?, ?, ?, ?) 
18:15:47.282 [http-nio-80-exec-9] DEBUG com.ruoyi.project.monitor.online.mapper.UserOnlineMapper.saveOnline - ==> Parameters: 349612d0-70d1-4c04-8170-214b1a13d3c0(String), admin(String), 研发一部(String), 0:0:0:0:0:0:0:1(String), Chrome 42(String), Windows 10(String), on_line(String), 2018-11-15 16:58:59.114(Timestamp), 2018-11-15 18:15:47.28(Timestamp), 1800000(Long)
18:15:47.335 [http-nio-80-exec-9] DEBUG com.ruoyi.project.monitor.online.mapper.UserOnlineMapper.saveOnline - <==    Updates: 2
18:16:52.281 [http-nio-80-exec-8] DEBUG com.ruoyi.project.monitor.online.mapper.UserOnlineMapper.saveOnline - ==>  Preparing: replace into sys_user_online(sessionId, login_name, dept_name, ipaddr, browser, os, status, start_timestsamp, last_access_time, expire_time) values (?, ?, ?, ?, ?, ?, ?, ?, ?, ?) 
18:16:52.282 [http-nio-80-exec-8] DEBUG com.ruoyi.project.monitor.online.mapper.UserOnlineMapper.saveOnline - ==> Parameters: 349612d0-70d1-4c04-8170-214b1a13d3c0(String), admin(String), 研发一部(String), 0:0:0:0:0:0:0:1(String), Chrome 42(String), Windows 10(String), on_line(String), 2018-11-15 16:58:59.114(Timestamp), 2018-11-15 18:16:52.281(Timestamp), 1800000(Long)
18:16:52.433 [http-nio-80-exec-8] DEBUG com.ruoyi.project.monitor.online.mapper.UserOnlineMapper.saveOnline - <==    Updates: 2
18:17:52.288 [http-nio-80-exec-2] DEBUG com.ruoyi.project.monitor.online.mapper.UserOnlineMapper.saveOnline - ==>  Preparing: replace into sys_user_online(sessionId, login_name, dept_name, ipaddr, browser, os, status, start_timestsamp, last_access_time, expire_time) values (?, ?, ?, ?, ?, ?, ?, ?, ?, ?) 
18:17:52.289 [http-nio-80-exec-2] DEBUG com.ruoyi.project.monitor.online.mapper.UserOnlineMapper.saveOnline - ==> Parameters: 349612d0-70d1-4c04-8170-214b1a13d3c0(String), admin(String), 研发一部(String), 0:0:0:0:0:0:0:1(String), Chrome 42(String), Windows 10(String), on_line(String), 2018-11-15 16:58:59.114(Timestamp), 2018-11-15 18:17:52.288(Timestamp), 1800000(Long)
18:17:52.367 [http-nio-80-exec-2] DEBUG com.ruoyi.project.monitor.online.mapper.UserOnlineMapper.saveOnline - <==    Updates: 2
18:18:53.284 [http-nio-80-exec-7] DEBUG com.ruoyi.project.monitor.online.mapper.UserOnlineMapper.saveOnline - ==>  Preparing: replace into sys_user_online(sessionId, login_name, dept_name, ipaddr, browser, os, status, start_timestsamp, last_access_time, expire_time) values (?, ?, ?, ?, ?, ?, ?, ?, ?, ?) 
18:18:53.286 [http-nio-80-exec-7] DEBUG com.ruoyi.project.monitor.online.mapper.UserOnlineMapper.saveOnline - ==> Parameters: 349612d0-70d1-4c04-8170-214b1a13d3c0(String), admin(String), 研发一部(String), 0:0:0:0:0:0:0:1(String), Chrome 42(String), Windows 10(String), on_line(String), 2018-11-15 16:58:59.114(Timestamp), 2018-11-15 18:18:53.283(Timestamp), 1800000(Long)
18:18:53.446 [http-nio-80-exec-7] DEBUG com.ruoyi.project.monitor.online.mapper.UserOnlineMapper.saveOnline - <==    Updates: 2
18:18:58.800 [pool-1-thread-1] INFO  com.ruoyi.framework.shiro.web.session.OnlineWebSessionManager - invalidation sessions...
18:18:58.801 [pool-1-thread-1] DEBUG com.ruoyi.project.monitor.online.mapper.UserOnlineMapper.selectOnlineByExpired - ==>  Preparing: SELECT * FROM sys_user_online o WHERE o.last_access_time <= ? ORDER BY o.last_access_time ASC 
18:18:58.801 [pool-1-thread-1] DEBUG com.ruoyi.project.monitor.online.mapper.UserOnlineMapper.selectOnlineByExpired - ==> Parameters: 2018-11-15 17:48:58(String)
18:18:58.802 [pool-1-thread-1] DEBUG com.ruoyi.project.monitor.online.mapper.UserOnlineMapper.selectOnlineByExpired - <==      Total: 0
18:18:58.803 [pool-1-thread-1] INFO  com.ruoyi.framework.shiro.web.session.OnlineWebSessionManager - Finished invalidation session. No sessions were stopped.
18:19:54.282 [http-nio-80-exec-4] DEBUG com.ruoyi.project.monitor.online.mapper.UserOnlineMapper.saveOnline - ==>  Preparing: replace into sys_user_online(sessionId, login_name, dept_name, ipaddr, browser, os, status, start_timestsamp, last_access_time, expire_time) values (?, ?, ?, ?, ?, ?, ?, ?, ?, ?) 
18:19:54.283 [http-nio-80-exec-4] DEBUG com.ruoyi.project.monitor.online.mapper.UserOnlineMapper.saveOnline - ==> Parameters: 349612d0-70d1-4c04-8170-214b1a13d3c0(String), admin(String), 研发一部(String), 0:0:0:0:0:0:0:1(String), Chrome 42(String), Windows 10(String), on_line(String), 2018-11-15 16:58:59.114(Timestamp), 2018-11-15 18:19:54.281(Timestamp), 1800000(Long)
18:19:54.323 [http-nio-80-exec-4] DEBUG com.ruoyi.project.monitor.online.mapper.UserOnlineMapper.saveOnline - <==    Updates: 2
18:20:59.282 [http-nio-80-exec-3] DEBUG com.ruoyi.project.monitor.online.mapper.UserOnlineMapper.saveOnline - ==>  Preparing: replace into sys_user_online(sessionId, login_name, dept_name, ipaddr, browser, os, status, start_timestsamp, last_access_time, expire_time) values (?, ?, ?, ?, ?, ?, ?, ?, ?, ?) 
18:20:59.283 [http-nio-80-exec-3] DEBUG com.ruoyi.project.monitor.online.mapper.UserOnlineMapper.saveOnline - ==> Parameters: 349612d0-70d1-4c04-8170-214b1a13d3c0(String), admin(String), 研发一部(String), 0:0:0:0:0:0:0:1(String), Chrome 42(String), Windows 10(String), on_line(String), 2018-11-15 16:58:59.114(Timestamp), 2018-11-15 18:20:59.281(Timestamp), 1800000(Long)
18:20:59.337 [http-nio-80-exec-3] DEBUG com.ruoyi.project.monitor.online.mapper.UserOnlineMapper.saveOnline - <==    Updates: 2
18:22:04.281 [http-nio-80-exec-2] DEBUG com.ruoyi.project.monitor.online.mapper.UserOnlineMapper.saveOnline - ==>  Preparing: replace into sys_user_online(sessionId, login_name, dept_name, ipaddr, browser, os, status, start_timestsamp, last_access_time, expire_time) values (?, ?, ?, ?, ?, ?, ?, ?, ?, ?) 
18:22:04.282 [http-nio-80-exec-2] DEBUG com.ruoyi.project.monitor.online.mapper.UserOnlineMapper.saveOnline - ==> Parameters: 349612d0-70d1-4c04-8170-214b1a13d3c0(String), admin(String), 研发一部(String), 0:0:0:0:0:0:0:1(String), Chrome 42(String), Windows 10(String), on_line(String), 2018-11-15 16:58:59.114(Timestamp), 2018-11-15 18:22:04.28(Timestamp), 1800000(Long)
18:22:04.319 [http-nio-80-exec-2] DEBUG com.ruoyi.project.monitor.online.mapper.UserOnlineMapper.saveOnline - <==    Updates: 2
18:23:09.280 [http-nio-80-exec-1] DEBUG com.ruoyi.project.monitor.online.mapper.UserOnlineMapper.saveOnline - ==>  Preparing: replace into sys_user_online(sessionId, login_name, dept_name, ipaddr, browser, os, status, start_timestsamp, last_access_time, expire_time) values (?, ?, ?, ?, ?, ?, ?, ?, ?, ?) 
18:23:09.281 [http-nio-80-exec-1] DEBUG com.ruoyi.project.monitor.online.mapper.UserOnlineMapper.saveOnline - ==> Parameters: 349612d0-70d1-4c04-8170-214b1a13d3c0(String), admin(String), 研发一部(String), 0:0:0:0:0:0:0:1(String), Chrome 42(String), Windows 10(String), on_line(String), 2018-11-15 16:58:59.114(Timestamp), 2018-11-15 18:23:09.28(Timestamp), 1800000(Long)
18:23:09.639 [http-nio-80-exec-1] DEBUG com.ruoyi.project.monitor.online.mapper.UserOnlineMapper.saveOnline - <==    Updates: 2
