2018-10-12 11:24:34.474 [main] INFO  com.billyang.App28 - Starting App28 on hs1 with PID 17896 (E:\mywork\myjavaspace\code\springcloud\28-springcloud-mq\target\classes started by yangcan14944 in E:\mywork\myjavaspace\code\springcloud\28-springcloud-mq)
2018-10-12 11:24:34.474 [main] INFO  com.billyang.App28 - No active profile set, falling back to default profiles: default
2018-10-12 11:24:34.590 [main] INFO  o.s.b.w.s.c.AnnotationConfigServletWebServerApplicationContext - Refreshing org.springframework.boot.web.servlet.context.AnnotationConfigServletWebServerApplicationContext@56de5251: startup date [Fri Oct 12 11:24:34 GMT+08:00 2018]; root of context hierarchy
2018-10-12 11:24:36.115 [main] INFO  o.s.c.s.PostProcessorRegistrationDelegate$BeanPostProcessorChecker - Bean 'org.springframework.amqp.rabbit.annotation.RabbitBootstrapConfiguration' of type [org.springframework.amqp.rabbit.annotation.RabbitBootstrapConfiguration$$EnhancerBySpringCGLIB$$862a8783] is not eligible for getting processed by all BeanPostProcessors (for example: not eligible for auto-proxying)
2018-10-12 11:24:37.264 [main] INFO  o.s.boot.web.embedded.tomcat.TomcatWebServer - Tomcat initialized with port(s): 8080 (http)
2018-10-12 11:24:37.295 [main] INFO  org.apache.coyote.http11.Http11NioProtocol - Initializing ProtocolHandler ["http-nio-8080"]
2018-10-12 11:24:37.315 [main] INFO  org.apache.catalina.core.StandardService - Starting service [Tomcat]
2018-10-12 11:24:37.315 [main] INFO  org.apache.catalina.core.StandardEngine - Starting Servlet Engine: Apache Tomcat/8.5.32
2018-10-12 11:24:37.335 [localhost-startStop-1] INFO  org.apache.catalina.core.AprLifecycleListener - The APR based Apache Tomcat Native library which allows optimal performance in production environments was not found on the java.library.path: [F:\jdk1.8\bin;C:\WINDOWS\Sun\Java\bin;C:\WINDOWS\system32;C:\WINDOWS;C:\Program Files (x86)\Common Files\NetSarang;C:\Program Files (x86)\IBM\WebSphere MQ\java\lib;C:\Program Files (x86)\IBM\WebSphere MQ\java\lib64;D:\database\oracle\product\11.2.0\dbhome_1\bin;C:\WINDOWS\system32;C:\WINDOWS;C:\WINDOWS\System32\Wbem;C:\WINDOWS\System32\WindowsPowerShell\v1.0\;F:\jdk1.8\bin;F:\jdk1.8\jre\bin;F:\eclipse\dropins\apache-ant-1.8.1\bin;D:\Program Files (x86)\Android\android-sdk\tools;D:\Program Files (x86)\maven\apache-maven-3.0.3\bin;D:\Program Files (x86)\Android\adt-bundle-windows-x86_64-20130917\sdk\platform-tools;D:\Program Files (x86)\Android\adt-bundle-windows-x86_64-20130917\sdk\tools;C:\Program Files (x86)\IBM\WebSphere MQ\bin64;C:\Program Files (x86)\IBM\WebSphere MQ\bin;C:\Program Files (x86)\IBM\WebSphere MQ\tools\c\samples\bin;D:\Program Files (x86)\cygwin;F:\恒生\开发工具\web服务监控\soapui-4.5.2\bin;D:\PROGRA;2\IBM\SQLLIB\BIN;D:\PROGRA~2\IBM\SQLLIB\FUNCTION;D:\PROGRA~2\IBM\SQLLIB\SAMPLES\REPL;C:\Program Files\TortoiseSVN\bin;D:\Program Files (x86)\cxf\apache-cxf-2.6.16\bin;D:\mongo\mongodb-win32-x86_64-3.0.6\bin;D:\mongo\客户端;D:;redis;D:\Program Files\RabbitMQ Server\rabbitmq_server-3.6.2\sbin;D:\zookeeper\zookeeper-3.4.8;D:\thrift;D:\Program Files\Git\cmd;D:\Program Files\nodejs\;D:\Program Files\MySQL\mysql-5.7.22-winx64\bin;C:\WINDOWS\System32\OpenSSH\;C:\Users\Administrator.WINDOWS-2BBUIOA\AppData\Local\Microsoft\WindowsApps;C:\Users\Administrator.WINDOWS-2BBUIOA\AppData\Roaming\npm;D:\Program Files\MySQL\MySQL Server 5.5\bin;C:\ProgramData\yangcan14944\GitHubDesktop\bin;F:\eclipse\dropins\apache-ant-1.8.1\bin;%USERPROFILE%\AppData\Local\Microsoft\WindowsApps;;.]
2018-10-12 11:24:37.567 [localhost-startStop-1] INFO  o.a.c.core.ContainerBase.[Tomcat].[localhost].[/] - Initializing Spring embedded WebApplicationContext
2018-10-12 11:24:37.567 [localhost-startStop-1] INFO  org.springframework.web.context.ContextLoader - Root WebApplicationContext: initialization completed in 2977 ms
2018-10-12 11:24:37.696 [localhost-startStop-1] INFO  o.s.boot.web.servlet.ServletRegistrationBean - Servlet dispatcherServlet mapped to [/]
2018-10-12 11:24:37.708 [localhost-startStop-1] INFO  o.s.boot.web.servlet.FilterRegistrationBean - Mapping filter: 'characterEncodingFilter' to: [/*]
2018-10-12 11:24:37.708 [localhost-startStop-1] INFO  o.s.boot.web.servlet.FilterRegistrationBean - Mapping filter: 'hiddenHttpMethodFilter' to: [/*]
2018-10-12 11:24:37.708 [localhost-startStop-1] INFO  o.s.boot.web.servlet.FilterRegistrationBean - Mapping filter: 'httpPutFormContentFilter' to: [/*]
2018-10-12 11:24:37.708 [localhost-startStop-1] INFO  o.s.boot.web.servlet.FilterRegistrationBean - Mapping filter: 'requestContextFilter' to: [/*]
2018-10-12 11:24:37.920 [main] INFO  o.s.web.servlet.handler.SimpleUrlHandlerMapping - Mapped URL path [/**/favicon.ico] onto handler of type [class org.springframework.web.servlet.resource.ResourceHttpRequestHandler]
2018-10-12 11:24:38.232 [main] INFO  o.s.w.s.m.m.a.RequestMappingHandlerAdapter - Looking for @ControllerAdvice: org.springframework.boot.web.servlet.context.AnnotationConfigServletWebServerApplicationContext@56de5251: startup date [Fri Oct 12 11:24:34 GMT+08:00 2018]; root of context hierarchy
2018-10-12 11:24:38.353 [main] INFO  o.s.w.s.m.m.a.RequestMappingHandlerMapping - Mapped "{[/error]}" onto public org.springframework.http.ResponseEntity<java.util.Map<java.lang.String, java.lang.Object>> org.springframework.boot.autoconfigure.web.servlet.error.BasicErrorController.error(javax.servlet.http.HttpServletRequest)
2018-10-12 11:24:38.364 [main] INFO  o.s.w.s.m.m.a.RequestMappingHandlerMapping - Mapped "{[/error],produces=[text/html]}" onto public org.springframework.web.servlet.ModelAndView org.springframework.boot.autoconfigure.web.servlet.error.BasicErrorController.errorHtml(javax.servlet.http.HttpServletRequest,javax.servlet.http.HttpServletResponse)
2018-10-12 11:24:38.401 [main] INFO  o.s.web.servlet.handler.SimpleUrlHandlerMapping - Mapped URL path [/webjars/**] onto handler of type [class org.springframework.web.servlet.resource.ResourceHttpRequestHandler]
2018-10-12 11:24:38.401 [main] INFO  o.s.web.servlet.handler.SimpleUrlHandlerMapping - Mapped URL path [/**] onto handler of type [class org.springframework.web.servlet.resource.ResourceHttpRequestHandler]
2018-10-12 11:24:39.088 [main] INFO  o.s.jmx.export.annotation.AnnotationMBeanExporter - Registering beans for JMX exposure on startup
2018-10-12 11:24:39.098 [main] INFO  o.s.jmx.export.annotation.AnnotationMBeanExporter - Bean with name 'rabbitConnectionFactory' has been autodetected for JMX exposure
2018-10-12 11:24:39.108 [main] INFO  o.s.jmx.export.annotation.AnnotationMBeanExporter - Located managed bean 'rabbitConnectionFactory': registering with JMX server as MBean [org.springframework.amqp.rabbit.connection:name=rabbitConnectionFactory,type=CachingConnectionFactory]
2018-10-12 11:24:39.179 [main] INFO  o.s.context.support.DefaultLifecycleProcessor - Starting beans in phase 2147483647
2018-10-12 11:24:39.199 [main] INFO  org.apache.coyote.http11.Http11NioProtocol - Starting ProtocolHandler ["http-nio-8080"]
2018-10-12 11:24:39.227 [main] INFO  org.apache.tomcat.util.net.NioSelectorPool - Using a shared selector for servlet write/read
2018-10-12 11:24:39.259 [main] INFO  o.s.boot.web.embedded.tomcat.TomcatWebServer - Tomcat started on port(s): 8080 (http) with context path ''
2018-10-12 11:24:39.269 [main] INFO  com.billyang.App28 - Started App28 in 5.265 seconds (JVM running for 6.015)
2018-10-12 11:34:45.428 [main] INFO  com.billyang.App28 - Starting App28 on hs1 with PID 19484 (E:\mywork\myjavaspace\code\springcloud\28-springcloud-mq\target\classes started by yangcan14944 in E:\mywork\myjavaspace\code\springcloud\28-springcloud-mq)
2018-10-12 11:34:45.434 [main] INFO  com.billyang.App28 - No active profile set, falling back to default profiles: default
2018-10-12 11:34:45.554 [main] INFO  o.s.b.w.s.c.AnnotationConfigServletWebServerApplicationContext - Refreshing org.springframework.boot.web.servlet.context.AnnotationConfigServletWebServerApplicationContext@5ccddd20: startup date [Fri Oct 12 11:34:45 GMT+08:00 2018]; root of context hierarchy
2018-10-12 11:34:47.799 [main] INFO  o.s.c.s.PostProcessorRegistrationDelegate$BeanPostProcessorChecker - Bean 'org.springframework.amqp.rabbit.annotation.RabbitBootstrapConfiguration' of type [org.springframework.amqp.rabbit.annotation.RabbitBootstrapConfiguration$$EnhancerBySpringCGLIB$$894ab879] is not eligible for getting processed by all BeanPostProcessors (for example: not eligible for auto-proxying)
2018-10-12 11:34:48.974 [main] INFO  o.s.boot.web.embedded.tomcat.TomcatWebServer - Tomcat initialized with port(s): 8080 (http)
2018-10-12 11:34:48.997 [main] INFO  org.apache.coyote.http11.Http11NioProtocol - Initializing ProtocolHandler ["http-nio-8080"]
2018-10-12 11:34:49.027 [main] INFO  org.apache.catalina.core.StandardService - Starting service [Tomcat]
2018-10-12 11:34:49.027 [main] INFO  org.apache.catalina.core.StandardEngine - Starting Servlet Engine: Apache Tomcat/8.5.32
2018-10-12 11:34:49.056 [localhost-startStop-1] INFO  org.apache.catalina.core.AprLifecycleListener - The APR based Apache Tomcat Native library which allows optimal performance in production environments was not found on the java.library.path: [F:\jdk1.8\bin;C:\WINDOWS\Sun\Java\bin;C:\WINDOWS\system32;C:\WINDOWS;C:\Program Files (x86)\Common Files\NetSarang;C:\Program Files (x86)\IBM\WebSphere MQ\java\lib;C:\Program Files (x86)\IBM\WebSphere MQ\java\lib64;D:\database\oracle\product\11.2.0\dbhome_1\bin;C:\WINDOWS\system32;C:\WINDOWS;C:\WINDOWS\System32\Wbem;C:\WINDOWS\System32\WindowsPowerShell\v1.0\;F:\jdk1.8\bin;F:\jdk1.8\jre\bin;F:\eclipse\dropins\apache-ant-1.8.1\bin;D:\Program Files (x86)\Android\android-sdk\tools;D:\Program Files (x86)\maven\apache-maven-3.0.3\bin;D:\Program Files (x86)\Android\adt-bundle-windows-x86_64-20130917\sdk\platform-tools;D:\Program Files (x86)\Android\adt-bundle-windows-x86_64-20130917\sdk\tools;C:\Program Files (x86)\IBM\WebSphere MQ\bin64;C:\Program Files (x86)\IBM\WebSphere MQ\bin;C:\Program Files (x86)\IBM\WebSphere MQ\tools\c\samples\bin;D:\Program Files (x86)\cygwin;F:\恒生\开发工具\web服务监控\soapui-4.5.2\bin;D:\PROGRA;2\IBM\SQLLIB\BIN;D:\PROGRA~2\IBM\SQLLIB\FUNCTION;D:\PROGRA~2\IBM\SQLLIB\SAMPLES\REPL;C:\Program Files\TortoiseSVN\bin;D:\Program Files (x86)\cxf\apache-cxf-2.6.16\bin;D:\mongo\mongodb-win32-x86_64-3.0.6\bin;D:\mongo\客户端;D:;redis;D:\Program Files\RabbitMQ Server\rabbitmq_server-3.6.2\sbin;D:\zookeeper\zookeeper-3.4.8;D:\thrift;D:\Program Files\Git\cmd;D:\Program Files\nodejs\;D:\Program Files\MySQL\mysql-5.7.22-winx64\bin;C:\WINDOWS\System32\OpenSSH\;C:\Users\Administrator.WINDOWS-2BBUIOA\AppData\Local\Microsoft\WindowsApps;C:\Users\Administrator.WINDOWS-2BBUIOA\AppData\Roaming\npm;D:\Program Files\MySQL\MySQL Server 5.5\bin;C:\ProgramData\yangcan14944\GitHubDesktop\bin;F:\eclipse\dropins\apache-ant-1.8.1\bin;%USERPROFILE%\AppData\Local\Microsoft\WindowsApps;;.]
2018-10-12 11:34:49.274 [localhost-startStop-1] INFO  o.a.c.core.ContainerBase.[Tomcat].[localhost].[/] - Initializing Spring embedded WebApplicationContext
2018-10-12 11:34:49.274 [localhost-startStop-1] INFO  org.springframework.web.context.ContextLoader - Root WebApplicationContext: initialization completed in 3720 ms
2018-10-12 11:34:49.458 [localhost-startStop-1] INFO  o.s.boot.web.servlet.ServletRegistrationBean - Servlet dispatcherServlet mapped to [/]
2018-10-12 11:34:49.472 [localhost-startStop-1] INFO  o.s.boot.web.servlet.FilterRegistrationBean - Mapping filter: 'characterEncodingFilter' to: [/*]
2018-10-12 11:34:49.472 [localhost-startStop-1] INFO  o.s.boot.web.servlet.FilterRegistrationBean - Mapping filter: 'hiddenHttpMethodFilter' to: [/*]
2018-10-12 11:34:49.472 [localhost-startStop-1] INFO  o.s.boot.web.servlet.FilterRegistrationBean - Mapping filter: 'httpPutFormContentFilter' to: [/*]
2018-10-12 11:34:49.472 [localhost-startStop-1] INFO  o.s.boot.web.servlet.FilterRegistrationBean - Mapping filter: 'requestContextFilter' to: [/*]
2018-10-12 11:34:49.957 [main] INFO  o.s.web.servlet.handler.SimpleUrlHandlerMapping - Mapped URL path [/**/favicon.ico] onto handler of type [class org.springframework.web.servlet.resource.ResourceHttpRequestHandler]
2018-10-12 11:34:50.298 [main] INFO  o.s.w.s.m.m.a.RequestMappingHandlerAdapter - Looking for @ControllerAdvice: org.springframework.boot.web.servlet.context.AnnotationConfigServletWebServerApplicationContext@5ccddd20: startup date [Fri Oct 12 11:34:45 GMT+08:00 2018]; root of context hierarchy
2018-10-12 11:34:50.523 [main] INFO  o.s.w.s.m.m.a.RequestMappingHandlerMapping - Mapped "{[/error]}" onto public org.springframework.http.ResponseEntity<java.util.Map<java.lang.String, java.lang.Object>> org.springframework.boot.autoconfigure.web.servlet.error.BasicErrorController.error(javax.servlet.http.HttpServletRequest)
2018-10-12 11:34:50.525 [main] INFO  o.s.w.s.m.m.a.RequestMappingHandlerMapping - Mapped "{[/error],produces=[text/html]}" onto public org.springframework.web.servlet.ModelAndView org.springframework.boot.autoconfigure.web.servlet.error.BasicErrorController.errorHtml(javax.servlet.http.HttpServletRequest,javax.servlet.http.HttpServletResponse)
2018-10-12 11:34:50.797 [main] INFO  o.s.web.servlet.handler.SimpleUrlHandlerMapping - Mapped URL path [/webjars/**] onto handler of type [class org.springframework.web.servlet.resource.ResourceHttpRequestHandler]
2018-10-12 11:34:50.797 [main] INFO  o.s.web.servlet.handler.SimpleUrlHandlerMapping - Mapped URL path [/**] onto handler of type [class org.springframework.web.servlet.resource.ResourceHttpRequestHandler]
2018-10-12 11:34:51.246 [main] INFO  o.s.jmx.export.annotation.AnnotationMBeanExporter - Registering beans for JMX exposure on startup
2018-10-12 11:34:51.258 [main] INFO  o.s.jmx.export.annotation.AnnotationMBeanExporter - Bean with name 'rabbitConnectionFactory' has been autodetected for JMX exposure
2018-10-12 11:34:51.266 [main] INFO  o.s.jmx.export.annotation.AnnotationMBeanExporter - Located managed bean 'rabbitConnectionFactory': registering with JMX server as MBean [org.springframework.amqp.rabbit.connection:name=rabbitConnectionFactory,type=CachingConnectionFactory]
2018-10-12 11:34:51.304 [main] INFO  o.s.context.support.DefaultLifecycleProcessor - Starting beans in phase 2147483647
2018-10-12 11:34:51.319 [main] INFO  org.apache.coyote.http11.Http11NioProtocol - Starting ProtocolHandler ["http-nio-8080"]
2018-10-12 11:34:51.346 [main] INFO  org.apache.tomcat.util.net.NioSelectorPool - Using a shared selector for servlet write/read
2018-10-12 11:34:51.388 [main] INFO  o.s.boot.web.embedded.tomcat.TomcatWebServer - Tomcat started on port(s): 8080 (http) with context path ''
2018-10-12 11:34:51.415 [main] INFO  com.billyang.App28 - Started App28 in 6.542 seconds (JVM running for 7.452)
2018-10-12 11:41:58.017 [main] INFO  o.s.b.t.context.SpringBootTestContextBootstrapper - Neither @ContextConfiguration nor @ContextHierarchy found for test class [com.billyang.TestSender], using SpringBootContextLoader
2018-10-12 11:41:58.031 [main] INFO  o.s.test.context.support.AbstractContextLoader - Could not detect default resource locations for test class [com.billyang.TestSender]: no resource found for suffixes {-context.xml, Context.groovy}.
2018-10-12 11:41:58.401 [main] INFO  o.s.b.t.context.SpringBootTestContextBootstrapper - Loaded default TestExecutionListener class names from location [META-INF/spring.factories]: [org.springframework.boot.test.mock.mockito.MockitoTestExecutionListener, org.springframework.boot.test.mock.mockito.ResetMocksTestExecutionListener, org.springframework.boot.test.autoconfigure.restdocs.RestDocsTestExecutionListener, org.springframework.boot.test.autoconfigure.web.client.MockRestServiceServerResetTestExecutionListener, org.springframework.boot.test.autoconfigure.web.servlet.MockMvcPrintOnlyOnFailureTestExecutionListener, org.springframework.boot.test.autoconfigure.web.servlet.WebDriverTestExecutionListener, org.springframework.test.context.web.ServletTestExecutionListener, org.springframework.test.context.support.DirtiesContextBeforeModesTestExecutionListener, org.springframework.test.context.support.DependencyInjectionTestExecutionListener, org.springframework.test.context.support.DirtiesContextTestExecutionListener, org.springframework.test.context.transaction.TransactionalTestExecutionListener, org.springframework.test.context.jdbc.SqlScriptsTestExecutionListener]
2018-10-12 11:41:58.450 [main] INFO  o.s.b.t.context.SpringBootTestContextBootstrapper - Using TestExecutionListeners: [org.springframework.test.context.web.ServletTestExecutionListener@bcec361, org.springframework.test.context.support.DirtiesContextBeforeModesTestExecutionListener@26794848, org.springframework.boot.test.mock.mockito.MockitoTestExecutionListener@302552ec, org.springframework.boot.test.autoconfigure.SpringBootDependencyInjectionTestExecutionListener@3d285d7e, org.springframework.test.context.support.DirtiesContextTestExecutionListener@40005471, org.springframework.test.context.transaction.TransactionalTestExecutionListener@2cd76f31, org.springframework.test.context.jdbc.SqlScriptsTestExecutionListener@367ffa75, org.springframework.boot.test.mock.mockito.ResetMocksTestExecutionListener@49438269, org.springframework.boot.test.autoconfigure.restdocs.RestDocsTestExecutionListener@ba2f4ec, org.springframework.boot.test.autoconfigure.web.client.MockRestServiceServerResetTestExecutionListener@1c1bbc4e, org.springframework.boot.test.autoconfigure.web.servlet.MockMvcPrintOnlyOnFailureTestExecutionListener@55fe41ea, org.springframework.boot.test.autoconfigure.web.servlet.WebDriverTestExecutionListener@fbd1f6]
2018-10-12 11:41:59.251 [main] INFO  com.billyang.TestSender - Starting TestSender on hs1 with PID 15852 (started by yangcan14944 in E:\mywork\myjavaspace\code\springcloud\28-springcloud-mq)
2018-10-12 11:41:59.251 [main] INFO  com.billyang.TestSender - No active profile set, falling back to default profiles: default
2018-10-12 11:41:59.330 [main] INFO  o.s.w.context.support.GenericWebApplicationContext - Refreshing org.springframework.web.context.support.GenericWebApplicationContext@576d5deb: startup date [Fri Oct 12 11:41:59 GMT+08:00 2018]; root of context hierarchy
2018-10-12 11:42:01.362 [main] INFO  o.s.c.s.PostProcessorRegistrationDelegate$BeanPostProcessorChecker - Bean 'org.springframework.amqp.rabbit.annotation.RabbitBootstrapConfiguration' of type [org.springframework.amqp.rabbit.annotation.RabbitBootstrapConfiguration$$EnhancerBySpringCGLIB$$13bbdffe] is not eligible for getting processed by all BeanPostProcessors (for example: not eligible for auto-proxying)
2018-10-12 11:42:02.754 [main] INFO  o.s.web.servlet.handler.SimpleUrlHandlerMapping - Mapped URL path [/**/favicon.ico] onto handler of type [class org.springframework.web.servlet.resource.ResourceHttpRequestHandler]
2018-10-12 11:42:03.120 [main] INFO  o.s.w.s.m.m.a.RequestMappingHandlerAdapter - Looking for @ControllerAdvice: org.springframework.web.context.support.GenericWebApplicationContext@576d5deb: startup date [Fri Oct 12 11:41:59 GMT+08:00 2018]; root of context hierarchy
2018-10-12 11:42:03.297 [main] INFO  o.s.w.s.m.m.a.RequestMappingHandlerMapping - Mapped "{[/error]}" onto public org.springframework.http.ResponseEntity<java.util.Map<java.lang.String, java.lang.Object>> org.springframework.boot.autoconfigure.web.servlet.error.BasicErrorController.error(javax.servlet.http.HttpServletRequest)
2018-10-12 11:42:03.297 [main] INFO  o.s.w.s.m.m.a.RequestMappingHandlerMapping - Mapped "{[/error],produces=[text/html]}" onto public org.springframework.web.servlet.ModelAndView org.springframework.boot.autoconfigure.web.servlet.error.BasicErrorController.errorHtml(javax.servlet.http.HttpServletRequest,javax.servlet.http.HttpServletResponse)
2018-10-12 11:42:03.360 [main] INFO  o.s.web.servlet.handler.SimpleUrlHandlerMapping - Mapped URL path [/webjars/**] onto handler of type [class org.springframework.web.servlet.resource.ResourceHttpRequestHandler]
2018-10-12 11:42:03.360 [main] INFO  o.s.web.servlet.handler.SimpleUrlHandlerMapping - Mapped URL path [/**] onto handler of type [class org.springframework.web.servlet.resource.ResourceHttpRequestHandler]
2018-10-12 11:42:04.022 [main] INFO  o.s.context.support.DefaultLifecycleProcessor - Starting beans in phase 2147483647
2018-10-12 11:42:04.051 [main] INFO  com.billyang.TestSender - Started TestSender in 5.425 seconds (JVM running for 7.408)
2018-10-12 11:42:04.600 [main] INFO  o.s.a.rabbit.connection.CachingConnectionFactory - Attempting to connect to: [localhost:5672]
2018-10-12 11:42:05.009 [AMQP Connection 127.0.0.1:5672] WARN  com.rabbitmq.client.impl.ForgivingExceptionHandler - An unexpected connection driver error occured (Exception message: Connection reset)
2018-10-12 11:42:05.060 [AMQP Connection 0:0:0:0:0:0:0:1:5672] WARN  com.rabbitmq.client.impl.ForgivingExceptionHandler - An unexpected connection driver error occured (Exception message: Connection reset)
2018-10-12 11:42:05.142 [Thread-2] INFO  o.s.w.context.support.GenericWebApplicationContext - Closing org.springframework.web.context.support.GenericWebApplicationContext@576d5deb: startup date [Fri Oct 12 11:41:59 GMT+08:00 2018]; root of context hierarchy
2018-10-12 11:42:05.181 [Thread-2] INFO  o.s.context.support.DefaultLifecycleProcessor - Stopping beans in phase 2147483647
2018-10-12 11:42:05.189 [Thread-2] INFO  o.s.context.support.DefaultLifecycleProcessor - Stopping beans in phase 0
2018-10-12 11:46:17.799 [main] INFO  o.s.b.t.context.SpringBootTestContextBootstrapper - Neither @ContextConfiguration nor @ContextHierarchy found for test class [com.billyang.TestSender], using SpringBootContextLoader
2018-10-12 11:46:17.809 [main] INFO  o.s.test.context.support.AbstractContextLoader - Could not detect default resource locations for test class [com.billyang.TestSender]: no resource found for suffixes {-context.xml, Context.groovy}.
2018-10-12 11:46:18.152 [main] INFO  o.s.b.t.context.SpringBootTestContextBootstrapper - Loaded default TestExecutionListener class names from location [META-INF/spring.factories]: [org.springframework.boot.test.mock.mockito.MockitoTestExecutionListener, org.springframework.boot.test.mock.mockito.ResetMocksTestExecutionListener, org.springframework.boot.test.autoconfigure.restdocs.RestDocsTestExecutionListener, org.springframework.boot.test.autoconfigure.web.client.MockRestServiceServerResetTestExecutionListener, org.springframework.boot.test.autoconfigure.web.servlet.MockMvcPrintOnlyOnFailureTestExecutionListener, org.springframework.boot.test.autoconfigure.web.servlet.WebDriverTestExecutionListener, org.springframework.test.context.web.ServletTestExecutionListener, org.springframework.test.context.support.DirtiesContextBeforeModesTestExecutionListener, org.springframework.test.context.support.DependencyInjectionTestExecutionListener, org.springframework.test.context.support.DirtiesContextTestExecutionListener, org.springframework.test.context.transaction.TransactionalTestExecutionListener, org.springframework.test.context.jdbc.SqlScriptsTestExecutionListener]
2018-10-12 11:46:18.171 [main] INFO  o.s.b.t.context.SpringBootTestContextBootstrapper - Using TestExecutionListeners: [org.springframework.test.context.web.ServletTestExecutionListener@bcec361, org.springframework.test.context.support.DirtiesContextBeforeModesTestExecutionListener@26794848, org.springframework.boot.test.mock.mockito.MockitoTestExecutionListener@302552ec, org.springframework.boot.test.autoconfigure.SpringBootDependencyInjectionTestExecutionListener@3d285d7e, org.springframework.test.context.support.DirtiesContextTestExecutionListener@40005471, org.springframework.test.context.transaction.TransactionalTestExecutionListener@2cd76f31, org.springframework.test.context.jdbc.SqlScriptsTestExecutionListener@367ffa75, org.springframework.boot.test.mock.mockito.ResetMocksTestExecutionListener@49438269, org.springframework.boot.test.autoconfigure.restdocs.RestDocsTestExecutionListener@ba2f4ec, org.springframework.boot.test.autoconfigure.web.client.MockRestServiceServerResetTestExecutionListener@1c1bbc4e, org.springframework.boot.test.autoconfigure.web.servlet.MockMvcPrintOnlyOnFailureTestExecutionListener@55fe41ea, org.springframework.boot.test.autoconfigure.web.servlet.WebDriverTestExecutionListener@fbd1f6]
2018-10-12 11:46:18.699 [main] INFO  com.billyang.TestSender - Starting TestSender on hs1 with PID 11960 (started by yangcan14944 in E:\mywork\myjavaspace\code\springcloud\28-springcloud-mq)
2018-10-12 11:46:18.699 [main] INFO  com.billyang.TestSender - No active profile set, falling back to default profiles: default
2018-10-12 11:46:18.771 [main] INFO  o.s.w.context.support.GenericWebApplicationContext - Refreshing org.springframework.web.context.support.GenericWebApplicationContext@576d5deb: startup date [Fri Oct 12 11:46:18 GMT+08:00 2018]; root of context hierarchy
2018-10-12 11:46:20.769 [main] INFO  o.s.c.s.PostProcessorRegistrationDelegate$BeanPostProcessorChecker - Bean 'org.springframework.amqp.rabbit.annotation.RabbitBootstrapConfiguration' of type [org.springframework.amqp.rabbit.annotation.RabbitBootstrapConfiguration$$EnhancerBySpringCGLIB$$d4182c4c] is not eligible for getting processed by all BeanPostProcessors (for example: not eligible for auto-proxying)
2018-10-12 11:46:21.971 [main] INFO  o.s.web.servlet.handler.SimpleUrlHandlerMapping - Mapped URL path [/**/favicon.ico] onto handler of type [class org.springframework.web.servlet.resource.ResourceHttpRequestHandler]
2018-10-12 11:46:22.302 [main] INFO  o.s.w.s.m.m.a.RequestMappingHandlerAdapter - Looking for @ControllerAdvice: org.springframework.web.context.support.GenericWebApplicationContext@576d5deb: startup date [Fri Oct 12 11:46:18 GMT+08:00 2018]; root of context hierarchy
2018-10-12 11:46:22.441 [main] INFO  o.s.w.s.m.m.a.RequestMappingHandlerMapping - Mapped "{[/error]}" onto public org.springframework.http.ResponseEntity<java.util.Map<java.lang.String, java.lang.Object>> org.springframework.boot.autoconfigure.web.servlet.error.BasicErrorController.error(javax.servlet.http.HttpServletRequest)
2018-10-12 11:46:22.441 [main] INFO  o.s.w.s.m.m.a.RequestMappingHandlerMapping - Mapped "{[/error],produces=[text/html]}" onto public org.springframework.web.servlet.ModelAndView org.springframework.boot.autoconfigure.web.servlet.error.BasicErrorController.errorHtml(javax.servlet.http.HttpServletRequest,javax.servlet.http.HttpServletResponse)
2018-10-12 11:46:22.499 [main] INFO  o.s.web.servlet.handler.SimpleUrlHandlerMapping - Mapped URL path [/webjars/**] onto handler of type [class org.springframework.web.servlet.resource.ResourceHttpRequestHandler]
2018-10-12 11:46:22.499 [main] INFO  o.s.web.servlet.handler.SimpleUrlHandlerMapping - Mapped URL path [/**] onto handler of type [class org.springframework.web.servlet.resource.ResourceHttpRequestHandler]
2018-10-12 11:46:23.038 [main] INFO  o.s.context.support.DefaultLifecycleProcessor - Starting beans in phase 2147483647
2018-10-12 11:46:23.052 [main] INFO  com.billyang.TestSender - Started TestSender in 4.803 seconds (JVM running for 6.413)
2018-10-12 11:46:23.403 [main] INFO  o.s.a.rabbit.connection.CachingConnectionFactory - Attempting to connect to: [localhost:5672]
2018-10-12 11:46:23.790 [main] INFO  o.s.a.rabbit.connection.CachingConnectionFactory - Created new connection: rabbitConnectionFactory#33d05366:0/SimpleConnection@6f38a289 [delegate=amqp://root@127.0.0.1:5672/, localPort= 53676]
2018-10-12 11:46:23.993 [Thread-2] INFO  o.s.w.context.support.GenericWebApplicationContext - Closing org.springframework.web.context.support.GenericWebApplicationContext@576d5deb: startup date [Fri Oct 12 11:46:18 GMT+08:00 2018]; root of context hierarchy
2018-10-12 11:46:24.003 [Thread-2] INFO  o.s.context.support.DefaultLifecycleProcessor - Stopping beans in phase 2147483647
2018-10-12 11:46:24.003 [Thread-2] INFO  o.s.context.support.DefaultLifecycleProcessor - Stopping beans in phase 0
2018-10-12 11:50:14.342 [main] INFO  o.s.b.t.context.SpringBootTestContextBootstrapper - Neither @ContextConfiguration nor @ContextHierarchy found for test class [com.billyang.TestSender], using SpringBootContextLoader
2018-10-12 11:50:14.360 [main] INFO  o.s.test.context.support.AbstractContextLoader - Could not detect default resource locations for test class [com.billyang.TestSender]: no resource found for suffixes {-context.xml, Context.groovy}.
2018-10-12 11:50:14.761 [main] INFO  o.s.b.t.context.SpringBootTestContextBootstrapper - Loaded default TestExecutionListener class names from location [META-INF/spring.factories]: [org.springframework.boot.test.mock.mockito.MockitoTestExecutionListener, org.springframework.boot.test.mock.mockito.ResetMocksTestExecutionListener, org.springframework.boot.test.autoconfigure.restdocs.RestDocsTestExecutionListener, org.springframework.boot.test.autoconfigure.web.client.MockRestServiceServerResetTestExecutionListener, org.springframework.boot.test.autoconfigure.web.servlet.MockMvcPrintOnlyOnFailureTestExecutionListener, org.springframework.boot.test.autoconfigure.web.servlet.WebDriverTestExecutionListener, org.springframework.test.context.web.ServletTestExecutionListener, org.springframework.test.context.support.DirtiesContextBeforeModesTestExecutionListener, org.springframework.test.context.support.DependencyInjectionTestExecutionListener, org.springframework.test.context.support.DirtiesContextTestExecutionListener, org.springframework.test.context.transaction.TransactionalTestExecutionListener, org.springframework.test.context.jdbc.SqlScriptsTestExecutionListener]
2018-10-12 11:50:14.790 [main] INFO  o.s.b.t.context.SpringBootTestContextBootstrapper - Using TestExecutionListeners: [org.springframework.test.context.web.ServletTestExecutionListener@bcec361, org.springframework.test.context.support.DirtiesContextBeforeModesTestExecutionListener@26794848, org.springframework.boot.test.mock.mockito.MockitoTestExecutionListener@302552ec, org.springframework.boot.test.autoconfigure.SpringBootDependencyInjectionTestExecutionListener@3d285d7e, org.springframework.test.context.support.DirtiesContextTestExecutionListener@40005471, org.springframework.test.context.transaction.TransactionalTestExecutionListener@2cd76f31, org.springframework.test.context.jdbc.SqlScriptsTestExecutionListener@367ffa75, org.springframework.boot.test.mock.mockito.ResetMocksTestExecutionListener@49438269, org.springframework.boot.test.autoconfigure.restdocs.RestDocsTestExecutionListener@ba2f4ec, org.springframework.boot.test.autoconfigure.web.client.MockRestServiceServerResetTestExecutionListener@1c1bbc4e, org.springframework.boot.test.autoconfigure.web.servlet.MockMvcPrintOnlyOnFailureTestExecutionListener@55fe41ea, org.springframework.boot.test.autoconfigure.web.servlet.WebDriverTestExecutionListener@fbd1f6]
2018-10-12 11:50:15.394 [main] INFO  com.billyang.TestSender - Starting TestSender on hs1 with PID 5944 (started by yangcan14944 in E:\mywork\myjavaspace\code\springcloud\28-springcloud-mq)
2018-10-12 11:50:15.399 [main] INFO  com.billyang.TestSender - No active profile set, falling back to default profiles: default
2018-10-12 11:50:15.485 [main] INFO  o.s.w.context.support.GenericWebApplicationContext - Refreshing org.springframework.web.context.support.GenericWebApplicationContext@576d5deb: startup date [Fri Oct 12 11:50:15 GMT+08:00 2018]; root of context hierarchy
2018-10-12 11:50:17.540 [main] INFO  o.s.c.s.PostProcessorRegistrationDelegate$BeanPostProcessorChecker - Bean 'org.springframework.amqp.rabbit.annotation.RabbitBootstrapConfiguration' of type [org.springframework.amqp.rabbit.annotation.RabbitBootstrapConfiguration$$EnhancerBySpringCGLIB$$703322af] is not eligible for getting processed by all BeanPostProcessors (for example: not eligible for auto-proxying)
2018-10-12 11:50:18.944 [main] INFO  o.s.web.servlet.handler.SimpleUrlHandlerMapping - Mapped URL path [/**/favicon.ico] onto handler of type [class org.springframework.web.servlet.resource.ResourceHttpRequestHandler]
2018-10-12 11:50:19.304 [main] INFO  o.s.w.s.m.m.a.RequestMappingHandlerAdapter - Looking for @ControllerAdvice: org.springframework.web.context.support.GenericWebApplicationContext@576d5deb: startup date [Fri Oct 12 11:50:15 GMT+08:00 2018]; root of context hierarchy
2018-10-12 11:50:19.445 [main] INFO  o.s.w.s.m.m.a.RequestMappingHandlerMapping - Mapped "{[/error]}" onto public org.springframework.http.ResponseEntity<java.util.Map<java.lang.String, java.lang.Object>> org.springframework.boot.autoconfigure.web.servlet.error.BasicErrorController.error(javax.servlet.http.HttpServletRequest)
2018-10-12 11:50:19.453 [main] INFO  o.s.w.s.m.m.a.RequestMappingHandlerMapping - Mapped "{[/error],produces=[text/html]}" onto public org.springframework.web.servlet.ModelAndView org.springframework.boot.autoconfigure.web.servlet.error.BasicErrorController.errorHtml(javax.servlet.http.HttpServletRequest,javax.servlet.http.HttpServletResponse)
2018-10-12 11:50:19.511 [main] INFO  o.s.web.servlet.handler.SimpleUrlHandlerMapping - Mapped URL path [/webjars/**] onto handler of type [class org.springframework.web.servlet.resource.ResourceHttpRequestHandler]
2018-10-12 11:50:19.511 [main] INFO  o.s.web.servlet.handler.SimpleUrlHandlerMapping - Mapped URL path [/**] onto handler of type [class org.springframework.web.servlet.resource.ResourceHttpRequestHandler]
2018-10-12 11:50:20.201 [main] INFO  o.s.context.support.DefaultLifecycleProcessor - Starting beans in phase 2147483647
2018-10-12 11:50:20.224 [SimpleAsyncTaskExecutor-1] INFO  o.s.a.rabbit.connection.CachingConnectionFactory - Attempting to connect to: [localhost:5672]
2018-10-12 11:50:20.325 [SimpleAsyncTaskExecutor-1] INFO  o.s.a.rabbit.connection.CachingConnectionFactory - Created new connection: rabbitConnectionFactory#41de5768:0/SimpleConnection@8d3aed0 [delegate=amqp://root@127.0.0.1:5672/, localPort= 53705]
2018-10-12 11:50:20.686 [main] INFO  com.billyang.TestSender - Started TestSender in 5.813 seconds (JVM running for 7.427)
2018-10-12 11:50:21.471 [Thread-2] INFO  o.s.w.context.support.GenericWebApplicationContext - Closing org.springframework.web.context.support.GenericWebApplicationContext@576d5deb: startup date [Fri Oct 12 11:50:15 GMT+08:00 2018]; root of context hierarchy
2018-10-12 11:50:21.475 [Thread-2] INFO  o.s.context.support.DefaultLifecycleProcessor - Stopping beans in phase 2147483647
2018-10-12 11:50:21.505 [Thread-2] INFO  o.s.a.r.listener.SimpleMessageListenerContainer - Waiting for workers to finish.
2018-10-12 11:50:22.484 [Thread-2] INFO  o.s.a.r.listener.SimpleMessageListenerContainer - Successfully waited for workers to finish.
2018-10-12 11:50:22.485 [Thread-2] INFO  o.s.context.support.DefaultLifecycleProcessor - Stopping beans in phase 0
2018-10-12 11:50:22.487 [Thread-2] INFO  o.s.a.r.listener.SimpleMessageListenerContainer - Shutdown ignored - container is not active already
2018-10-12 14:01:14.521 [main] INFO  o.s.b.t.context.SpringBootTestContextBootstrapper - Neither @ContextConfiguration nor @ContextHierarchy found for test class [com.billyang.TestSender], using SpringBootContextLoader
2018-10-12 14:01:14.547 [main] INFO  o.s.test.context.support.AbstractContextLoader - Could not detect default resource locations for test class [com.billyang.TestSender]: no resource found for suffixes {-context.xml, Context.groovy}.
2018-10-12 14:01:14.853 [main] INFO  o.s.b.t.context.SpringBootTestContextBootstrapper - Loaded default TestExecutionListener class names from location [META-INF/spring.factories]: [org.springframework.boot.test.mock.mockito.MockitoTestExecutionListener, org.springframework.boot.test.mock.mockito.ResetMocksTestExecutionListener, org.springframework.boot.test.autoconfigure.restdocs.RestDocsTestExecutionListener, org.springframework.boot.test.autoconfigure.web.client.MockRestServiceServerResetTestExecutionListener, org.springframework.boot.test.autoconfigure.web.servlet.MockMvcPrintOnlyOnFailureTestExecutionListener, org.springframework.boot.test.autoconfigure.web.servlet.WebDriverTestExecutionListener, org.springframework.test.context.web.ServletTestExecutionListener, org.springframework.test.context.support.DirtiesContextBeforeModesTestExecutionListener, org.springframework.test.context.support.DependencyInjectionTestExecutionListener, org.springframework.test.context.support.DirtiesContextTestExecutionListener, org.springframework.test.context.transaction.TransactionalTestExecutionListener, org.springframework.test.context.jdbc.SqlScriptsTestExecutionListener]
2018-10-12 14:01:14.868 [main] INFO  o.s.b.t.context.SpringBootTestContextBootstrapper - Using TestExecutionListeners: [org.springframework.test.context.web.ServletTestExecutionListener@bcec361, org.springframework.test.context.support.DirtiesContextBeforeModesTestExecutionListener@26794848, org.springframework.boot.test.mock.mockito.MockitoTestExecutionListener@302552ec, org.springframework.boot.test.autoconfigure.SpringBootDependencyInjectionTestExecutionListener@3d285d7e, org.springframework.test.context.support.DirtiesContextTestExecutionListener@40005471, org.springframework.test.context.transaction.TransactionalTestExecutionListener@2cd76f31, org.springframework.test.context.jdbc.SqlScriptsTestExecutionListener@367ffa75, org.springframework.boot.test.mock.mockito.ResetMocksTestExecutionListener@49438269, org.springframework.boot.test.autoconfigure.restdocs.RestDocsTestExecutionListener@ba2f4ec, org.springframework.boot.test.autoconfigure.web.client.MockRestServiceServerResetTestExecutionListener@1c1bbc4e, org.springframework.boot.test.autoconfigure.web.servlet.MockMvcPrintOnlyOnFailureTestExecutionListener@55fe41ea, org.springframework.boot.test.autoconfigure.web.servlet.WebDriverTestExecutionListener@fbd1f6]
2018-10-12 14:01:15.370 [main] INFO  com.billyang.TestSender - Starting TestSender on hs1 with PID 7312 (started by yangcan14944 in E:\mywork\myjavaspace\code\springcloud\28-springcloud-mq)
2018-10-12 14:01:15.370 [main] INFO  com.billyang.TestSender - No active profile set, falling back to default profiles: default
2018-10-12 14:01:15.455 [main] INFO  o.s.w.context.support.GenericWebApplicationContext - Refreshing org.springframework.web.context.support.GenericWebApplicationContext@576d5deb: startup date [Fri Oct 12 14:01:15 GMT+08:00 2018]; root of context hierarchy
2018-10-12 14:01:17.582 [main] INFO  o.s.c.s.PostProcessorRegistrationDelegate$BeanPostProcessorChecker - Bean 'org.springframework.amqp.rabbit.annotation.RabbitBootstrapConfiguration' of type [org.springframework.amqp.rabbit.annotation.RabbitBootstrapConfiguration$$EnhancerBySpringCGLIB$$f87c8af6] is not eligible for getting processed by all BeanPostProcessors (for example: not eligible for auto-proxying)
2018-10-12 14:01:18.917 [main] INFO  o.s.web.servlet.handler.SimpleUrlHandlerMapping - Mapped URL path [/**/favicon.ico] onto handler of type [class org.springframework.web.servlet.resource.ResourceHttpRequestHandler]
2018-10-12 14:01:19.249 [main] INFO  o.s.w.s.m.m.a.RequestMappingHandlerAdapter - Looking for @ControllerAdvice: org.springframework.web.context.support.GenericWebApplicationContext@576d5deb: startup date [Fri Oct 12 14:01:15 GMT+08:00 2018]; root of context hierarchy
2018-10-12 14:01:19.430 [main] INFO  o.s.w.s.m.m.a.RequestMappingHandlerMapping - Mapped "{[/error]}" onto public org.springframework.http.ResponseEntity<java.util.Map<java.lang.String, java.lang.Object>> org.springframework.boot.autoconfigure.web.servlet.error.BasicErrorController.error(javax.servlet.http.HttpServletRequest)
2018-10-12 14:01:19.430 [main] INFO  o.s.w.s.m.m.a.RequestMappingHandlerMapping - Mapped "{[/error],produces=[text/html]}" onto public org.springframework.web.servlet.ModelAndView org.springframework.boot.autoconfigure.web.servlet.error.BasicErrorController.errorHtml(javax.servlet.http.HttpServletRequest,javax.servlet.http.HttpServletResponse)
2018-10-12 14:01:19.491 [main] INFO  o.s.web.servlet.handler.SimpleUrlHandlerMapping - Mapped URL path [/webjars/**] onto handler of type [class org.springframework.web.servlet.resource.ResourceHttpRequestHandler]
2018-10-12 14:01:19.491 [main] INFO  o.s.web.servlet.handler.SimpleUrlHandlerMapping - Mapped URL path [/**] onto handler of type [class org.springframework.web.servlet.resource.ResourceHttpRequestHandler]
2018-10-12 14:01:20.085 [main] INFO  o.s.context.support.DefaultLifecycleProcessor - Starting beans in phase 2147483647
2018-10-12 14:01:20.106 [SimpleAsyncTaskExecutor-1] INFO  o.s.a.rabbit.connection.CachingConnectionFactory - Attempting to connect to: [localhost:5672]
2018-10-12 14:01:20.207 [SimpleAsyncTaskExecutor-1] INFO  o.s.a.rabbit.connection.CachingConnectionFactory - Created new connection: rabbitConnectionFactory#622ef26a:0/SimpleConnection@65da22b9 [delegate=amqp://root@127.0.0.1:5672/, localPort= 54393]
2018-10-12 14:01:20.458 [main] INFO  com.billyang.TestSender - Started TestSender in 5.521 seconds (JVM running for 6.931)
2018-10-12 14:48:44.034 [main] INFO  com.billyang.App29 - Starting App29 on hs1 with PID 20384 (E:\mywork\myjavaspace\code\springcloud\29-rabbitmq-direct-provider\target\classes started by yangcan14944 in E:\mywork\myjavaspace\code\springcloud\29-rabbitmq-direct-provider)
2018-10-12 14:48:44.042 [main] INFO  com.billyang.App29 - No active profile set, falling back to default profiles: default
2018-10-12 14:48:44.171 [main] INFO  o.s.b.w.s.c.AnnotationConfigServletWebServerApplicationContext - Refreshing org.springframework.boot.web.servlet.context.AnnotationConfigServletWebServerApplicationContext@363ee3a2: startup date [Fri Oct 12 14:48:44 GMT+08:00 2018]; root of context hierarchy
2018-10-12 14:48:45.820 [main] INFO  o.s.c.s.PostProcessorRegistrationDelegate$BeanPostProcessorChecker - Bean 'org.springframework.amqp.rabbit.annotation.RabbitBootstrapConfiguration' of type [org.springframework.amqp.rabbit.annotation.RabbitBootstrapConfiguration$$EnhancerBySpringCGLIB$$c69e65ab] is not eligible for getting processed by all BeanPostProcessors (for example: not eligible for auto-proxying)
2018-10-12 14:48:47.182 [main] INFO  o.s.boot.web.embedded.tomcat.TomcatWebServer - Tomcat initialized with port(s): 8080 (http)
2018-10-12 14:48:47.203 [main] INFO  org.apache.coyote.http11.Http11NioProtocol - Initializing ProtocolHandler ["http-nio-8080"]
2018-10-12 14:48:47.216 [main] INFO  org.apache.catalina.core.StandardService - Starting service [Tomcat]
2018-10-12 14:48:47.216 [main] INFO  org.apache.catalina.core.StandardEngine - Starting Servlet Engine: Apache Tomcat/8.5.32
2018-10-12 14:48:47.229 [localhost-startStop-1] INFO  org.apache.catalina.core.AprLifecycleListener - The APR based Apache Tomcat Native library which allows optimal performance in production environments was not found on the java.library.path: [F:\jdk1.8\bin;C:\WINDOWS\Sun\Java\bin;C:\WINDOWS\system32;C:\WINDOWS;C:\Program Files (x86)\Common Files\NetSarang;C:\Program Files (x86)\IBM\WebSphere MQ\java\lib;C:\Program Files (x86)\IBM\WebSphere MQ\java\lib64;D:\database\oracle\product\11.2.0\dbhome_1\bin;C:\WINDOWS\system32;C:\WINDOWS;C:\WINDOWS\System32\Wbem;C:\WINDOWS\System32\WindowsPowerShell\v1.0\;F:\jdk1.8\bin;F:\jdk1.8\jre\bin;F:\eclipse\dropins\apache-ant-1.8.1\bin;D:\Program Files (x86)\Android\android-sdk\tools;D:\Program Files (x86)\maven\apache-maven-3.0.3\bin;D:\Program Files (x86)\Android\adt-bundle-windows-x86_64-20130917\sdk\platform-tools;D:\Program Files (x86)\Android\adt-bundle-windows-x86_64-20130917\sdk\tools;C:\Program Files (x86)\IBM\WebSphere MQ\bin64;C:\Program Files (x86)\IBM\WebSphere MQ\bin;C:\Program Files (x86)\IBM\WebSphere MQ\tools\c\samples\bin;D:\Program Files (x86)\cygwin;F:\恒生\开发工具\web服务监控\soapui-4.5.2\bin;D:\PROGRA;2\IBM\SQLLIB\BIN;D:\PROGRA~2\IBM\SQLLIB\FUNCTION;D:\PROGRA~2\IBM\SQLLIB\SAMPLES\REPL;C:\Program Files\TortoiseSVN\bin;D:\Program Files (x86)\cxf\apache-cxf-2.6.16\bin;D:\mongo\mongodb-win32-x86_64-3.0.6\bin;D:\mongo\客户端;D:;redis;D:\Program Files\RabbitMQ Server\rabbitmq_server-3.6.2\sbin;D:\zookeeper\zookeeper-3.4.8;D:\thrift;D:\Program Files\Git\cmd;D:\Program Files\nodejs\;D:\Program Files\MySQL\mysql-5.7.22-winx64\bin;C:\WINDOWS\System32\OpenSSH\;C:\Users\Administrator.WINDOWS-2BBUIOA\AppData\Local\Microsoft\WindowsApps;C:\Users\Administrator.WINDOWS-2BBUIOA\AppData\Roaming\npm;D:\Program Files\MySQL\MySQL Server 5.5\bin;C:\ProgramData\yangcan14944\GitHubDesktop\bin;F:\eclipse\dropins\apache-ant-1.8.1\bin;%USERPROFILE%\AppData\Local\Microsoft\WindowsApps;;.]
2018-10-12 14:48:47.416 [localhost-startStop-1] INFO  o.a.c.core.ContainerBase.[Tomcat].[localhost].[/] - Initializing Spring embedded WebApplicationContext
2018-10-12 14:48:47.418 [localhost-startStop-1] INFO  org.springframework.web.context.ContextLoader - Root WebApplicationContext: initialization completed in 3247 ms
2018-10-12 14:48:47.598 [localhost-startStop-1] INFO  o.s.boot.web.servlet.ServletRegistrationBean - Servlet dispatcherServlet mapped to [/]
2018-10-12 14:48:47.607 [localhost-startStop-1] INFO  o.s.boot.web.servlet.FilterRegistrationBean - Mapping filter: 'characterEncodingFilter' to: [/*]
2018-10-12 14:48:47.607 [localhost-startStop-1] INFO  o.s.boot.web.servlet.FilterRegistrationBean - Mapping filter: 'hiddenHttpMethodFilter' to: [/*]
2018-10-12 14:48:47.607 [localhost-startStop-1] INFO  o.s.boot.web.servlet.FilterRegistrationBean - Mapping filter: 'httpPutFormContentFilter' to: [/*]
2018-10-12 14:48:47.607 [localhost-startStop-1] INFO  o.s.boot.web.servlet.FilterRegistrationBean - Mapping filter: 'requestContextFilter' to: [/*]
2018-10-12 14:48:48.123 [main] INFO  o.s.web.servlet.handler.SimpleUrlHandlerMapping - Mapped URL path [/**/favicon.ico] onto handler of type [class org.springframework.web.servlet.resource.ResourceHttpRequestHandler]
2018-10-12 14:48:48.439 [main] INFO  o.s.w.s.m.m.a.RequestMappingHandlerAdapter - Looking for @ControllerAdvice: org.springframework.boot.web.servlet.context.AnnotationConfigServletWebServerApplicationContext@363ee3a2: startup date [Fri Oct 12 14:48:44 GMT+08:00 2018]; root of context hierarchy
2018-10-12 14:48:48.592 [main] INFO  o.s.w.s.m.m.a.RequestMappingHandlerMapping - Mapped "{[/error]}" onto public org.springframework.http.ResponseEntity<java.util.Map<java.lang.String, java.lang.Object>> org.springframework.boot.autoconfigure.web.servlet.error.BasicErrorController.error(javax.servlet.http.HttpServletRequest)
2018-10-12 14:48:48.598 [main] INFO  o.s.w.s.m.m.a.RequestMappingHandlerMapping - Mapped "{[/error],produces=[text/html]}" onto public org.springframework.web.servlet.ModelAndView org.springframework.boot.autoconfigure.web.servlet.error.BasicErrorController.errorHtml(javax.servlet.http.HttpServletRequest,javax.servlet.http.HttpServletResponse)
2018-10-12 14:48:48.846 [main] INFO  o.s.web.servlet.handler.SimpleUrlHandlerMapping - Mapped URL path [/webjars/**] onto handler of type [class org.springframework.web.servlet.resource.ResourceHttpRequestHandler]
2018-10-12 14:48:48.847 [main] INFO  o.s.web.servlet.handler.SimpleUrlHandlerMapping - Mapped URL path [/**] onto handler of type [class org.springframework.web.servlet.resource.ResourceHttpRequestHandler]
2018-10-12 14:48:49.291 [main] INFO  o.s.jmx.export.annotation.AnnotationMBeanExporter - Registering beans for JMX exposure on startup
2018-10-12 14:48:49.307 [main] INFO  o.s.jmx.export.annotation.AnnotationMBeanExporter - Bean with name 'rabbitConnectionFactory' has been autodetected for JMX exposure
2018-10-12 14:48:49.313 [main] INFO  o.s.jmx.export.annotation.AnnotationMBeanExporter - Located managed bean 'rabbitConnectionFactory': registering with JMX server as MBean [org.springframework.amqp.rabbit.connection:name=rabbitConnectionFactory,type=CachingConnectionFactory]
2018-10-12 14:48:49.358 [main] INFO  o.s.context.support.DefaultLifecycleProcessor - Starting beans in phase 2147483647
2018-10-12 14:48:49.371 [main] INFO  org.apache.coyote.http11.Http11NioProtocol - Starting ProtocolHandler ["http-nio-8080"]
2018-10-12 14:48:49.407 [main] INFO  org.apache.tomcat.util.net.NioSelectorPool - Using a shared selector for servlet write/read
2018-10-12 14:48:49.435 [main] INFO  o.s.boot.web.embedded.tomcat.TomcatWebServer - Tomcat started on port(s): 8080 (http) with context path ''
2018-10-12 14:48:49.442 [main] INFO  com.billyang.App29 - Started App29 in 5.954 seconds (JVM running for 6.751)
2018-10-12 14:50:46.517 [main] INFO  o.s.b.t.context.SpringBootTestContextBootstrapper - Neither @ContextConfiguration nor @ContextHierarchy found for test class [com.billyang.TestSender], using SpringBootContextLoader
2018-10-12 14:50:46.529 [main] INFO  o.s.test.context.support.AbstractContextLoader - Could not detect default resource locations for test class [com.billyang.TestSender]: no resource found for suffixes {-context.xml, Context.groovy}.
2018-10-12 14:50:46.838 [main] INFO  o.s.b.t.context.SpringBootTestContextBootstrapper - Loaded default TestExecutionListener class names from location [META-INF/spring.factories]: [org.springframework.boot.test.mock.mockito.MockitoTestExecutionListener, org.springframework.boot.test.mock.mockito.ResetMocksTestExecutionListener, org.springframework.boot.test.autoconfigure.restdocs.RestDocsTestExecutionListener, org.springframework.boot.test.autoconfigure.web.client.MockRestServiceServerResetTestExecutionListener, org.springframework.boot.test.autoconfigure.web.servlet.MockMvcPrintOnlyOnFailureTestExecutionListener, org.springframework.boot.test.autoconfigure.web.servlet.WebDriverTestExecutionListener, org.springframework.test.context.web.ServletTestExecutionListener, org.springframework.test.context.support.DirtiesContextBeforeModesTestExecutionListener, org.springframework.test.context.support.DependencyInjectionTestExecutionListener, org.springframework.test.context.support.DirtiesContextTestExecutionListener, org.springframework.test.context.transaction.TransactionalTestExecutionListener, org.springframework.test.context.jdbc.SqlScriptsTestExecutionListener]
2018-10-12 14:50:46.863 [main] INFO  o.s.b.t.context.SpringBootTestContextBootstrapper - Using TestExecutionListeners: [org.springframework.test.context.web.ServletTestExecutionListener@bcec361, org.springframework.test.context.support.DirtiesContextBeforeModesTestExecutionListener@26794848, org.springframework.boot.test.mock.mockito.MockitoTestExecutionListener@302552ec, org.springframework.boot.test.autoconfigure.SpringBootDependencyInjectionTestExecutionListener@3d285d7e, org.springframework.test.context.support.DirtiesContextTestExecutionListener@40005471, org.springframework.test.context.transaction.TransactionalTestExecutionListener@2cd76f31, org.springframework.test.context.jdbc.SqlScriptsTestExecutionListener@367ffa75, org.springframework.boot.test.mock.mockito.ResetMocksTestExecutionListener@49438269, org.springframework.boot.test.autoconfigure.restdocs.RestDocsTestExecutionListener@ba2f4ec, org.springframework.boot.test.autoconfigure.web.client.MockRestServiceServerResetTestExecutionListener@1c1bbc4e, org.springframework.boot.test.autoconfigure.web.servlet.MockMvcPrintOnlyOnFailureTestExecutionListener@55fe41ea, org.springframework.boot.test.autoconfigure.web.servlet.WebDriverTestExecutionListener@fbd1f6]
2018-10-12 14:50:47.442 [main] INFO  com.billyang.TestSender - Starting TestSender on hs1 with PID 2040 (started by yangcan14944 in E:\mywork\myjavaspace\code\springcloud\29-rabbitmq-direct-provider)
2018-10-12 14:50:47.444 [main] INFO  com.billyang.TestSender - No active profile set, falling back to default profiles: default
2018-10-12 14:50:47.528 [main] INFO  o.s.w.context.support.GenericWebApplicationContext - Refreshing org.springframework.web.context.support.GenericWebApplicationContext@576d5deb: startup date [Fri Oct 12 14:50:47 GMT+08:00 2018]; root of context hierarchy
2018-10-12 14:50:49.749 [main] INFO  o.s.c.s.PostProcessorRegistrationDelegate$BeanPostProcessorChecker - Bean 'org.springframework.amqp.rabbit.annotation.RabbitBootstrapConfiguration' of type [org.springframework.amqp.rabbit.annotation.RabbitBootstrapConfiguration$$EnhancerBySpringCGLIB$$6fce68] is not eligible for getting processed by all BeanPostProcessors (for example: not eligible for auto-proxying)
2018-10-12 14:50:51.237 [main] INFO  o.s.web.servlet.handler.SimpleUrlHandlerMapping - Mapped URL path [/**/favicon.ico] onto handler of type [class org.springframework.web.servlet.resource.ResourceHttpRequestHandler]
2018-10-12 14:50:51.591 [main] INFO  o.s.w.s.m.m.a.RequestMappingHandlerAdapter - Looking for @ControllerAdvice: org.springframework.web.context.support.GenericWebApplicationContext@576d5deb: startup date [Fri Oct 12 14:50:47 GMT+08:00 2018]; root of context hierarchy
2018-10-12 14:50:51.753 [main] INFO  o.s.w.s.m.m.a.RequestMappingHandlerMapping - Mapped "{[/error]}" onto public org.springframework.http.ResponseEntity<java.util.Map<java.lang.String, java.lang.Object>> org.springframework.boot.autoconfigure.web.servlet.error.BasicErrorController.error(javax.servlet.http.HttpServletRequest)
2018-10-12 14:50:51.756 [main] INFO  o.s.w.s.m.m.a.RequestMappingHandlerMapping - Mapped "{[/error],produces=[text/html]}" onto public org.springframework.web.servlet.ModelAndView org.springframework.boot.autoconfigure.web.servlet.error.BasicErrorController.errorHtml(javax.servlet.http.HttpServletRequest,javax.servlet.http.HttpServletResponse)
2018-10-12 14:50:51.832 [main] INFO  o.s.web.servlet.handler.SimpleUrlHandlerMapping - Mapped URL path [/webjars/**] onto handler of type [class org.springframework.web.servlet.resource.ResourceHttpRequestHandler]
2018-10-12 14:50:51.833 [main] INFO  o.s.web.servlet.handler.SimpleUrlHandlerMapping - Mapped URL path [/**] onto handler of type [class org.springframework.web.servlet.resource.ResourceHttpRequestHandler]
2018-10-12 14:50:52.416 [main] INFO  o.s.context.support.DefaultLifecycleProcessor - Starting beans in phase 2147483647
2018-10-12 14:50:52.435 [main] INFO  com.billyang.TestSender - Started TestSender in 5.482 seconds (JVM running for 7.012)
2018-10-12 14:50:53.190 [main] INFO  o.s.a.rabbit.connection.CachingConnectionFactory - Attempting to connect to: [localhost:5672]
2018-10-12 14:50:53.430 [main] INFO  o.s.a.rabbit.connection.CachingConnectionFactory - Created new connection: rabbitConnectionFactory#33aa93c:0/SimpleConnection@7c1812b3 [delegate=amqp://root@127.0.0.1:5672/, localPort= 54979]
2018-10-12 14:50:53.498 [Thread-2] INFO  o.s.w.context.support.GenericWebApplicationContext - Closing org.springframework.web.context.support.GenericWebApplicationContext@576d5deb: startup date [Fri Oct 12 14:50:47 GMT+08:00 2018]; root of context hierarchy
2018-10-12 14:50:53.507 [Thread-2] INFO  o.s.context.support.DefaultLifecycleProcessor - Stopping beans in phase 2147483647
2018-10-12 14:50:53.508 [Thread-2] INFO  o.s.context.support.DefaultLifecycleProcessor - Stopping beans in phase 0
2018-10-12 14:50:53.539 [AMQP Connection 127.0.0.1:5672] ERROR o.s.a.rabbit.connection.CachingConnectionFactory - Channel shutdown: channel error; protocol method: #method<channel.close>(reply-code=404, reply-text=NOT_FOUND - no exchange 'log.direct' in vhost '/', class-id=60, method-id=40)
2018-10-12 14:52:02.841 [main] INFO  o.s.b.t.context.SpringBootTestContextBootstrapper - Neither @ContextConfiguration nor @ContextHierarchy found for test class [com.billyang.TestSender], using SpringBootContextLoader
2018-10-12 14:52:02.853 [main] INFO  o.s.test.context.support.AbstractContextLoader - Could not detect default resource locations for test class [com.billyang.TestSender]: no resource found for suffixes {-context.xml, Context.groovy}.
2018-10-12 14:52:03.173 [main] INFO  o.s.b.t.context.SpringBootTestContextBootstrapper - Loaded default TestExecutionListener class names from location [META-INF/spring.factories]: [org.springframework.boot.test.mock.mockito.MockitoTestExecutionListener, org.springframework.boot.test.mock.mockito.ResetMocksTestExecutionListener, org.springframework.boot.test.autoconfigure.restdocs.RestDocsTestExecutionListener, org.springframework.boot.test.autoconfigure.web.client.MockRestServiceServerResetTestExecutionListener, org.springframework.boot.test.autoconfigure.web.servlet.MockMvcPrintOnlyOnFailureTestExecutionListener, org.springframework.boot.test.autoconfigure.web.servlet.WebDriverTestExecutionListener, org.springframework.test.context.web.ServletTestExecutionListener, org.springframework.test.context.support.DirtiesContextBeforeModesTestExecutionListener, org.springframework.test.context.support.DependencyInjectionTestExecutionListener, org.springframework.test.context.support.DirtiesContextTestExecutionListener, org.springframework.test.context.transaction.TransactionalTestExecutionListener, org.springframework.test.context.jdbc.SqlScriptsTestExecutionListener]
2018-10-12 14:52:03.197 [main] INFO  o.s.b.t.context.SpringBootTestContextBootstrapper - Using TestExecutionListeners: [org.springframework.test.context.web.ServletTestExecutionListener@bcec361, org.springframework.test.context.support.DirtiesContextBeforeModesTestExecutionListener@26794848, org.springframework.boot.test.mock.mockito.MockitoTestExecutionListener@302552ec, org.springframework.boot.test.autoconfigure.SpringBootDependencyInjectionTestExecutionListener@3d285d7e, org.springframework.test.context.support.DirtiesContextTestExecutionListener@40005471, org.springframework.test.context.transaction.TransactionalTestExecutionListener@2cd76f31, org.springframework.test.context.jdbc.SqlScriptsTestExecutionListener@367ffa75, org.springframework.boot.test.mock.mockito.ResetMocksTestExecutionListener@49438269, org.springframework.boot.test.autoconfigure.restdocs.RestDocsTestExecutionListener@ba2f4ec, org.springframework.boot.test.autoconfigure.web.client.MockRestServiceServerResetTestExecutionListener@1c1bbc4e, org.springframework.boot.test.autoconfigure.web.servlet.MockMvcPrintOnlyOnFailureTestExecutionListener@55fe41ea, org.springframework.boot.test.autoconfigure.web.servlet.WebDriverTestExecutionListener@fbd1f6]
2018-10-12 14:52:03.799 [main] INFO  com.billyang.TestSender - Starting TestSender on hs1 with PID 2892 (started by yangcan14944 in E:\mywork\myjavaspace\code\springcloud\29-rabbitmq-direct-provider)
2018-10-12 14:52:03.800 [main] INFO  com.billyang.TestSender - No active profile set, falling back to default profiles: default
2018-10-12 14:52:03.892 [main] INFO  o.s.w.context.support.GenericWebApplicationContext - Refreshing org.springframework.web.context.support.GenericWebApplicationContext@576d5deb: startup date [Fri Oct 12 14:52:03 GMT+08:00 2018]; root of context hierarchy
2018-10-12 14:52:06.371 [main] INFO  o.s.c.s.PostProcessorRegistrationDelegate$BeanPostProcessorChecker - Bean 'org.springframework.amqp.rabbit.annotation.RabbitBootstrapConfiguration' of type [org.springframework.amqp.rabbit.annotation.RabbitBootstrapConfiguration$$EnhancerBySpringCGLIB$$38588e3a] is not eligible for getting processed by all BeanPostProcessors (for example: not eligible for auto-proxying)
2018-10-12 14:52:07.953 [main] INFO  o.s.web.servlet.handler.SimpleUrlHandlerMapping - Mapped URL path [/**/favicon.ico] onto handler of type [class org.springframework.web.servlet.resource.ResourceHttpRequestHandler]
2018-10-12 14:52:08.457 [main] INFO  o.s.w.s.m.m.a.RequestMappingHandlerAdapter - Looking for @ControllerAdvice: org.springframework.web.context.support.GenericWebApplicationContext@576d5deb: startup date [Fri Oct 12 14:52:03 GMT+08:00 2018]; root of context hierarchy
2018-10-12 14:52:08.679 [main] INFO  o.s.w.s.m.m.a.RequestMappingHandlerMapping - Mapped "{[/error]}" onto public org.springframework.http.ResponseEntity<java.util.Map<java.lang.String, java.lang.Object>> org.springframework.boot.autoconfigure.web.servlet.error.BasicErrorController.error(javax.servlet.http.HttpServletRequest)
2018-10-12 14:52:08.685 [main] INFO  o.s.w.s.m.m.a.RequestMappingHandlerMapping - Mapped "{[/error],produces=[text/html]}" onto public org.springframework.web.servlet.ModelAndView org.springframework.boot.autoconfigure.web.servlet.error.BasicErrorController.errorHtml(javax.servlet.http.HttpServletRequest,javax.servlet.http.HttpServletResponse)
2018-10-12 14:52:08.858 [main] INFO  o.s.web.servlet.handler.SimpleUrlHandlerMapping - Mapped URL path [/webjars/**] onto handler of type [class org.springframework.web.servlet.resource.ResourceHttpRequestHandler]
2018-10-12 14:52:08.859 [main] INFO  o.s.web.servlet.handler.SimpleUrlHandlerMapping - Mapped URL path [/**] onto handler of type [class org.springframework.web.servlet.resource.ResourceHttpRequestHandler]
2018-10-12 14:52:09.810 [main] INFO  o.s.context.support.DefaultLifecycleProcessor - Starting beans in phase 2147483647
2018-10-12 14:52:09.868 [main] INFO  com.billyang.TestSender - Started TestSender in 6.578 seconds (JVM running for 8.151)
2018-10-12 14:52:10.354 [main] INFO  o.s.a.rabbit.connection.CachingConnectionFactory - Attempting to connect to: [localhost:5672]
2018-10-12 14:52:11.256 [main] INFO  o.s.a.rabbit.connection.CachingConnectionFactory - Created new connection: rabbitConnectionFactory#3a45c42a:0/SimpleConnection@64b70919 [delegate=amqp://root@127.0.0.1:5672/, localPort= 54987]
2018-10-12 14:52:11.374 [Thread-2] INFO  o.s.w.context.support.GenericWebApplicationContext - Closing org.springframework.web.context.support.GenericWebApplicationContext@576d5deb: startup date [Fri Oct 12 14:52:03 GMT+08:00 2018]; root of context hierarchy
2018-10-12 14:52:11.404 [Thread-2] INFO  o.s.context.support.DefaultLifecycleProcessor - Stopping beans in phase 2147483647
2018-10-12 14:52:11.405 [Thread-2] INFO  o.s.context.support.DefaultLifecycleProcessor - Stopping beans in phase 0
2018-10-12 15:15:26.172 [main] INFO  o.s.b.t.context.SpringBootTestContextBootstrapper - Neither @ContextConfiguration nor @ContextHierarchy found for test class [com.billyang.TestSender], using SpringBootContextLoader
2018-10-12 15:15:26.183 [main] INFO  o.s.test.context.support.AbstractContextLoader - Could not detect default resource locations for test class [com.billyang.TestSender]: no resource found for suffixes {-context.xml, Context.groovy}.
2018-10-12 15:15:26.510 [main] INFO  o.s.b.t.context.SpringBootTestContextBootstrapper - Loaded default TestExecutionListener class names from location [META-INF/spring.factories]: [org.springframework.boot.test.mock.mockito.MockitoTestExecutionListener, org.springframework.boot.test.mock.mockito.ResetMocksTestExecutionListener, org.springframework.boot.test.autoconfigure.restdocs.RestDocsTestExecutionListener, org.springframework.boot.test.autoconfigure.web.client.MockRestServiceServerResetTestExecutionListener, org.springframework.boot.test.autoconfigure.web.servlet.MockMvcPrintOnlyOnFailureTestExecutionListener, org.springframework.boot.test.autoconfigure.web.servlet.WebDriverTestExecutionListener, org.springframework.test.context.web.ServletTestExecutionListener, org.springframework.test.context.support.DirtiesContextBeforeModesTestExecutionListener, org.springframework.test.context.support.DependencyInjectionTestExecutionListener, org.springframework.test.context.support.DirtiesContextTestExecutionListener, org.springframework.test.context.transaction.TransactionalTestExecutionListener, org.springframework.test.context.jdbc.SqlScriptsTestExecutionListener]
2018-10-12 15:15:26.534 [main] INFO  o.s.b.t.context.SpringBootTestContextBootstrapper - Using TestExecutionListeners: [org.springframework.test.context.web.ServletTestExecutionListener@bcec361, org.springframework.test.context.support.DirtiesContextBeforeModesTestExecutionListener@26794848, org.springframework.boot.test.mock.mockito.MockitoTestExecutionListener@302552ec, org.springframework.boot.test.autoconfigure.SpringBootDependencyInjectionTestExecutionListener@3d285d7e, org.springframework.test.context.support.DirtiesContextTestExecutionListener@40005471, org.springframework.test.context.transaction.TransactionalTestExecutionListener@2cd76f31, org.springframework.test.context.jdbc.SqlScriptsTestExecutionListener@367ffa75, org.springframework.boot.test.mock.mockito.ResetMocksTestExecutionListener@49438269, org.springframework.boot.test.autoconfigure.restdocs.RestDocsTestExecutionListener@ba2f4ec, org.springframework.boot.test.autoconfigure.web.client.MockRestServiceServerResetTestExecutionListener@1c1bbc4e, org.springframework.boot.test.autoconfigure.web.servlet.MockMvcPrintOnlyOnFailureTestExecutionListener@55fe41ea, org.springframework.boot.test.autoconfigure.web.servlet.WebDriverTestExecutionListener@fbd1f6]
2018-10-12 15:15:27.088 [main] INFO  com.billyang.TestSender - Starting TestSender on hs1 with PID 15684 (started by yangcan14944 in E:\mywork\myjavaspace\code\springcloud\29-rabbitmq-direct-provider)
2018-10-12 15:15:27.089 [main] INFO  com.billyang.TestSender - No active profile set, falling back to default profiles: default
2018-10-12 15:15:27.153 [main] INFO  o.s.w.context.support.GenericWebApplicationContext - Refreshing org.springframework.web.context.support.GenericWebApplicationContext@576d5deb: startup date [Fri Oct 12 15:15:27 GMT+08:00 2018]; root of context hierarchy
2018-10-12 15:15:29.409 [main] INFO  o.s.c.s.PostProcessorRegistrationDelegate$BeanPostProcessorChecker - Bean 'org.springframework.amqp.rabbit.annotation.RabbitBootstrapConfiguration' of type [org.springframework.amqp.rabbit.annotation.RabbitBootstrapConfiguration$$EnhancerBySpringCGLIB$$7fa52f80] is not eligible for getting processed by all BeanPostProcessors (for example: not eligible for auto-proxying)
2018-10-12 15:15:30.724 [main] INFO  o.s.web.servlet.handler.SimpleUrlHandlerMapping - Mapped URL path [/**/favicon.ico] onto handler of type [class org.springframework.web.servlet.resource.ResourceHttpRequestHandler]
2018-10-12 15:15:31.107 [main] INFO  o.s.w.s.m.m.a.RequestMappingHandlerAdapter - Looking for @ControllerAdvice: org.springframework.web.context.support.GenericWebApplicationContext@576d5deb: startup date [Fri Oct 12 15:15:27 GMT+08:00 2018]; root of context hierarchy
2018-10-12 15:15:31.286 [main] INFO  o.s.w.s.m.m.a.RequestMappingHandlerMapping - Mapped "{[/error]}" onto public org.springframework.http.ResponseEntity<java.util.Map<java.lang.String, java.lang.Object>> org.springframework.boot.autoconfigure.web.servlet.error.BasicErrorController.error(javax.servlet.http.HttpServletRequest)
2018-10-12 15:15:31.289 [main] INFO  o.s.w.s.m.m.a.RequestMappingHandlerMapping - Mapped "{[/error],produces=[text/html]}" onto public org.springframework.web.servlet.ModelAndView org.springframework.boot.autoconfigure.web.servlet.error.BasicErrorController.errorHtml(javax.servlet.http.HttpServletRequest,javax.servlet.http.HttpServletResponse)
2018-10-12 15:15:31.346 [main] INFO  o.s.web.servlet.handler.SimpleUrlHandlerMapping - Mapped URL path [/webjars/**] onto handler of type [class org.springframework.web.servlet.resource.ResourceHttpRequestHandler]
2018-10-12 15:15:31.347 [main] INFO  o.s.web.servlet.handler.SimpleUrlHandlerMapping - Mapped URL path [/**] onto handler of type [class org.springframework.web.servlet.resource.ResourceHttpRequestHandler]
2018-10-12 15:15:31.982 [main] INFO  o.s.context.support.DefaultLifecycleProcessor - Starting beans in phase 2147483647
2018-10-12 15:15:32.002 [main] INFO  com.billyang.TestSender - Started TestSender in 5.385 seconds (JVM running for 6.931)
2018-10-12 15:15:34.283 [main] INFO  o.s.a.rabbit.connection.CachingConnectionFactory - Attempting to connect to: [localhost:5672]
2018-10-12 15:15:34.465 [main] INFO  o.s.a.rabbit.connection.CachingConnectionFactory - Created new connection: rabbitConnectionFactory#5af5def9:0/SimpleConnection@3cec79d3 [delegate=amqp://root@127.0.0.1:5672/, localPort= 55231]
2018-10-12 15:27:45.977 [main] INFO  o.s.b.t.context.SpringBootTestContextBootstrapper - Neither @ContextConfiguration nor @ContextHierarchy found for test class [com.billyang.TestSender], using SpringBootContextLoader
2018-10-12 15:27:45.989 [main] INFO  o.s.test.context.support.AbstractContextLoader - Could not detect default resource locations for test class [com.billyang.TestSender]: no resource found for suffixes {-context.xml, Context.groovy}.
2018-10-12 15:27:46.337 [main] INFO  o.s.b.t.context.SpringBootTestContextBootstrapper - Loaded default TestExecutionListener class names from location [META-INF/spring.factories]: [org.springframework.boot.test.mock.mockito.MockitoTestExecutionListener, org.springframework.boot.test.mock.mockito.ResetMocksTestExecutionListener, org.springframework.boot.test.autoconfigure.restdocs.RestDocsTestExecutionListener, org.springframework.boot.test.autoconfigure.web.client.MockRestServiceServerResetTestExecutionListener, org.springframework.boot.test.autoconfigure.web.servlet.MockMvcPrintOnlyOnFailureTestExecutionListener, org.springframework.boot.test.autoconfigure.web.servlet.WebDriverTestExecutionListener, org.springframework.test.context.web.ServletTestExecutionListener, org.springframework.test.context.support.DirtiesContextBeforeModesTestExecutionListener, org.springframework.test.context.support.DependencyInjectionTestExecutionListener, org.springframework.test.context.support.DirtiesContextTestExecutionListener, org.springframework.test.context.transaction.TransactionalTestExecutionListener, org.springframework.test.context.jdbc.SqlScriptsTestExecutionListener]
2018-10-12 15:27:46.361 [main] INFO  o.s.b.t.context.SpringBootTestContextBootstrapper - Using TestExecutionListeners: [org.springframework.test.context.web.ServletTestExecutionListener@198b6731, org.springframework.test.context.support.DirtiesContextBeforeModesTestExecutionListener@7c6908d7, org.springframework.boot.test.mock.mockito.MockitoTestExecutionListener@3c9754d8, org.springframework.boot.test.autoconfigure.SpringBootDependencyInjectionTestExecutionListener@3bf7ca37, org.springframework.test.context.support.DirtiesContextTestExecutionListener@79079097, org.springframework.test.context.transaction.TransactionalTestExecutionListener@4d1c00d0, org.springframework.test.context.jdbc.SqlScriptsTestExecutionListener@4b2bac3f, org.springframework.boot.test.mock.mockito.ResetMocksTestExecutionListener@4e08711f, org.springframework.boot.test.autoconfigure.restdocs.RestDocsTestExecutionListener@bcec361, org.springframework.boot.test.autoconfigure.web.client.MockRestServiceServerResetTestExecutionListener@26794848, org.springframework.boot.test.autoconfigure.web.servlet.MockMvcPrintOnlyOnFailureTestExecutionListener@302552ec, org.springframework.boot.test.autoconfigure.web.servlet.WebDriverTestExecutionListener@3d285d7e]
2018-10-12 15:27:46.891 [main] INFO  com.billyang.TestSender - Starting TestSender on hs1 with PID 16324 (started by yangcan14944 in E:\mywork\myjavaspace\code\springcloud\29-rabbitmq-direct-provider)
2018-10-12 15:27:46.892 [main] INFO  com.billyang.TestSender - No active profile set, falling back to default profiles: default
2018-10-12 15:27:46.960 [main] INFO  o.s.w.context.support.GenericWebApplicationContext - Refreshing org.springframework.web.context.support.GenericWebApplicationContext@1ed6388a: startup date [Fri Oct 12 15:27:46 GMT+08:00 2018]; root of context hierarchy
2018-10-12 15:27:48.766 [main] INFO  o.s.c.s.PostProcessorRegistrationDelegate$BeanPostProcessorChecker - Bean 'org.springframework.amqp.rabbit.annotation.RabbitBootstrapConfiguration' of type [org.springframework.amqp.rabbit.annotation.RabbitBootstrapConfiguration$$EnhancerBySpringCGLIB$$f15002ba] is not eligible for getting processed by all BeanPostProcessors (for example: not eligible for auto-proxying)
2018-10-12 15:27:50.105 [main] INFO  o.s.web.servlet.handler.SimpleUrlHandlerMapping - Mapped URL path [/**/favicon.ico] onto handler of type [class org.springframework.web.servlet.resource.ResourceHttpRequestHandler]
2018-10-12 15:27:50.467 [main] INFO  o.s.w.s.m.m.a.RequestMappingHandlerAdapter - Looking for @ControllerAdvice: org.springframework.web.context.support.GenericWebApplicationContext@1ed6388a: startup date [Fri Oct 12 15:27:46 GMT+08:00 2018]; root of context hierarchy
2018-10-12 15:27:50.603 [main] INFO  o.s.w.s.m.m.a.RequestMappingHandlerMapping - Mapped "{[/error]}" onto public org.springframework.http.ResponseEntity<java.util.Map<java.lang.String, java.lang.Object>> org.springframework.boot.autoconfigure.web.servlet.error.BasicErrorController.error(javax.servlet.http.HttpServletRequest)
2018-10-12 15:27:50.607 [main] INFO  o.s.w.s.m.m.a.RequestMappingHandlerMapping - Mapped "{[/error],produces=[text/html]}" onto public org.springframework.web.servlet.ModelAndView org.springframework.boot.autoconfigure.web.servlet.error.BasicErrorController.errorHtml(javax.servlet.http.HttpServletRequest,javax.servlet.http.HttpServletResponse)
2018-10-12 15:27:50.665 [main] INFO  o.s.web.servlet.handler.SimpleUrlHandlerMapping - Mapped URL path [/webjars/**] onto handler of type [class org.springframework.web.servlet.resource.ResourceHttpRequestHandler]
2018-10-12 15:27:50.665 [main] INFO  o.s.web.servlet.handler.SimpleUrlHandlerMapping - Mapped URL path [/**] onto handler of type [class org.springframework.web.servlet.resource.ResourceHttpRequestHandler]
2018-10-12 15:27:51.198 [main] INFO  o.s.context.support.DefaultLifecycleProcessor - Starting beans in phase 2147483647
2018-10-12 15:27:51.213 [main] INFO  com.billyang.TestSender - Started TestSender in 4.764 seconds (JVM running for 6.312)
2018-10-12 15:27:53.661 [main] INFO  o.s.a.rabbit.connection.CachingConnectionFactory - Attempting to connect to: [localhost:5672]
2018-10-12 15:27:53.839 [main] INFO  o.s.a.rabbit.connection.CachingConnectionFactory - Created new connection: rabbitConnectionFactory#15deb1dc:0/SimpleConnection@6b667cb3 [delegate=amqp://root@127.0.0.1:5672/, localPort= 55377]
2018-10-12 15:32:07.776 [main] INFO  o.s.b.t.context.SpringBootTestContextBootstrapper - Neither @ContextConfiguration nor @ContextHierarchy found for test class [com.billyang.TestSender], using SpringBootContextLoader
2018-10-12 15:32:07.788 [main] INFO  o.s.test.context.support.AbstractContextLoader - Could not detect default resource locations for test class [com.billyang.TestSender]: no resource found for suffixes {-context.xml, Context.groovy}.
2018-10-12 15:32:08.131 [main] INFO  o.s.b.t.context.SpringBootTestContextBootstrapper - Loaded default TestExecutionListener class names from location [META-INF/spring.factories]: [org.springframework.boot.test.mock.mockito.MockitoTestExecutionListener, org.springframework.boot.test.mock.mockito.ResetMocksTestExecutionListener, org.springframework.boot.test.autoconfigure.restdocs.RestDocsTestExecutionListener, org.springframework.boot.test.autoconfigure.web.client.MockRestServiceServerResetTestExecutionListener, org.springframework.boot.test.autoconfigure.web.servlet.MockMvcPrintOnlyOnFailureTestExecutionListener, org.springframework.boot.test.autoconfigure.web.servlet.WebDriverTestExecutionListener, org.springframework.test.context.web.ServletTestExecutionListener, org.springframework.test.context.support.DirtiesContextBeforeModesTestExecutionListener, org.springframework.test.context.support.DependencyInjectionTestExecutionListener, org.springframework.test.context.support.DirtiesContextTestExecutionListener, org.springframework.test.context.transaction.TransactionalTestExecutionListener, org.springframework.test.context.jdbc.SqlScriptsTestExecutionListener]
2018-10-12 15:32:08.161 [main] INFO  o.s.b.t.context.SpringBootTestContextBootstrapper - Using TestExecutionListeners: [org.springframework.test.context.web.ServletTestExecutionListener@7c6908d7, org.springframework.test.context.support.DirtiesContextBeforeModesTestExecutionListener@3c9754d8, org.springframework.boot.test.mock.mockito.MockitoTestExecutionListener@3bf7ca37, org.springframework.boot.test.autoconfigure.SpringBootDependencyInjectionTestExecutionListener@79079097, org.springframework.test.context.support.DirtiesContextTestExecutionListener@4d1c00d0, org.springframework.test.context.transaction.TransactionalTestExecutionListener@4b2bac3f, org.springframework.test.context.jdbc.SqlScriptsTestExecutionListener@4e08711f, org.springframework.boot.test.mock.mockito.ResetMocksTestExecutionListener@bcec361, org.springframework.boot.test.autoconfigure.restdocs.RestDocsTestExecutionListener@26794848, org.springframework.boot.test.autoconfigure.web.client.MockRestServiceServerResetTestExecutionListener@302552ec, org.springframework.boot.test.autoconfigure.web.servlet.MockMvcPrintOnlyOnFailureTestExecutionListener@3d285d7e, org.springframework.boot.test.autoconfigure.web.servlet.WebDriverTestExecutionListener@40005471]
2018-10-12 15:32:08.817 [main] INFO  com.billyang.TestSender - Starting TestSender on hs1 with PID 5216 (started by yangcan14944 in E:\mywork\myjavaspace\code\springcloud\29-rabbitmq-direct-provider)
2018-10-12 15:32:08.819 [main] INFO  com.billyang.TestSender - No active profile set, falling back to default profiles: default
2018-10-12 15:32:08.883 [main] INFO  o.s.w.context.support.GenericWebApplicationContext - Refreshing org.springframework.web.context.support.GenericWebApplicationContext@5a45133e: startup date [Fri Oct 12 15:32:08 GMT+08:00 2018]; root of context hierarchy
2018-10-12 15:32:11.570 [main] INFO  o.s.c.s.PostProcessorRegistrationDelegate$BeanPostProcessorChecker - Bean 'org.springframework.amqp.rabbit.annotation.RabbitBootstrapConfiguration' of type [org.springframework.amqp.rabbit.annotation.RabbitBootstrapConfiguration$$EnhancerBySpringCGLIB$$b59a95c7] is not eligible for getting processed by all BeanPostProcessors (for example: not eligible for auto-proxying)
2018-10-12 15:32:12.823 [main] INFO  o.s.web.servlet.handler.SimpleUrlHandlerMapping - Mapped URL path [/**/favicon.ico] onto handler of type [class org.springframework.web.servlet.resource.ResourceHttpRequestHandler]
2018-10-12 15:32:13.172 [main] INFO  o.s.w.s.m.m.a.RequestMappingHandlerAdapter - Looking for @ControllerAdvice: org.springframework.web.context.support.GenericWebApplicationContext@5a45133e: startup date [Fri Oct 12 15:32:08 GMT+08:00 2018]; root of context hierarchy
2018-10-12 15:32:13.352 [main] INFO  o.s.w.s.m.m.a.RequestMappingHandlerMapping - Mapped "{[/error]}" onto public org.springframework.http.ResponseEntity<java.util.Map<java.lang.String, java.lang.Object>> org.springframework.boot.autoconfigure.web.servlet.error.BasicErrorController.error(javax.servlet.http.HttpServletRequest)
2018-10-12 15:32:13.354 [main] INFO  o.s.w.s.m.m.a.RequestMappingHandlerMapping - Mapped "{[/error],produces=[text/html]}" onto public org.springframework.web.servlet.ModelAndView org.springframework.boot.autoconfigure.web.servlet.error.BasicErrorController.errorHtml(javax.servlet.http.HttpServletRequest,javax.servlet.http.HttpServletResponse)
2018-10-12 15:32:13.425 [main] INFO  o.s.web.servlet.handler.SimpleUrlHandlerMapping - Mapped URL path [/webjars/**] onto handler of type [class org.springframework.web.servlet.resource.ResourceHttpRequestHandler]
2018-10-12 15:32:13.426 [main] INFO  o.s.web.servlet.handler.SimpleUrlHandlerMapping - Mapped URL path [/**] onto handler of type [class org.springframework.web.servlet.resource.ResourceHttpRequestHandler]
2018-10-12 15:32:13.960 [main] INFO  o.s.context.support.DefaultLifecycleProcessor - Starting beans in phase 2147483647
2018-10-12 15:32:13.978 [main] INFO  com.billyang.TestSender - Started TestSender in 5.706 seconds (JVM running for 7.236)
2018-10-12 15:32:16.284 [main] INFO  o.s.a.rabbit.connection.CachingConnectionFactory - Attempting to connect to: [localhost:5672]
2018-10-12 15:32:16.443 [main] INFO  o.s.a.rabbit.connection.CachingConnectionFactory - Created new connection: rabbitConnectionFactory#1bdaa23d:0/SimpleConnection@7186333e [delegate=amqp://root@127.0.0.1:5672/, localPort= 55404]
2018-10-12 15:35:47.838 [main] INFO  o.s.b.t.context.SpringBootTestContextBootstrapper - Neither @ContextConfiguration nor @ContextHierarchy found for test class [com.billyang.TestSender], using SpringBootContextLoader
2018-10-12 15:35:47.852 [main] INFO  o.s.test.context.support.AbstractContextLoader - Could not detect default resource locations for test class [com.billyang.TestSender]: no resource found for suffixes {-context.xml, Context.groovy}.
2018-10-12 15:35:48.166 [main] INFO  o.s.b.t.context.SpringBootTestContextBootstrapper - Loaded default TestExecutionListener class names from location [META-INF/spring.factories]: [org.springframework.boot.test.mock.mockito.MockitoTestExecutionListener, org.springframework.boot.test.mock.mockito.ResetMocksTestExecutionListener, org.springframework.boot.test.autoconfigure.restdocs.RestDocsTestExecutionListener, org.springframework.boot.test.autoconfigure.web.client.MockRestServiceServerResetTestExecutionListener, org.springframework.boot.test.autoconfigure.web.servlet.MockMvcPrintOnlyOnFailureTestExecutionListener, org.springframework.boot.test.autoconfigure.web.servlet.WebDriverTestExecutionListener, org.springframework.test.context.web.ServletTestExecutionListener, org.springframework.test.context.support.DirtiesContextBeforeModesTestExecutionListener, org.springframework.test.context.support.DependencyInjectionTestExecutionListener, org.springframework.test.context.support.DirtiesContextTestExecutionListener, org.springframework.test.context.transaction.TransactionalTestExecutionListener, org.springframework.test.context.jdbc.SqlScriptsTestExecutionListener]
2018-10-12 15:35:48.189 [main] INFO  o.s.b.t.context.SpringBootTestContextBootstrapper - Using TestExecutionListeners: [org.springframework.test.context.web.ServletTestExecutionListener@7c6908d7, org.springframework.test.context.support.DirtiesContextBeforeModesTestExecutionListener@3c9754d8, org.springframework.boot.test.mock.mockito.MockitoTestExecutionListener@3bf7ca37, org.springframework.boot.test.autoconfigure.SpringBootDependencyInjectionTestExecutionListener@79079097, org.springframework.test.context.support.DirtiesContextTestExecutionListener@4d1c00d0, org.springframework.test.context.transaction.TransactionalTestExecutionListener@4b2bac3f, org.springframework.test.context.jdbc.SqlScriptsTestExecutionListener@4e08711f, org.springframework.boot.test.mock.mockito.ResetMocksTestExecutionListener@bcec361, org.springframework.boot.test.autoconfigure.restdocs.RestDocsTestExecutionListener@26794848, org.springframework.boot.test.autoconfigure.web.client.MockRestServiceServerResetTestExecutionListener@302552ec, org.springframework.boot.test.autoconfigure.web.servlet.MockMvcPrintOnlyOnFailureTestExecutionListener@3d285d7e, org.springframework.boot.test.autoconfigure.web.servlet.WebDriverTestExecutionListener@40005471]
2018-10-12 15:35:48.751 [main] INFO  com.billyang.TestSender - Starting TestSender on hs1 with PID 7996 (started by yangcan14944 in E:\mywork\myjavaspace\code\springcloud\29-rabbitmq-direct-provider)
2018-10-12 15:35:48.752 [main] INFO  com.billyang.TestSender - No active profile set, falling back to default profiles: default
2018-10-12 15:35:48.818 [main] INFO  o.s.w.context.support.GenericWebApplicationContext - Refreshing org.springframework.web.context.support.GenericWebApplicationContext@5a45133e: startup date [Fri Oct 12 15:35:48 GMT+08:00 2018]; root of context hierarchy
2018-10-12 15:35:51.102 [main] INFO  o.s.c.s.PostProcessorRegistrationDelegate$BeanPostProcessorChecker - Bean 'org.springframework.amqp.rabbit.annotation.RabbitBootstrapConfiguration' of type [org.springframework.amqp.rabbit.annotation.RabbitBootstrapConfiguration$$EnhancerBySpringCGLIB$$7fa52f80] is not eligible for getting processed by all BeanPostProcessors (for example: not eligible for auto-proxying)
2018-10-12 15:35:52.493 [main] INFO  o.s.web.servlet.handler.SimpleUrlHandlerMapping - Mapped URL path [/**/favicon.ico] onto handler of type [class org.springframework.web.servlet.resource.ResourceHttpRequestHandler]
2018-10-12 15:35:52.845 [main] INFO  o.s.w.s.m.m.a.RequestMappingHandlerAdapter - Looking for @ControllerAdvice: org.springframework.web.context.support.GenericWebApplicationContext@5a45133e: startup date [Fri Oct 12 15:35:48 GMT+08:00 2018]; root of context hierarchy
2018-10-12 15:35:53.014 [main] INFO  o.s.w.s.m.m.a.RequestMappingHandlerMapping - Mapped "{[/error]}" onto public org.springframework.http.ResponseEntity<java.util.Map<java.lang.String, java.lang.Object>> org.springframework.boot.autoconfigure.web.servlet.error.BasicErrorController.error(javax.servlet.http.HttpServletRequest)
2018-10-12 15:35:53.019 [main] INFO  o.s.w.s.m.m.a.RequestMappingHandlerMapping - Mapped "{[/error],produces=[text/html]}" onto public org.springframework.web.servlet.ModelAndView org.springframework.boot.autoconfigure.web.servlet.error.BasicErrorController.errorHtml(javax.servlet.http.HttpServletRequest,javax.servlet.http.HttpServletResponse)
2018-10-12 15:35:53.093 [main] INFO  o.s.web.servlet.handler.SimpleUrlHandlerMapping - Mapped URL path [/webjars/**] onto handler of type [class org.springframework.web.servlet.resource.ResourceHttpRequestHandler]
2018-10-12 15:35:53.094 [main] INFO  o.s.web.servlet.handler.SimpleUrlHandlerMapping - Mapped URL path [/**] onto handler of type [class org.springframework.web.servlet.resource.ResourceHttpRequestHandler]
2018-10-12 15:35:53.708 [main] INFO  o.s.context.support.DefaultLifecycleProcessor - Starting beans in phase 2147483647
2018-10-12 15:35:53.722 [main] INFO  com.billyang.TestSender - Started TestSender in 5.449 seconds (JVM running for 7.052)
2018-10-12 15:35:56.174 [main] INFO  o.s.a.rabbit.connection.CachingConnectionFactory - Attempting to connect to: [localhost:5672]
2018-10-12 15:35:56.343 [main] INFO  o.s.a.rabbit.connection.CachingConnectionFactory - Created new connection: rabbitConnectionFactory#5af5def9:0/SimpleConnection@6eaa21d8 [delegate=amqp://root@127.0.0.1:5672/, localPort= 55453]
