2018-10-16 11:16:51.031 [main] INFO  com.billyang.App29 - Starting App29 on hs1 with PID 16080 (E:\mywork\myjavaspace\code\springcloud\29-rabbitmq-fanout-consumer\target\classes started by yangcan14944 in E:\mywork\myjavaspace\code\springcloud\29-rabbitmq-fanout-consumer)
2018-10-16 11:16:51.038 [main] INFO  com.billyang.App29 - No active profile set, falling back to default profiles: default
2018-10-16 11:16:51.168 [main] INFO  o.s.b.w.s.c.AnnotationConfigServletWebServerApplicationContext - Refreshing org.springframework.boot.web.servlet.context.AnnotationConfigServletWebServerApplicationContext@49c386c8: startup date [Tue Oct 16 11:16:51 GMT+08:00 2018]; root of context hierarchy
2018-10-16 11:16:52.998 [main] INFO  o.s.c.s.PostProcessorRegistrationDelegate$BeanPostProcessorChecker - Bean 'org.springframework.amqp.rabbit.annotation.RabbitBootstrapConfiguration' of type [org.springframework.amqp.rabbit.annotation.RabbitBootstrapConfiguration$$EnhancerBySpringCGLIB$$1d1104c6] is not eligible for getting processed by all BeanPostProcessors (for example: not eligible for auto-proxying)
2018-10-16 11:16:54.650 [main] INFO  o.s.boot.web.embedded.tomcat.TomcatWebServer - Tomcat initialized with port(s): 8080 (http)
2018-10-16 11:16:54.679 [main] INFO  org.apache.coyote.http11.Http11NioProtocol - Initializing ProtocolHandler ["http-nio-8080"]
2018-10-16 11:16:54.702 [main] INFO  org.apache.catalina.core.StandardService - Starting service [Tomcat]
2018-10-16 11:16:54.703 [main] INFO  org.apache.catalina.core.StandardEngine - Starting Servlet Engine: Apache Tomcat/8.5.32
2018-10-16 11:16:54.722 [localhost-startStop-1] INFO  org.apache.catalina.core.AprLifecycleListener - The APR based Apache Tomcat Native library which allows optimal performance in production environments was not found on the java.library.path: [F:\jdk1.8\bin;C:\WINDOWS\Sun\Java\bin;C:\WINDOWS\system32;C:\WINDOWS;C:\Program Files (x86)\Common Files\NetSarang;C:\Program Files (x86)\IBM\WebSphere MQ\java\lib;C:\Program Files (x86)\IBM\WebSphere MQ\java\lib64;D:\database\oracle\product\11.2.0\dbhome_1\bin;C:\WINDOWS\system32;C:\WINDOWS;C:\WINDOWS\System32\Wbem;C:\WINDOWS\System32\WindowsPowerShell\v1.0\;F:\jdk1.8\bin;F:\jdk1.8\jre\bin;F:\eclipse\dropins\apache-ant-1.8.1\bin;D:\Program Files (x86)\Android\android-sdk\tools;D:\Program Files (x86)\maven\apache-maven-3.0.3\bin;D:\Program Files (x86)\Android\adt-bundle-windows-x86_64-20130917\sdk\platform-tools;D:\Program Files (x86)\Android\adt-bundle-windows-x86_64-20130917\sdk\tools;C:\Program Files (x86)\IBM\WebSphere MQ\bin64;C:\Program Files (x86)\IBM\WebSphere MQ\bin;C:\Program Files (x86)\IBM\WebSphere MQ\tools\c\samples\bin;D:\Program Files (x86)\cygwin;F:\恒生\开发工具\web服务监控\soapui-4.5.2\bin;D:\PROGRA;2\IBM\SQLLIB\BIN;D:\PROGRA~2\IBM\SQLLIB\FUNCTION;D:\PROGRA~2\IBM\SQLLIB\SAMPLES\REPL;C:\Program Files\TortoiseSVN\bin;D:\Program Files (x86)\cxf\apache-cxf-2.6.16\bin;D:\mongo\mongodb-win32-x86_64-3.0.6\bin;D:\mongo\客户端;D:;redis;D:\Program Files\RabbitMQ Server\rabbitmq_server-3.6.2\sbin;D:\zookeeper\zookeeper-3.4.8;D:\thrift;D:\Program Files\Git\cmd;D:\Program Files\nodejs\;D:\Program Files\MySQL\mysql-5.7.22-winx64\bin;C:\WINDOWS\System32\OpenSSH\;C:\Users\Administrator.WINDOWS-2BBUIOA\AppData\Local\Microsoft\WindowsApps;C:\Users\Administrator.WINDOWS-2BBUIOA\AppData\Roaming\npm;D:\Program Files\MySQL\MySQL Server 5.5\bin;C:\ProgramData\yangcan14944\GitHubDesktop\bin;F:\eclipse\dropins\apache-ant-1.8.1\bin;%USERPROFILE%\AppData\Local\Microsoft\WindowsApps;;.]
2018-10-16 11:16:55.039 [localhost-startStop-1] INFO  o.a.c.core.ContainerBase.[Tomcat].[localhost].[/] - Initializing Spring embedded WebApplicationContext
2018-10-16 11:16:55.040 [localhost-startStop-1] INFO  org.springframework.web.context.ContextLoader - Root WebApplicationContext: initialization completed in 3873 ms
2018-10-16 11:16:55.241 [localhost-startStop-1] INFO  o.s.boot.web.servlet.ServletRegistrationBean - Servlet dispatcherServlet mapped to [/]
2018-10-16 11:16:55.251 [localhost-startStop-1] INFO  o.s.boot.web.servlet.FilterRegistrationBean - Mapping filter: 'characterEncodingFilter' to: [/*]
2018-10-16 11:16:55.252 [localhost-startStop-1] INFO  o.s.boot.web.servlet.FilterRegistrationBean - Mapping filter: 'hiddenHttpMethodFilter' to: [/*]
2018-10-16 11:16:55.252 [localhost-startStop-1] INFO  o.s.boot.web.servlet.FilterRegistrationBean - Mapping filter: 'httpPutFormContentFilter' to: [/*]
2018-10-16 11:16:55.253 [localhost-startStop-1] INFO  o.s.boot.web.servlet.FilterRegistrationBean - Mapping filter: 'requestContextFilter' to: [/*]
2018-10-16 11:16:55.534 [main] INFO  o.s.web.servlet.handler.SimpleUrlHandlerMapping - Mapped URL path [/**/favicon.ico] onto handler of type [class org.springframework.web.servlet.resource.ResourceHttpRequestHandler]
2018-10-16 11:16:55.980 [main] INFO  o.s.w.s.m.m.a.RequestMappingHandlerAdapter - Looking for @ControllerAdvice: org.springframework.boot.web.servlet.context.AnnotationConfigServletWebServerApplicationContext@49c386c8: startup date [Tue Oct 16 11:16:51 GMT+08:00 2018]; root of context hierarchy
2018-10-16 11:16:56.168 [main] INFO  o.s.w.s.m.m.a.RequestMappingHandlerMapping - Mapped "{[/error]}" onto public org.springframework.http.ResponseEntity<java.util.Map<java.lang.String, java.lang.Object>> org.springframework.boot.autoconfigure.web.servlet.error.BasicErrorController.error(javax.servlet.http.HttpServletRequest)
2018-10-16 11:16:56.171 [main] INFO  o.s.w.s.m.m.a.RequestMappingHandlerMapping - Mapped "{[/error],produces=[text/html]}" onto public org.springframework.web.servlet.ModelAndView org.springframework.boot.autoconfigure.web.servlet.error.BasicErrorController.errorHtml(javax.servlet.http.HttpServletRequest,javax.servlet.http.HttpServletResponse)
2018-10-16 11:16:56.228 [main] INFO  o.s.web.servlet.handler.SimpleUrlHandlerMapping - Mapped URL path [/webjars/**] onto handler of type [class org.springframework.web.servlet.resource.ResourceHttpRequestHandler]
2018-10-16 11:16:56.229 [main] INFO  o.s.web.servlet.handler.SimpleUrlHandlerMapping - Mapped URL path [/**] onto handler of type [class org.springframework.web.servlet.resource.ResourceHttpRequestHandler]
2018-10-16 11:16:57.171 [main] INFO  o.s.jmx.export.annotation.AnnotationMBeanExporter - Registering beans for JMX exposure on startup
2018-10-16 11:16:57.185 [main] INFO  o.s.jmx.export.annotation.AnnotationMBeanExporter - Bean with name 'rabbitConnectionFactory' has been autodetected for JMX exposure
2018-10-16 11:16:57.193 [main] INFO  o.s.jmx.export.annotation.AnnotationMBeanExporter - Located managed bean 'rabbitConnectionFactory': registering with JMX server as MBean [org.springframework.amqp.rabbit.connection:name=rabbitConnectionFactory,type=CachingConnectionFactory]
2018-10-16 11:16:57.273 [main] INFO  o.s.context.support.DefaultLifecycleProcessor - Starting beans in phase 2147483647
2018-10-16 11:16:57.290 [SimpleAsyncTaskExecutor-1] INFO  o.s.a.rabbit.connection.CachingConnectionFactory - Attempting to connect to: [localhost:5672]
2018-10-16 11:16:57.496 [SimpleAsyncTaskExecutor-1] INFO  o.s.a.rabbit.connection.CachingConnectionFactory - Created new connection: rabbitConnectionFactory#433e536f:0/SimpleConnection@541960b [delegate=amqp://root@127.0.0.1:5672/, localPort= 57468]
2018-10-16 11:16:57.777 [main] INFO  org.apache.coyote.http11.Http11NioProtocol - Starting ProtocolHandler ["http-nio-8080"]
2018-10-16 11:16:57.798 [main] INFO  org.apache.tomcat.util.net.NioSelectorPool - Using a shared selector for servlet write/read
2018-10-16 11:16:57.826 [main] INFO  o.s.boot.web.embedded.tomcat.TomcatWebServer - Tomcat started on port(s): 8080 (http) with context path ''
2018-10-16 11:16:57.842 [main] INFO  com.billyang.App29 - Started App29 in 7.349 seconds (JVM running for 8.17)
2018-10-16 11:22:09.547 [main] INFO  com.billyang.App29 - Starting App29 on hs1 with PID 14496 (E:\mywork\myjavaspace\code\springcloud\29-rabbitmq-fanout-consumer\target\classes started by yangcan14944 in E:\mywork\myjavaspace\code\springcloud\29-rabbitmq-fanout-consumer)
2018-10-16 11:22:09.552 [main] INFO  com.billyang.App29 - No active profile set, falling back to default profiles: default
2018-10-16 11:22:09.685 [main] INFO  o.s.b.w.s.c.AnnotationConfigServletWebServerApplicationContext - Refreshing org.springframework.boot.web.servlet.context.AnnotationConfigServletWebServerApplicationContext@60d8c9b7: startup date [Tue Oct 16 11:22:09 GMT+08:00 2018]; root of context hierarchy
2018-10-16 11:22:11.918 [main] INFO  o.s.c.s.PostProcessorRegistrationDelegate$BeanPostProcessorChecker - Bean 'org.springframework.amqp.rabbit.annotation.RabbitBootstrapConfiguration' of type [org.springframework.amqp.rabbit.annotation.RabbitBootstrapConfiguration$$EnhancerBySpringCGLIB$$cc8b9850] is not eligible for getting processed by all BeanPostProcessors (for example: not eligible for auto-proxying)
2018-10-16 11:22:13.461 [main] INFO  o.s.boot.web.embedded.tomcat.TomcatWebServer - Tomcat initialized with port(s): 8080 (http)
2018-10-16 11:22:13.493 [main] INFO  org.apache.coyote.http11.Http11NioProtocol - Initializing ProtocolHandler ["http-nio-8080"]
2018-10-16 11:22:13.524 [main] INFO  org.apache.catalina.core.StandardService - Starting service [Tomcat]
2018-10-16 11:22:13.525 [main] INFO  org.apache.catalina.core.StandardEngine - Starting Servlet Engine: Apache Tomcat/8.5.32
2018-10-16 11:22:13.547 [localhost-startStop-1] INFO  org.apache.catalina.core.AprLifecycleListener - The APR based Apache Tomcat Native library which allows optimal performance in production environments was not found on the java.library.path: [F:\jdk1.8\bin;C:\WINDOWS\Sun\Java\bin;C:\WINDOWS\system32;C:\WINDOWS;C:\Program Files (x86)\Common Files\NetSarang;C:\Program Files (x86)\IBM\WebSphere MQ\java\lib;C:\Program Files (x86)\IBM\WebSphere MQ\java\lib64;D:\database\oracle\product\11.2.0\dbhome_1\bin;C:\WINDOWS\system32;C:\WINDOWS;C:\WINDOWS\System32\Wbem;C:\WINDOWS\System32\WindowsPowerShell\v1.0\;F:\jdk1.8\bin;F:\jdk1.8\jre\bin;F:\eclipse\dropins\apache-ant-1.8.1\bin;D:\Program Files (x86)\Android\android-sdk\tools;D:\Program Files (x86)\maven\apache-maven-3.0.3\bin;D:\Program Files (x86)\Android\adt-bundle-windows-x86_64-20130917\sdk\platform-tools;D:\Program Files (x86)\Android\adt-bundle-windows-x86_64-20130917\sdk\tools;C:\Program Files (x86)\IBM\WebSphere MQ\bin64;C:\Program Files (x86)\IBM\WebSphere MQ\bin;C:\Program Files (x86)\IBM\WebSphere MQ\tools\c\samples\bin;D:\Program Files (x86)\cygwin;F:\恒生\开发工具\web服务监控\soapui-4.5.2\bin;D:\PROGRA;2\IBM\SQLLIB\BIN;D:\PROGRA~2\IBM\SQLLIB\FUNCTION;D:\PROGRA~2\IBM\SQLLIB\SAMPLES\REPL;C:\Program Files\TortoiseSVN\bin;D:\Program Files (x86)\cxf\apache-cxf-2.6.16\bin;D:\mongo\mongodb-win32-x86_64-3.0.6\bin;D:\mongo\客户端;D:;redis;D:\Program Files\RabbitMQ Server\rabbitmq_server-3.6.2\sbin;D:\zookeeper\zookeeper-3.4.8;D:\thrift;D:\Program Files\Git\cmd;D:\Program Files\nodejs\;D:\Program Files\MySQL\mysql-5.7.22-winx64\bin;C:\WINDOWS\System32\OpenSSH\;C:\Users\Administrator.WINDOWS-2BBUIOA\AppData\Local\Microsoft\WindowsApps;C:\Users\Administrator.WINDOWS-2BBUIOA\AppData\Roaming\npm;D:\Program Files\MySQL\MySQL Server 5.5\bin;C:\ProgramData\yangcan14944\GitHubDesktop\bin;F:\eclipse\dropins\apache-ant-1.8.1\bin;%USERPROFILE%\AppData\Local\Microsoft\WindowsApps;;.]
2018-10-16 11:22:13.898 [localhost-startStop-1] INFO  o.a.c.core.ContainerBase.[Tomcat].[localhost].[/] - Initializing Spring embedded WebApplicationContext
2018-10-16 11:22:13.898 [localhost-startStop-1] INFO  org.springframework.web.context.ContextLoader - Root WebApplicationContext: initialization completed in 4213 ms
2018-10-16 11:22:14.105 [localhost-startStop-1] INFO  o.s.boot.web.servlet.ServletRegistrationBean - Servlet dispatcherServlet mapped to [/]
2018-10-16 11:22:14.113 [localhost-startStop-1] INFO  o.s.boot.web.servlet.FilterRegistrationBean - Mapping filter: 'characterEncodingFilter' to: [/*]
2018-10-16 11:22:14.114 [localhost-startStop-1] INFO  o.s.boot.web.servlet.FilterRegistrationBean - Mapping filter: 'hiddenHttpMethodFilter' to: [/*]
2018-10-16 11:22:14.114 [localhost-startStop-1] INFO  o.s.boot.web.servlet.FilterRegistrationBean - Mapping filter: 'httpPutFormContentFilter' to: [/*]
2018-10-16 11:22:14.115 [localhost-startStop-1] INFO  o.s.boot.web.servlet.FilterRegistrationBean - Mapping filter: 'requestContextFilter' to: [/*]
2018-10-16 11:22:14.444 [main] INFO  o.s.web.servlet.handler.SimpleUrlHandlerMapping - Mapped URL path [/**/favicon.ico] onto handler of type [class org.springframework.web.servlet.resource.ResourceHttpRequestHandler]
2018-10-16 11:22:14.953 [main] INFO  o.s.w.s.m.m.a.RequestMappingHandlerAdapter - Looking for @ControllerAdvice: org.springframework.boot.web.servlet.context.AnnotationConfigServletWebServerApplicationContext@60d8c9b7: startup date [Tue Oct 16 11:22:09 GMT+08:00 2018]; root of context hierarchy
2018-10-16 11:22:15.197 [main] INFO  o.s.w.s.m.m.a.RequestMappingHandlerMapping - Mapped "{[/error]}" onto public org.springframework.http.ResponseEntity<java.util.Map<java.lang.String, java.lang.Object>> org.springframework.boot.autoconfigure.web.servlet.error.BasicErrorController.error(javax.servlet.http.HttpServletRequest)
2018-10-16 11:22:15.200 [main] INFO  o.s.w.s.m.m.a.RequestMappingHandlerMapping - Mapped "{[/error],produces=[text/html]}" onto public org.springframework.web.servlet.ModelAndView org.springframework.boot.autoconfigure.web.servlet.error.BasicErrorController.errorHtml(javax.servlet.http.HttpServletRequest,javax.servlet.http.HttpServletResponse)
2018-10-16 11:22:15.276 [main] INFO  o.s.web.servlet.handler.SimpleUrlHandlerMapping - Mapped URL path [/webjars/**] onto handler of type [class org.springframework.web.servlet.resource.ResourceHttpRequestHandler]
2018-10-16 11:22:15.276 [main] INFO  o.s.web.servlet.handler.SimpleUrlHandlerMapping - Mapped URL path [/**] onto handler of type [class org.springframework.web.servlet.resource.ResourceHttpRequestHandler]
2018-10-16 11:22:16.498 [main] INFO  o.s.jmx.export.annotation.AnnotationMBeanExporter - Registering beans for JMX exposure on startup
2018-10-16 11:22:16.526 [main] INFO  o.s.jmx.export.annotation.AnnotationMBeanExporter - Bean with name 'rabbitConnectionFactory' has been autodetected for JMX exposure
2018-10-16 11:22:16.532 [main] INFO  o.s.jmx.export.annotation.AnnotationMBeanExporter - Located managed bean 'rabbitConnectionFactory': registering with JMX server as MBean [org.springframework.amqp.rabbit.connection:name=rabbitConnectionFactory,type=CachingConnectionFactory]
2018-10-16 11:22:16.647 [main] INFO  o.s.context.support.DefaultLifecycleProcessor - Starting beans in phase 2147483647
2018-10-16 11:22:16.666 [SimpleAsyncTaskExecutor-1] INFO  o.s.a.rabbit.connection.CachingConnectionFactory - Attempting to connect to: [localhost:5672]
2018-10-16 11:22:16.862 [SimpleAsyncTaskExecutor-1] INFO  o.s.a.rabbit.connection.CachingConnectionFactory - Created new connection: rabbitConnectionFactory#7a26928a:0/SimpleConnection@246da3d9 [delegate=amqp://root@127.0.0.1:5672/, localPort= 57513]
2018-10-16 11:22:17.212 [main] INFO  org.apache.coyote.http11.Http11NioProtocol - Starting ProtocolHandler ["http-nio-8080"]
2018-10-16 11:22:17.236 [main] INFO  org.apache.tomcat.util.net.NioSelectorPool - Using a shared selector for servlet write/read
2018-10-16 11:22:17.280 [main] INFO  o.s.boot.web.embedded.tomcat.TomcatWebServer - Tomcat started on port(s): 8080 (http) with context path ''
2018-10-16 11:22:17.314 [main] INFO  com.billyang.App29 - Started App29 in 8.457 seconds (JVM running for 9.648)
2018-10-16 11:25:05.792 [main] INFO  com.billyang.App29 - Starting App29 on hs1 with PID 8556 (E:\mywork\myjavaspace\code\springcloud\29-rabbitmq-fanout-consumer\target\classes started by yangcan14944 in E:\mywork\myjavaspace\code\springcloud\29-rabbitmq-fanout-consumer)
2018-10-16 11:25:05.800 [main] INFO  com.billyang.App29 - No active profile set, falling back to default profiles: default
2018-10-16 11:25:06.042 [main] INFO  o.s.b.w.s.c.AnnotationConfigServletWebServerApplicationContext - Refreshing org.springframework.boot.web.servlet.context.AnnotationConfigServletWebServerApplicationContext@3cc2931c: startup date [Tue Oct 16 11:25:06 GMT+08:00 2018]; root of context hierarchy
2018-10-16 11:25:09.008 [main] INFO  o.s.c.s.PostProcessorRegistrationDelegate$BeanPostProcessorChecker - Bean 'org.springframework.amqp.rabbit.annotation.RabbitBootstrapConfiguration' of type [org.springframework.amqp.rabbit.annotation.RabbitBootstrapConfiguration$$EnhancerBySpringCGLIB$$57100ff8] is not eligible for getting processed by all BeanPostProcessors (for example: not eligible for auto-proxying)
2018-10-16 11:25:11.197 [main] INFO  o.s.boot.web.embedded.tomcat.TomcatWebServer - Tomcat initialized with port(s): 8080 (http)
2018-10-16 11:25:11.246 [main] INFO  org.apache.coyote.http11.Http11NioProtocol - Initializing ProtocolHandler ["http-nio-8080"]
2018-10-16 11:25:11.277 [main] INFO  org.apache.catalina.core.StandardService - Starting service [Tomcat]
2018-10-16 11:25:11.278 [main] INFO  org.apache.catalina.core.StandardEngine - Starting Servlet Engine: Apache Tomcat/8.5.32
2018-10-16 11:25:11.306 [localhost-startStop-1] INFO  org.apache.catalina.core.AprLifecycleListener - The APR based Apache Tomcat Native library which allows optimal performance in production environments was not found on the java.library.path: [F:\jdk1.8\bin;C:\WINDOWS\Sun\Java\bin;C:\WINDOWS\system32;C:\WINDOWS;C:\Program Files (x86)\Common Files\NetSarang;C:\Program Files (x86)\IBM\WebSphere MQ\java\lib;C:\Program Files (x86)\IBM\WebSphere MQ\java\lib64;D:\database\oracle\product\11.2.0\dbhome_1\bin;C:\WINDOWS\system32;C:\WINDOWS;C:\WINDOWS\System32\Wbem;C:\WINDOWS\System32\WindowsPowerShell\v1.0\;F:\jdk1.8\bin;F:\jdk1.8\jre\bin;F:\eclipse\dropins\apache-ant-1.8.1\bin;D:\Program Files (x86)\Android\android-sdk\tools;D:\Program Files (x86)\maven\apache-maven-3.0.3\bin;D:\Program Files (x86)\Android\adt-bundle-windows-x86_64-20130917\sdk\platform-tools;D:\Program Files (x86)\Android\adt-bundle-windows-x86_64-20130917\sdk\tools;C:\Program Files (x86)\IBM\WebSphere MQ\bin64;C:\Program Files (x86)\IBM\WebSphere MQ\bin;C:\Program Files (x86)\IBM\WebSphere MQ\tools\c\samples\bin;D:\Program Files (x86)\cygwin;F:\恒生\开发工具\web服务监控\soapui-4.5.2\bin;D:\PROGRA;2\IBM\SQLLIB\BIN;D:\PROGRA~2\IBM\SQLLIB\FUNCTION;D:\PROGRA~2\IBM\SQLLIB\SAMPLES\REPL;C:\Program Files\TortoiseSVN\bin;D:\Program Files (x86)\cxf\apache-cxf-2.6.16\bin;D:\mongo\mongodb-win32-x86_64-3.0.6\bin;D:\mongo\客户端;D:;redis;D:\Program Files\RabbitMQ Server\rabbitmq_server-3.6.2\sbin;D:\zookeeper\zookeeper-3.4.8;D:\thrift;D:\Program Files\Git\cmd;D:\Program Files\nodejs\;D:\Program Files\MySQL\mysql-5.7.22-winx64\bin;C:\WINDOWS\System32\OpenSSH\;C:\Users\Administrator.WINDOWS-2BBUIOA\AppData\Local\Microsoft\WindowsApps;C:\Users\Administrator.WINDOWS-2BBUIOA\AppData\Roaming\npm;D:\Program Files\MySQL\MySQL Server 5.5\bin;C:\ProgramData\yangcan14944\GitHubDesktop\bin;F:\eclipse\dropins\apache-ant-1.8.1\bin;%USERPROFILE%\AppData\Local\Microsoft\WindowsApps;;.]
2018-10-16 11:25:11.737 [localhost-startStop-1] INFO  o.a.c.core.ContainerBase.[Tomcat].[localhost].[/] - Initializing Spring embedded WebApplicationContext
2018-10-16 11:25:11.738 [localhost-startStop-1] INFO  org.springframework.web.context.ContextLoader - Root WebApplicationContext: initialization completed in 5697 ms
2018-10-16 11:25:11.933 [localhost-startStop-1] INFO  o.s.boot.web.servlet.ServletRegistrationBean - Servlet dispatcherServlet mapped to [/]
2018-10-16 11:25:11.943 [localhost-startStop-1] INFO  o.s.boot.web.servlet.FilterRegistrationBean - Mapping filter: 'characterEncodingFilter' to: [/*]
2018-10-16 11:25:11.944 [localhost-startStop-1] INFO  o.s.boot.web.servlet.FilterRegistrationBean - Mapping filter: 'hiddenHttpMethodFilter' to: [/*]
2018-10-16 11:25:11.945 [localhost-startStop-1] INFO  o.s.boot.web.servlet.FilterRegistrationBean - Mapping filter: 'httpPutFormContentFilter' to: [/*]
2018-10-16 11:25:11.945 [localhost-startStop-1] INFO  o.s.boot.web.servlet.FilterRegistrationBean - Mapping filter: 'requestContextFilter' to: [/*]
2018-10-16 11:25:12.320 [main] INFO  o.s.web.servlet.handler.SimpleUrlHandlerMapping - Mapped URL path [/**/favicon.ico] onto handler of type [class org.springframework.web.servlet.resource.ResourceHttpRequestHandler]
2018-10-16 11:25:13.147 [main] INFO  o.s.w.s.m.m.a.RequestMappingHandlerAdapter - Looking for @ControllerAdvice: org.springframework.boot.web.servlet.context.AnnotationConfigServletWebServerApplicationContext@3cc2931c: startup date [Tue Oct 16 11:25:06 GMT+08:00 2018]; root of context hierarchy
2018-10-16 11:25:13.383 [main] INFO  o.s.w.s.m.m.a.RequestMappingHandlerMapping - Mapped "{[/error]}" onto public org.springframework.http.ResponseEntity<java.util.Map<java.lang.String, java.lang.Object>> org.springframework.boot.autoconfigure.web.servlet.error.BasicErrorController.error(javax.servlet.http.HttpServletRequest)
2018-10-16 11:25:13.386 [main] INFO  o.s.w.s.m.m.a.RequestMappingHandlerMapping - Mapped "{[/error],produces=[text/html]}" onto public org.springframework.web.servlet.ModelAndView org.springframework.boot.autoconfigure.web.servlet.error.BasicErrorController.errorHtml(javax.servlet.http.HttpServletRequest,javax.servlet.http.HttpServletResponse)
2018-10-16 11:25:13.503 [main] INFO  o.s.web.servlet.handler.SimpleUrlHandlerMapping - Mapped URL path [/webjars/**] onto handler of type [class org.springframework.web.servlet.resource.ResourceHttpRequestHandler]
2018-10-16 11:25:13.505 [main] INFO  o.s.web.servlet.handler.SimpleUrlHandlerMapping - Mapped URL path [/**] onto handler of type [class org.springframework.web.servlet.resource.ResourceHttpRequestHandler]
2018-10-16 11:25:14.637 [main] INFO  o.s.jmx.export.annotation.AnnotationMBeanExporter - Registering beans for JMX exposure on startup
2018-10-16 11:25:14.663 [main] INFO  o.s.jmx.export.annotation.AnnotationMBeanExporter - Bean with name 'rabbitConnectionFactory' has been autodetected for JMX exposure
2018-10-16 11:25:14.670 [main] INFO  o.s.jmx.export.annotation.AnnotationMBeanExporter - Located managed bean 'rabbitConnectionFactory': registering with JMX server as MBean [org.springframework.amqp.rabbit.connection:name=rabbitConnectionFactory,type=CachingConnectionFactory]
2018-10-16 11:25:14.828 [main] INFO  o.s.context.support.DefaultLifecycleProcessor - Starting beans in phase 2147483647
2018-10-16 11:25:14.857 [SimpleAsyncTaskExecutor-1] INFO  o.s.a.rabbit.connection.CachingConnectionFactory - Attempting to connect to: [localhost:5672]
2018-10-16 11:25:15.048 [SimpleAsyncTaskExecutor-1] INFO  o.s.a.rabbit.connection.CachingConnectionFactory - Created new connection: rabbitConnectionFactory#2f6bcf87:0/SimpleConnection@280e73b8 [delegate=amqp://root@127.0.0.1:5672/, localPort= 57535]
2018-10-16 11:25:16.547 [main] INFO  org.apache.coyote.http11.Http11NioProtocol - Starting ProtocolHandler ["http-nio-8080"]
2018-10-16 11:25:16.624 [main] INFO  org.apache.tomcat.util.net.NioSelectorPool - Using a shared selector for servlet write/read
2018-10-16 11:25:16.691 [main] INFO  o.s.boot.web.embedded.tomcat.TomcatWebServer - Tomcat started on port(s): 8080 (http) with context path ''
2018-10-16 11:25:16.709 [main] INFO  com.billyang.App29 - Started App29 in 11.66 seconds (JVM running for 13.138)
2018-10-16 11:27:41.268 [main] INFO  com.billyang.App29 - Starting App29 on hs1 with PID 18596 (E:\mywork\myjavaspace\code\springcloud\29-rabbitmq-fanout-consumer\target\classes started by yangcan14944 in E:\mywork\myjavaspace\code\springcloud\29-rabbitmq-fanout-consumer)
2018-10-16 11:27:41.273 [main] INFO  com.billyang.App29 - No active profile set, falling back to default profiles: default
2018-10-16 11:27:41.380 [main] INFO  o.s.b.w.s.c.AnnotationConfigServletWebServerApplicationContext - Refreshing org.springframework.boot.web.servlet.context.AnnotationConfigServletWebServerApplicationContext@4b14c583: startup date [Tue Oct 16 11:27:41 GMT+08:00 2018]; root of context hierarchy
2018-10-16 11:27:43.166 [main] INFO  o.s.c.s.PostProcessorRegistrationDelegate$BeanPostProcessorChecker - Bean 'org.springframework.amqp.rabbit.annotation.RabbitBootstrapConfiguration' of type [org.springframework.amqp.rabbit.annotation.RabbitBootstrapConfiguration$$EnhancerBySpringCGLIB$$186415a6] is not eligible for getting processed by all BeanPostProcessors (for example: not eligible for auto-proxying)
2018-10-16 11:27:44.081 [main] INFO  o.s.boot.web.embedded.tomcat.TomcatWebServer - Tomcat initialized with port(s): 8080 (http)
2018-10-16 11:27:44.104 [main] INFO  org.apache.coyote.http11.Http11NioProtocol - Initializing ProtocolHandler ["http-nio-8080"]
2018-10-16 11:27:44.121 [main] INFO  org.apache.catalina.core.StandardService - Starting service [Tomcat]
2018-10-16 11:27:44.122 [main] INFO  org.apache.catalina.core.StandardEngine - Starting Servlet Engine: Apache Tomcat/8.5.32
2018-10-16 11:27:44.141 [localhost-startStop-1] INFO  org.apache.catalina.core.AprLifecycleListener - The APR based Apache Tomcat Native library which allows optimal performance in production environments was not found on the java.library.path: [F:\jdk1.8\bin;C:\WINDOWS\Sun\Java\bin;C:\WINDOWS\system32;C:\WINDOWS;C:\Program Files (x86)\Common Files\NetSarang;C:\Program Files (x86)\IBM\WebSphere MQ\java\lib;C:\Program Files (x86)\IBM\WebSphere MQ\java\lib64;D:\database\oracle\product\11.2.0\dbhome_1\bin;C:\WINDOWS\system32;C:\WINDOWS;C:\WINDOWS\System32\Wbem;C:\WINDOWS\System32\WindowsPowerShell\v1.0\;F:\jdk1.8\bin;F:\jdk1.8\jre\bin;F:\eclipse\dropins\apache-ant-1.8.1\bin;D:\Program Files (x86)\Android\android-sdk\tools;D:\Program Files (x86)\maven\apache-maven-3.0.3\bin;D:\Program Files (x86)\Android\adt-bundle-windows-x86_64-20130917\sdk\platform-tools;D:\Program Files (x86)\Android\adt-bundle-windows-x86_64-20130917\sdk\tools;C:\Program Files (x86)\IBM\WebSphere MQ\bin64;C:\Program Files (x86)\IBM\WebSphere MQ\bin;C:\Program Files (x86)\IBM\WebSphere MQ\tools\c\samples\bin;D:\Program Files (x86)\cygwin;F:\恒生\开发工具\web服务监控\soapui-4.5.2\bin;D:\PROGRA;2\IBM\SQLLIB\BIN;D:\PROGRA~2\IBM\SQLLIB\FUNCTION;D:\PROGRA~2\IBM\SQLLIB\SAMPLES\REPL;C:\Program Files\TortoiseSVN\bin;D:\Program Files (x86)\cxf\apache-cxf-2.6.16\bin;D:\mongo\mongodb-win32-x86_64-3.0.6\bin;D:\mongo\客户端;D:;redis;D:\Program Files\RabbitMQ Server\rabbitmq_server-3.6.2\sbin;D:\zookeeper\zookeeper-3.4.8;D:\thrift;D:\Program Files\Git\cmd;D:\Program Files\nodejs\;D:\Program Files\MySQL\mysql-5.7.22-winx64\bin;C:\WINDOWS\System32\OpenSSH\;C:\Users\Administrator.WINDOWS-2BBUIOA\AppData\Local\Microsoft\WindowsApps;C:\Users\Administrator.WINDOWS-2BBUIOA\AppData\Roaming\npm;D:\Program Files\MySQL\MySQL Server 5.5\bin;C:\ProgramData\yangcan14944\GitHubDesktop\bin;F:\eclipse\dropins\apache-ant-1.8.1\bin;%USERPROFILE%\AppData\Local\Microsoft\WindowsApps;;.]
2018-10-16 11:27:44.322 [localhost-startStop-1] INFO  o.a.c.core.ContainerBase.[Tomcat].[localhost].[/] - Initializing Spring embedded WebApplicationContext
2018-10-16 11:27:44.323 [localhost-startStop-1] INFO  org.springframework.web.context.ContextLoader - Root WebApplicationContext: initialization completed in 2943 ms
2018-10-16 11:27:44.451 [localhost-startStop-1] INFO  o.s.boot.web.servlet.ServletRegistrationBean - Servlet dispatcherServlet mapped to [/]
2018-10-16 11:27:44.458 [localhost-startStop-1] INFO  o.s.boot.web.servlet.FilterRegistrationBean - Mapping filter: 'characterEncodingFilter' to: [/*]
2018-10-16 11:27:44.459 [localhost-startStop-1] INFO  o.s.boot.web.servlet.FilterRegistrationBean - Mapping filter: 'hiddenHttpMethodFilter' to: [/*]
2018-10-16 11:27:44.460 [localhost-startStop-1] INFO  o.s.boot.web.servlet.FilterRegistrationBean - Mapping filter: 'httpPutFormContentFilter' to: [/*]
2018-10-16 11:27:44.460 [localhost-startStop-1] INFO  o.s.boot.web.servlet.FilterRegistrationBean - Mapping filter: 'requestContextFilter' to: [/*]
2018-10-16 11:27:44.683 [main] INFO  o.s.web.servlet.handler.SimpleUrlHandlerMapping - Mapped URL path [/**/favicon.ico] onto handler of type [class org.springframework.web.servlet.resource.ResourceHttpRequestHandler]
2018-10-16 11:27:45.081 [main] INFO  o.s.w.s.m.m.a.RequestMappingHandlerAdapter - Looking for @ControllerAdvice: org.springframework.boot.web.servlet.context.AnnotationConfigServletWebServerApplicationContext@4b14c583: startup date [Tue Oct 16 11:27:41 GMT+08:00 2018]; root of context hierarchy
2018-10-16 11:27:45.287 [main] INFO  o.s.w.s.m.m.a.RequestMappingHandlerMapping - Mapped "{[/error]}" onto public org.springframework.http.ResponseEntity<java.util.Map<java.lang.String, java.lang.Object>> org.springframework.boot.autoconfigure.web.servlet.error.BasicErrorController.error(javax.servlet.http.HttpServletRequest)
2018-10-16 11:27:45.290 [main] INFO  o.s.w.s.m.m.a.RequestMappingHandlerMapping - Mapped "{[/error],produces=[text/html]}" onto public org.springframework.web.servlet.ModelAndView org.springframework.boot.autoconfigure.web.servlet.error.BasicErrorController.errorHtml(javax.servlet.http.HttpServletRequest,javax.servlet.http.HttpServletResponse)
2018-10-16 11:27:45.327 [main] INFO  o.s.web.servlet.handler.SimpleUrlHandlerMapping - Mapped URL path [/webjars/**] onto handler of type [class org.springframework.web.servlet.resource.ResourceHttpRequestHandler]
2018-10-16 11:27:45.328 [main] INFO  o.s.web.servlet.handler.SimpleUrlHandlerMapping - Mapped URL path [/**] onto handler of type [class org.springframework.web.servlet.resource.ResourceHttpRequestHandler]
2018-10-16 11:27:46.044 [main] INFO  o.s.jmx.export.annotation.AnnotationMBeanExporter - Registering beans for JMX exposure on startup
2018-10-16 11:27:46.062 [main] INFO  o.s.jmx.export.annotation.AnnotationMBeanExporter - Bean with name 'rabbitConnectionFactory' has been autodetected for JMX exposure
2018-10-16 11:27:46.067 [main] INFO  o.s.jmx.export.annotation.AnnotationMBeanExporter - Located managed bean 'rabbitConnectionFactory': registering with JMX server as MBean [org.springframework.amqp.rabbit.connection:name=rabbitConnectionFactory,type=CachingConnectionFactory]
2018-10-16 11:27:46.144 [main] INFO  o.s.context.support.DefaultLifecycleProcessor - Starting beans in phase 2147483647
2018-10-16 11:27:46.162 [SimpleAsyncTaskExecutor-1] INFO  o.s.a.rabbit.connection.CachingConnectionFactory - Attempting to connect to: [localhost:5672]
2018-10-16 11:27:46.333 [SimpleAsyncTaskExecutor-1] INFO  o.s.a.rabbit.connection.CachingConnectionFactory - Created new connection: rabbitConnectionFactory#5a5c128:0/SimpleConnection@a579dc1 [delegate=amqp://root@127.0.0.1:5672/, localPort= 57560]
2018-10-16 11:27:46.686 [main] INFO  org.apache.coyote.http11.Http11NioProtocol - Starting ProtocolHandler ["http-nio-8080"]
2018-10-16 11:27:46.717 [main] INFO  org.apache.tomcat.util.net.NioSelectorPool - Using a shared selector for servlet write/read
2018-10-16 11:27:46.761 [main] INFO  o.s.boot.web.embedded.tomcat.TomcatWebServer - Tomcat started on port(s): 8080 (http) with context path ''
2018-10-16 11:27:46.777 [main] INFO  com.billyang.App29 - Started App29 in 6.067 seconds (JVM running for 6.841)
2018-10-16 11:33:16.671 [main] INFO  com.billyang.App29 - Starting App29 on hs1 with PID 20220 (E:\mywork\myjavaspace\code\springcloud\29-rabbitmq-fanout-consumer\target\classes started by yangcan14944 in E:\mywork\myjavaspace\code\springcloud\29-rabbitmq-fanout-consumer)
2018-10-16 11:33:16.675 [main] INFO  com.billyang.App29 - No active profile set, falling back to default profiles: default
2018-10-16 11:33:16.808 [main] INFO  o.s.b.w.s.c.AnnotationConfigServletWebServerApplicationContext - Refreshing org.springframework.boot.web.servlet.context.AnnotationConfigServletWebServerApplicationContext@3cc2931c: startup date [Tue Oct 16 11:33:16 GMT+08:00 2018]; root of context hierarchy
2018-10-16 11:33:18.661 [main] INFO  o.s.c.s.PostProcessorRegistrationDelegate$BeanPostProcessorChecker - Bean 'org.springframework.amqp.rabbit.annotation.RabbitBootstrapConfiguration' of type [org.springframework.amqp.rabbit.annotation.RabbitBootstrapConfiguration$$EnhancerBySpringCGLIB$$356ba0f8] is not eligible for getting processed by all BeanPostProcessors (for example: not eligible for auto-proxying)
2018-10-16 11:33:20.011 [main] INFO  o.s.boot.web.embedded.tomcat.TomcatWebServer - Tomcat initialized with port(s): 8080 (http)
2018-10-16 11:33:20.033 [main] INFO  org.apache.coyote.http11.Http11NioProtocol - Initializing ProtocolHandler ["http-nio-8080"]
2018-10-16 11:33:20.046 [main] INFO  org.apache.catalina.core.StandardService - Starting service [Tomcat]
2018-10-16 11:33:20.047 [main] INFO  org.apache.catalina.core.StandardEngine - Starting Servlet Engine: Apache Tomcat/8.5.32
2018-10-16 11:33:20.060 [localhost-startStop-1] INFO  org.apache.catalina.core.AprLifecycleListener - The APR based Apache Tomcat Native library which allows optimal performance in production environments was not found on the java.library.path: [F:\jdk1.8\bin;C:\WINDOWS\Sun\Java\bin;C:\WINDOWS\system32;C:\WINDOWS;C:\Program Files (x86)\Common Files\NetSarang;C:\Program Files (x86)\IBM\WebSphere MQ\java\lib;C:\Program Files (x86)\IBM\WebSphere MQ\java\lib64;D:\database\oracle\product\11.2.0\dbhome_1\bin;C:\WINDOWS\system32;C:\WINDOWS;C:\WINDOWS\System32\Wbem;C:\WINDOWS\System32\WindowsPowerShell\v1.0\;F:\jdk1.8\bin;F:\jdk1.8\jre\bin;F:\eclipse\dropins\apache-ant-1.8.1\bin;D:\Program Files (x86)\Android\android-sdk\tools;D:\Program Files (x86)\maven\apache-maven-3.0.3\bin;D:\Program Files (x86)\Android\adt-bundle-windows-x86_64-20130917\sdk\platform-tools;D:\Program Files (x86)\Android\adt-bundle-windows-x86_64-20130917\sdk\tools;C:\Program Files (x86)\IBM\WebSphere MQ\bin64;C:\Program Files (x86)\IBM\WebSphere MQ\bin;C:\Program Files (x86)\IBM\WebSphere MQ\tools\c\samples\bin;D:\Program Files (x86)\cygwin;F:\恒生\开发工具\web服务监控\soapui-4.5.2\bin;D:\PROGRA;2\IBM\SQLLIB\BIN;D:\PROGRA~2\IBM\SQLLIB\FUNCTION;D:\PROGRA~2\IBM\SQLLIB\SAMPLES\REPL;C:\Program Files\TortoiseSVN\bin;D:\Program Files (x86)\cxf\apache-cxf-2.6.16\bin;D:\mongo\mongodb-win32-x86_64-3.0.6\bin;D:\mongo\客户端;D:;redis;D:\Program Files\RabbitMQ Server\rabbitmq_server-3.6.2\sbin;D:\zookeeper\zookeeper-3.4.8;D:\thrift;D:\Program Files\Git\cmd;D:\Program Files\nodejs\;D:\Program Files\MySQL\mysql-5.7.22-winx64\bin;C:\WINDOWS\System32\OpenSSH\;C:\Users\Administrator.WINDOWS-2BBUIOA\AppData\Local\Microsoft\WindowsApps;C:\Users\Administrator.WINDOWS-2BBUIOA\AppData\Roaming\npm;D:\Program Files\MySQL\MySQL Server 5.5\bin;C:\ProgramData\yangcan14944\GitHubDesktop\bin;F:\eclipse\dropins\apache-ant-1.8.1\bin;%USERPROFILE%\AppData\Local\Microsoft\WindowsApps;;.]
2018-10-16 11:33:20.294 [localhost-startStop-1] INFO  o.a.c.core.ContainerBase.[Tomcat].[localhost].[/] - Initializing Spring embedded WebApplicationContext
2018-10-16 11:33:20.294 [localhost-startStop-1] INFO  org.springframework.web.context.ContextLoader - Root WebApplicationContext: initialization completed in 3486 ms
2018-10-16 11:33:20.457 [localhost-startStop-1] INFO  o.s.boot.web.servlet.ServletRegistrationBean - Servlet dispatcherServlet mapped to [/]
2018-10-16 11:33:20.466 [localhost-startStop-1] INFO  o.s.boot.web.servlet.FilterRegistrationBean - Mapping filter: 'characterEncodingFilter' to: [/*]
2018-10-16 11:33:20.467 [localhost-startStop-1] INFO  o.s.boot.web.servlet.FilterRegistrationBean - Mapping filter: 'hiddenHttpMethodFilter' to: [/*]
2018-10-16 11:33:20.467 [localhost-startStop-1] INFO  o.s.boot.web.servlet.FilterRegistrationBean - Mapping filter: 'httpPutFormContentFilter' to: [/*]
2018-10-16 11:33:20.468 [localhost-startStop-1] INFO  o.s.boot.web.servlet.FilterRegistrationBean - Mapping filter: 'requestContextFilter' to: [/*]
2018-10-16 11:33:20.792 [main] INFO  o.s.web.servlet.handler.SimpleUrlHandlerMapping - Mapped URL path [/**/favicon.ico] onto handler of type [class org.springframework.web.servlet.resource.ResourceHttpRequestHandler]
2018-10-16 11:33:21.237 [main] INFO  o.s.w.s.m.m.a.RequestMappingHandlerAdapter - Looking for @ControllerAdvice: org.springframework.boot.web.servlet.context.AnnotationConfigServletWebServerApplicationContext@3cc2931c: startup date [Tue Oct 16 11:33:16 GMT+08:00 2018]; root of context hierarchy
2018-10-16 11:33:21.397 [main] INFO  o.s.w.s.m.m.a.RequestMappingHandlerMapping - Mapped "{[/error]}" onto public org.springframework.http.ResponseEntity<java.util.Map<java.lang.String, java.lang.Object>> org.springframework.boot.autoconfigure.web.servlet.error.BasicErrorController.error(javax.servlet.http.HttpServletRequest)
2018-10-16 11:33:21.399 [main] INFO  o.s.w.s.m.m.a.RequestMappingHandlerMapping - Mapped "{[/error],produces=[text/html]}" onto public org.springframework.web.servlet.ModelAndView org.springframework.boot.autoconfigure.web.servlet.error.BasicErrorController.errorHtml(javax.servlet.http.HttpServletRequest,javax.servlet.http.HttpServletResponse)
2018-10-16 11:33:21.446 [main] INFO  o.s.web.servlet.handler.SimpleUrlHandlerMapping - Mapped URL path [/webjars/**] onto handler of type [class org.springframework.web.servlet.resource.ResourceHttpRequestHandler]
2018-10-16 11:33:21.447 [main] INFO  o.s.web.servlet.handler.SimpleUrlHandlerMapping - Mapped URL path [/**] onto handler of type [class org.springframework.web.servlet.resource.ResourceHttpRequestHandler]
2018-10-16 11:33:22.388 [main] INFO  o.s.jmx.export.annotation.AnnotationMBeanExporter - Registering beans for JMX exposure on startup
2018-10-16 11:33:22.405 [main] INFO  o.s.jmx.export.annotation.AnnotationMBeanExporter - Bean with name 'rabbitConnectionFactory' has been autodetected for JMX exposure
2018-10-16 11:33:22.412 [main] INFO  o.s.jmx.export.annotation.AnnotationMBeanExporter - Located managed bean 'rabbitConnectionFactory': registering with JMX server as MBean [org.springframework.amqp.rabbit.connection:name=rabbitConnectionFactory,type=CachingConnectionFactory]
2018-10-16 11:33:22.505 [main] INFO  o.s.context.support.DefaultLifecycleProcessor - Starting beans in phase 2147483647
2018-10-16 11:33:22.523 [SimpleAsyncTaskExecutor-1] INFO  o.s.a.rabbit.connection.CachingConnectionFactory - Attempting to connect to: [localhost:5672]
2018-10-16 11:33:22.677 [SimpleAsyncTaskExecutor-1] INFO  o.s.a.rabbit.connection.CachingConnectionFactory - Created new connection: rabbitConnectionFactory#e93f3d5:0/SimpleConnection@1fbd9e52 [delegate=amqp://root@127.0.0.1:5672/, localPort= 57598]
2018-10-16 11:33:23.042 [main] INFO  org.apache.coyote.http11.Http11NioProtocol - Starting ProtocolHandler ["http-nio-8080"]
2018-10-16 11:33:23.086 [main] INFO  org.apache.tomcat.util.net.NioSelectorPool - Using a shared selector for servlet write/read
2018-10-16 11:33:23.138 [main] INFO  o.s.boot.web.embedded.tomcat.TomcatWebServer - Tomcat started on port(s): 8080 (http) with context path ''
2018-10-16 11:33:23.166 [main] INFO  com.billyang.App29 - Started App29 in 7.052 seconds (JVM running for 7.917)
2018-10-16 11:35:08.934 [main] INFO  com.billyang.App29 - Starting App29 on hs1 with PID 20408 (E:\mywork\myjavaspace\code\springcloud\29-rabbitmq-fanout-consumer\target\classes started by yangcan14944 in E:\mywork\myjavaspace\code\springcloud\29-rabbitmq-fanout-consumer)
2018-10-16 11:35:08.939 [main] INFO  com.billyang.App29 - No active profile set, falling back to default profiles: default
2018-10-16 11:35:09.115 [main] INFO  o.s.b.w.s.c.AnnotationConfigServletWebServerApplicationContext - Refreshing org.springframework.boot.web.servlet.context.AnnotationConfigServletWebServerApplicationContext@4b5a5ed1: startup date [Tue Oct 16 11:35:09 GMT+08:00 2018]; root of context hierarchy
2018-10-16 11:35:11.444 [main] INFO  o.s.c.s.PostProcessorRegistrationDelegate$BeanPostProcessorChecker - Bean 'org.springframework.amqp.rabbit.annotation.RabbitBootstrapConfiguration' of type [org.springframework.amqp.rabbit.annotation.RabbitBootstrapConfiguration$$EnhancerBySpringCGLIB$$356ba0f8] is not eligible for getting processed by all BeanPostProcessors (for example: not eligible for auto-proxying)
2018-10-16 11:35:12.569 [main] INFO  o.s.boot.web.embedded.tomcat.TomcatWebServer - Tomcat initialized with port(s): 8080 (http)
2018-10-16 11:35:12.594 [main] INFO  org.apache.coyote.http11.Http11NioProtocol - Initializing ProtocolHandler ["http-nio-8080"]
2018-10-16 11:35:12.612 [main] INFO  org.apache.catalina.core.StandardService - Starting service [Tomcat]
2018-10-16 11:35:12.612 [main] INFO  org.apache.catalina.core.StandardEngine - Starting Servlet Engine: Apache Tomcat/8.5.32
2018-10-16 11:35:12.628 [localhost-startStop-1] INFO  org.apache.catalina.core.AprLifecycleListener - The APR based Apache Tomcat Native library which allows optimal performance in production environments was not found on the java.library.path: [F:\jdk1.8\bin;C:\WINDOWS\Sun\Java\bin;C:\WINDOWS\system32;C:\WINDOWS;C:\Program Files (x86)\Common Files\NetSarang;C:\Program Files (x86)\IBM\WebSphere MQ\java\lib;C:\Program Files (x86)\IBM\WebSphere MQ\java\lib64;D:\database\oracle\product\11.2.0\dbhome_1\bin;C:\WINDOWS\system32;C:\WINDOWS;C:\WINDOWS\System32\Wbem;C:\WINDOWS\System32\WindowsPowerShell\v1.0\;F:\jdk1.8\bin;F:\jdk1.8\jre\bin;F:\eclipse\dropins\apache-ant-1.8.1\bin;D:\Program Files (x86)\Android\android-sdk\tools;D:\Program Files (x86)\maven\apache-maven-3.0.3\bin;D:\Program Files (x86)\Android\adt-bundle-windows-x86_64-20130917\sdk\platform-tools;D:\Program Files (x86)\Android\adt-bundle-windows-x86_64-20130917\sdk\tools;C:\Program Files (x86)\IBM\WebSphere MQ\bin64;C:\Program Files (x86)\IBM\WebSphere MQ\bin;C:\Program Files (x86)\IBM\WebSphere MQ\tools\c\samples\bin;D:\Program Files (x86)\cygwin;F:\恒生\开发工具\web服务监控\soapui-4.5.2\bin;D:\PROGRA;2\IBM\SQLLIB\BIN;D:\PROGRA~2\IBM\SQLLIB\FUNCTION;D:\PROGRA~2\IBM\SQLLIB\SAMPLES\REPL;C:\Program Files\TortoiseSVN\bin;D:\Program Files (x86)\cxf\apache-cxf-2.6.16\bin;D:\mongo\mongodb-win32-x86_64-3.0.6\bin;D:\mongo\客户端;D:;redis;D:\Program Files\RabbitMQ Server\rabbitmq_server-3.6.2\sbin;D:\zookeeper\zookeeper-3.4.8;D:\thrift;D:\Program Files\Git\cmd;D:\Program Files\nodejs\;D:\Program Files\MySQL\mysql-5.7.22-winx64\bin;C:\WINDOWS\System32\OpenSSH\;C:\Users\Administrator.WINDOWS-2BBUIOA\AppData\Local\Microsoft\WindowsApps;C:\Users\Administrator.WINDOWS-2BBUIOA\AppData\Roaming\npm;D:\Program Files\MySQL\MySQL Server 5.5\bin;C:\ProgramData\yangcan14944\GitHubDesktop\bin;F:\eclipse\dropins\apache-ant-1.8.1\bin;%USERPROFILE%\AppData\Local\Microsoft\WindowsApps;;.]
2018-10-16 11:35:12.914 [localhost-startStop-1] INFO  o.a.c.core.ContainerBase.[Tomcat].[localhost].[/] - Initializing Spring embedded WebApplicationContext
2018-10-16 11:35:12.914 [localhost-startStop-1] INFO  org.springframework.web.context.ContextLoader - Root WebApplicationContext: initialization completed in 3800 ms
2018-10-16 11:35:13.059 [localhost-startStop-1] INFO  o.s.boot.web.servlet.ServletRegistrationBean - Servlet dispatcherServlet mapped to [/]
2018-10-16 11:35:13.075 [localhost-startStop-1] INFO  o.s.boot.web.servlet.FilterRegistrationBean - Mapping filter: 'characterEncodingFilter' to: [/*]
2018-10-16 11:35:13.076 [localhost-startStop-1] INFO  o.s.boot.web.servlet.FilterRegistrationBean - Mapping filter: 'hiddenHttpMethodFilter' to: [/*]
2018-10-16 11:35:13.076 [localhost-startStop-1] INFO  o.s.boot.web.servlet.FilterRegistrationBean - Mapping filter: 'httpPutFormContentFilter' to: [/*]
2018-10-16 11:35:13.077 [localhost-startStop-1] INFO  o.s.boot.web.servlet.FilterRegistrationBean - Mapping filter: 'requestContextFilter' to: [/*]
2018-10-16 11:35:13.329 [main] INFO  o.s.web.servlet.handler.SimpleUrlHandlerMapping - Mapped URL path [/**/favicon.ico] onto handler of type [class org.springframework.web.servlet.resource.ResourceHttpRequestHandler]
2018-10-16 11:35:13.664 [main] INFO  o.s.w.s.m.m.a.RequestMappingHandlerAdapter - Looking for @ControllerAdvice: org.springframework.boot.web.servlet.context.AnnotationConfigServletWebServerApplicationContext@4b5a5ed1: startup date [Tue Oct 16 11:35:09 GMT+08:00 2018]; root of context hierarchy
2018-10-16 11:35:13.821 [main] INFO  o.s.w.s.m.m.a.RequestMappingHandlerMapping - Mapped "{[/error]}" onto public org.springframework.http.ResponseEntity<java.util.Map<java.lang.String, java.lang.Object>> org.springframework.boot.autoconfigure.web.servlet.error.BasicErrorController.error(javax.servlet.http.HttpServletRequest)
2018-10-16 11:35:13.825 [main] INFO  o.s.w.s.m.m.a.RequestMappingHandlerMapping - Mapped "{[/error],produces=[text/html]}" onto public org.springframework.web.servlet.ModelAndView org.springframework.boot.autoconfigure.web.servlet.error.BasicErrorController.errorHtml(javax.servlet.http.HttpServletRequest,javax.servlet.http.HttpServletResponse)
2018-10-16 11:35:13.920 [main] INFO  o.s.web.servlet.handler.SimpleUrlHandlerMapping - Mapped URL path [/webjars/**] onto handler of type [class org.springframework.web.servlet.resource.ResourceHttpRequestHandler]
2018-10-16 11:35:13.920 [main] INFO  o.s.web.servlet.handler.SimpleUrlHandlerMapping - Mapped URL path [/**] onto handler of type [class org.springframework.web.servlet.resource.ResourceHttpRequestHandler]
2018-10-16 11:35:14.811 [main] INFO  o.s.jmx.export.annotation.AnnotationMBeanExporter - Registering beans for JMX exposure on startup
2018-10-16 11:35:14.834 [main] INFO  o.s.jmx.export.annotation.AnnotationMBeanExporter - Bean with name 'rabbitConnectionFactory' has been autodetected for JMX exposure
2018-10-16 11:35:14.842 [main] INFO  o.s.jmx.export.annotation.AnnotationMBeanExporter - Located managed bean 'rabbitConnectionFactory': registering with JMX server as MBean [org.springframework.amqp.rabbit.connection:name=rabbitConnectionFactory,type=CachingConnectionFactory]
2018-10-16 11:35:14.945 [main] INFO  o.s.context.support.DefaultLifecycleProcessor - Starting beans in phase 2147483647
2018-10-16 11:35:14.967 [SimpleAsyncTaskExecutor-1] INFO  o.s.a.rabbit.connection.CachingConnectionFactory - Attempting to connect to: [localhost:5672]
2018-10-16 11:35:15.152 [SimpleAsyncTaskExecutor-1] INFO  o.s.a.rabbit.connection.CachingConnectionFactory - Created new connection: rabbitConnectionFactory#4cee7fa0:0/SimpleConnection@54e0c4ea [delegate=amqp://root@127.0.0.1:5672/, localPort= 57611]
2018-10-16 11:35:15.397 [main] INFO  org.apache.coyote.http11.Http11NioProtocol - Starting ProtocolHandler ["http-nio-8080"]
2018-10-16 11:35:15.434 [main] INFO  org.apache.tomcat.util.net.NioSelectorPool - Using a shared selector for servlet write/read
2018-10-16 11:35:15.464 [main] INFO  o.s.boot.web.embedded.tomcat.TomcatWebServer - Tomcat started on port(s): 8080 (http) with context path ''
2018-10-16 11:35:15.486 [main] INFO  com.billyang.App29 - Started App29 in 7.163 seconds (JVM running for 8.077)
